[0.612s] DEBUG:colcon:Command line arguments: ['/usr/bin/colcon', 'build', '--packages-select', 'cpp_pkg', '--executor', 'parallel', '--parallel-workers', '8']
[0.612s] DEBUG:colcon:Parsed command line arguments: Namespace(log_base=None, log_level=None, verb_name='build', build_base='build', install_base='install', merge_install=False, symlink_install=False, test_result_base=None, continue_on_error=False, executor='parallel', parallel_workers=8, event_handlers=None, ignore_user_meta=False, metas=['./colcon.meta'], base_paths=['.'], packages_ignore=None, packages_ignore_regex=None, paths=None, packages_up_to=None, packages_up_to_regex=None, packages_above=None, packages_above_and_dependencies=None, packages_above_depth=None, packages_select_by_dep=None, packages_skip_by_dep=None, packages_skip_up_to=None, packages_select_build_failed=False, packages_skip_build_finished=False, packages_select_test_failures=False, packages_skip_test_passed=False, packages_select=['cpp_pkg'], packages_skip=None, packages_select_regex=None, packages_skip_regex=None, packages_start=None, packages_end=None, allow_overriding=[], cmake_args=None, cmake_target=None, cmake_target_skip_unavailable=False, cmake_clean_cache=False, cmake_clean_first=False, cmake_force_configure=False, ament_cmake_args=None, catkin_cmake_args=None, catkin_skip_building_tests=False, verb_parser=<colcon_defaults.argument_parser.defaults.DefaultArgumentsDecorator object at 0xffffad3eb100>, verb_extension=<colcon_core.verb.build.BuildVerb object at 0xffffad3ea0e0>, main=<bound method BuildVerb.main of <colcon_core.verb.build.BuildVerb object at 0xffffad3ea0e0>>)
[0.855s] Level 1:colcon.colcon_core.package_discovery:discover_packages(colcon_meta) check parameters
[0.856s] Level 1:colcon.colcon_core.package_discovery:discover_packages(recursive) check parameters
[0.856s] Level 1:colcon.colcon_core.package_discovery:discover_packages(ignore) check parameters
[0.856s] Level 1:colcon.colcon_core.package_discovery:discover_packages(path) check parameters
[0.856s] Level 1:colcon.colcon_core.package_discovery:discover_packages(colcon_meta) discover
[0.857s] Level 1:colcon.colcon_core.package_discovery:discover_packages(recursive) discover
[0.857s] INFO:colcon.colcon_core.package_discovery:Crawling recursively for packages in '/home/sunrise/work/Robot-Driven'
[0.858s] Level 1:colcon.colcon_core.package_identification:_identify(.) by extensions ['ignore', 'ignore_ament_install']
[0.858s] Level 1:colcon.colcon_core.package_identification:_identify(.) by extension 'ignore'
[0.858s] Level 1:colcon.colcon_core.package_identification:_identify(.) by extension 'ignore_ament_install'
[0.859s] Level 1:colcon.colcon_core.package_identification:_identify(.) by extensions ['colcon_pkg']
[0.859s] Level 1:colcon.colcon_core.package_identification:_identify(.) by extension 'colcon_pkg'
[0.859s] Level 1:colcon.colcon_core.package_identification:_identify(.) by extensions ['colcon_meta']
[0.859s] Level 1:colcon.colcon_core.package_identification:_identify(.) by extension 'colcon_meta'
[0.860s] Level 1:colcon.colcon_core.package_identification:_identify(.) by extensions ['ros']
[0.860s] Level 1:colcon.colcon_core.package_identification:_identify(.) by extension 'ros'
[0.960s] Level 1:colcon.colcon_core.package_identification:_identify(.) by extensions ['cmake', 'python']
[0.961s] Level 1:colcon.colcon_core.package_identification:_identify(.) by extension 'cmake'
[0.962s] Level 1:colcon.colcon_core.package_identification:_identify(.) by extension 'python'
[0.962s] Level 1:colcon.colcon_core.package_identification:_identify(.) by extensions ['python_setup_py']
[0.962s] Level 1:colcon.colcon_core.package_identification:_identify(.) by extension 'python_setup_py'
[0.963s] Level 1:colcon.colcon_core.package_identification:_identify(build) by extensions ['ignore', 'ignore_ament_install']
[0.964s] Level 1:colcon.colcon_core.package_identification:_identify(build) by extension 'ignore'
[0.964s] Level 1:colcon.colcon_core.package_identification:_identify(build) ignored
[0.965s] Level 1:colcon.colcon_core.package_identification:_identify(install) by extensions ['ignore', 'ignore_ament_install']
[0.966s] Level 1:colcon.colcon_core.package_identification:_identify(install) by extension 'ignore'
[0.966s] Level 1:colcon.colcon_core.package_identification:_identify(install) ignored
[0.967s] Level 1:colcon.colcon_core.package_identification:_identify(log) by extensions ['ignore', 'ignore_ament_install']
[0.968s] Level 1:colcon.colcon_core.package_identification:_identify(log) by extension 'ignore'
[0.968s] Level 1:colcon.colcon_core.package_identification:_identify(log) ignored
[0.968s] Level 1:colcon.colcon_core.package_identification:_identify(src) by extensions ['ignore', 'ignore_ament_install']
[0.969s] Level 1:colcon.colcon_core.package_identification:_identify(src) by extension 'ignore'
[0.969s] Level 1:colcon.colcon_core.package_identification:_identify(src) by extension 'ignore_ament_install'
[0.969s] Level 1:colcon.colcon_core.package_identification:_identify(src) by extensions ['colcon_pkg']
[0.970s] Level 1:colcon.colcon_core.package_identification:_identify(src) by extension 'colcon_pkg'
[0.970s] Level 1:colcon.colcon_core.package_identification:_identify(src) by extensions ['colcon_meta']
[0.970s] Level 1:colcon.colcon_core.package_identification:_identify(src) by extension 'colcon_meta'
[0.970s] Level 1:colcon.colcon_core.package_identification:_identify(src) by extensions ['ros']
[0.970s] Level 1:colcon.colcon_core.package_identification:_identify(src) by extension 'ros'
[0.971s] Level 1:colcon.colcon_core.package_identification:_identify(src) by extensions ['cmake', 'python']
[0.971s] Level 1:colcon.colcon_core.package_identification:_identify(src) by extension 'cmake'
[0.971s] Level 1:colcon.colcon_core.package_identification:_identify(src) by extension 'python'
[0.972s] Level 1:colcon.colcon_core.package_identification:_identify(src) by extensions ['python_setup_py']
[0.972s] Level 1:colcon.colcon_core.package_identification:_identify(src) by extension 'python_setup_py'
[0.972s] Level 1:colcon.colcon_core.package_identification:_identify(src/cpp_pkg) by extensions ['ignore', 'ignore_ament_install']
[0.973s] Level 1:colcon.colcon_core.package_identification:_identify(src/cpp_pkg) by extension 'ignore'
[0.973s] Level 1:colcon.colcon_core.package_identification:_identify(src/cpp_pkg) by extension 'ignore_ament_install'
[0.974s] Level 1:colcon.colcon_core.package_identification:_identify(src/cpp_pkg) by extensions ['colcon_pkg']
[0.974s] Level 1:colcon.colcon_core.package_identification:_identify(src/cpp_pkg) by extension 'colcon_pkg'
[0.974s] Level 1:colcon.colcon_core.package_identification:_identify(src/cpp_pkg) by extensions ['colcon_meta']
[0.974s] Level 1:colcon.colcon_core.package_identification:_identify(src/cpp_pkg) by extension 'colcon_meta'
[0.975s] Level 1:colcon.colcon_core.package_identification:_identify(src/cpp_pkg) by extensions ['ros']
[0.975s] Level 1:colcon.colcon_core.package_identification:_identify(src/cpp_pkg) by extension 'ros'
[0.990s] DEBUG:colcon.colcon_core.package_identification:Package 'src/cpp_pkg' with type 'ros.ament_cmake' and name 'cpp_pkg'
[0.990s] Level 1:colcon.colcon_core.package_identification:_identify(src/robot_app_pkg) by extensions ['ignore', 'ignore_ament_install']
[0.991s] Level 1:colcon.colcon_core.package_identification:_identify(src/robot_app_pkg) by extension 'ignore'
[0.991s] Level 1:colcon.colcon_core.package_identification:_identify(src/robot_app_pkg) by extension 'ignore_ament_install'
[0.992s] Level 1:colcon.colcon_core.package_identification:_identify(src/robot_app_pkg) by extensions ['colcon_pkg']
[0.992s] Level 1:colcon.colcon_core.package_identification:_identify(src/robot_app_pkg) by extension 'colcon_pkg'
[0.992s] Level 1:colcon.colcon_core.package_identification:_identify(src/robot_app_pkg) by extensions ['colcon_meta']
[0.992s] Level 1:colcon.colcon_core.package_identification:_identify(src/robot_app_pkg) by extension 'colcon_meta'
[0.993s] Level 1:colcon.colcon_core.package_identification:_identify(src/robot_app_pkg) by extensions ['ros']
[0.993s] Level 1:colcon.colcon_core.package_identification:_identify(src/robot_app_pkg) by extension 'ros'
[0.997s] DEBUG:colcon.colcon_core.package_identification:Package 'src/robot_app_pkg' with type 'ros.ament_cmake' and name 'robot_app_pkg'
[0.998s] Level 1:colcon.colcon_core.package_discovery:discover_packages(recursive) using defaults
[0.998s] Level 1:colcon.colcon_core.package_discovery:discover_packages(ignore) discover
[0.998s] Level 1:colcon.colcon_core.package_discovery:discover_packages(ignore) using defaults
[0.998s] Level 1:colcon.colcon_core.package_discovery:discover_packages(path) discover
[0.999s] Level 1:colcon.colcon_core.package_discovery:discover_packages(path) using defaults
[1.118s] INFO:colcon.colcon_core.package_selection:Skipping not selected package 'robot_app_pkg' in 'src/robot_app_pkg'
[1.120s] Level 1:colcon.colcon_core.package_discovery:discover_packages(prefix_path) check parameters
[1.120s] Level 1:colcon.colcon_core.package_discovery:discover_packages(prefix_path) discover
[1.129s] DEBUG:colcon.colcon_installed_package_information.package_discovery:Found 57 installed packages in /opt/tros/humble
[1.137s] DEBUG:colcon.colcon_installed_package_information.package_discovery:Found 183 installed packages in /opt/ros/humble
[1.146s] Level 1:colcon.colcon_core.package_discovery:discover_packages(prefix_path) using defaults
[1.358s] Level 5:colcon.colcon_core.verb:set package 'cpp_pkg' build argument 'cmake_args' from command line to 'None'
[1.358s] Level 5:colcon.colcon_core.verb:set package 'cpp_pkg' build argument 'cmake_target' from command line to 'None'
[1.359s] Level 5:colcon.colcon_core.verb:set package 'cpp_pkg' build argument 'cmake_target_skip_unavailable' from command line to 'False'
[1.359s] Level 5:colcon.colcon_core.verb:set package 'cpp_pkg' build argument 'cmake_clean_cache' from command line to 'False'
[1.359s] Level 5:colcon.colcon_core.verb:set package 'cpp_pkg' build argument 'cmake_clean_first' from command line to 'False'
[1.359s] Level 5:colcon.colcon_core.verb:set package 'cpp_pkg' build argument 'cmake_force_configure' from command line to 'False'
[1.359s] Level 5:colcon.colcon_core.verb:set package 'cpp_pkg' build argument 'ament_cmake_args' from command line to 'None'
[1.360s] Level 5:colcon.colcon_core.verb:set package 'cpp_pkg' build argument 'catkin_cmake_args' from command line to 'None'
[1.360s] Level 5:colcon.colcon_core.verb:set package 'cpp_pkg' build argument 'catkin_skip_building_tests' from command line to 'False'
[1.360s] DEBUG:colcon.colcon_core.verb:Building package 'cpp_pkg' with the following arguments: {'ament_cmake_args': None, 'build_base': '/home/sunrise/work/Robot-Driven/build/cpp_pkg', 'catkin_cmake_args': None, 'catkin_skip_building_tests': False, 'cmake_args': None, 'cmake_clean_cache': False, 'cmake_clean_first': False, 'cmake_force_configure': False, 'cmake_target': None, 'cmake_target_skip_unavailable': False, 'install_base': '/home/sunrise/work/Robot-Driven/install/cpp_pkg', 'merge_install': False, 'path': '/home/sunrise/work/Robot-Driven/src/cpp_pkg', 'symlink_install': False, 'test_result_base': None}
[1.361s] INFO:colcon.colcon_core.executor:Executing jobs using 'parallel' executor
[1.366s] DEBUG:colcon.colcon_parallel_executor.executor.parallel:run_until_complete
[1.367s] INFO:colcon.colcon_ros.task.ament_cmake.build:Building ROS package in '/home/sunrise/work/Robot-Driven/src/cpp_pkg' with build type 'ament_cmake'
[1.368s] INFO:colcon.colcon_cmake.task.cmake.build:Building CMake package in '/home/sunrise/work/Robot-Driven/src/cpp_pkg'
[1.379s] INFO:colcon.colcon_core.plugin_system:Skipping extension 'colcon_core.shell.bat': Not used on non-Windows systems
[1.380s] INFO:colcon.colcon_core.shell:Skip shell extension 'powershell' for command environment: Not usable outside of PowerShell
[1.380s] DEBUG:colcon.colcon_core.shell:Skip shell extension 'dsv' for command environment
[1.414s] DEBUG:colcon.colcon_core.event_handler.log_command:Invoking command in '/home/sunrise/work/Robot-Driven/build/cpp_pkg': CMAKE_PREFIX_PATH=/opt/tros/humble:/opt/ros/humble /usr/bin/cmake --build /home/sunrise/work/Robot-Driven/build/cpp_pkg -- -j8 -l8
[3.566s] DEBUG:colcon.colcon_parallel_executor.executor.parallel:run_until_complete was interrupted
[3.567s] DEBUG:colcon.colcon_parallel_executor.executor.parallel:run_until_complete again
[3.587s] DEBUG:colcon.colcon_core.event_handler.log_command:Invoked command in '/home/sunrise/work/Robot-Driven/build/cpp_pkg' returned '-2': CMAKE_PREFIX_PATH=/opt/tros/humble:/opt/ros/humble /usr/bin/cmake --build /home/sunrise/work/Robot-Driven/build/cpp_pkg -- -j8 -l8
[3.589s] Level 1:colcon.colcon_core.environment:create_environment_scripts_only(cpp_pkg)
[3.612s] Level 1:colcon.colcon_core.environment:checking '/home/sunrise/work/Robot-Driven/install/cpp_pkg' for CMake module files
[3.615s] Level 1:colcon.colcon_core.environment:checking '/home/sunrise/work/Robot-Driven/install/cpp_pkg' for CMake config files
[3.617s] Level 1:colcon.colcon_core.shell:create_environment_hook('cpp_pkg', 'cmake_prefix_path')
[3.618s] INFO:colcon.colcon_core.shell:Creating environment hook '/home/sunrise/work/Robot-Driven/install/cpp_pkg/share/cpp_pkg/hook/cmake_prefix_path.ps1'
[3.622s] INFO:colcon.colcon_core.shell:Creating environment descriptor '/home/sunrise/work/Robot-Driven/install/cpp_pkg/share/cpp_pkg/hook/cmake_prefix_path.dsv'
[3.625s] INFO:colcon.colcon_core.shell:Creating environment hook '/home/sunrise/work/Robot-Driven/install/cpp_pkg/share/cpp_pkg/hook/cmake_prefix_path.sh'
[3.631s] Level 1:colcon.colcon_core.environment:checking '/home/sunrise/work/Robot-Driven/install/cpp_pkg/lib'
[3.633s] Level 1:colcon.colcon_core.environment:checking '/home/sunrise/work/Robot-Driven/install/cpp_pkg/bin'
[3.633s] Level 1:colcon.colcon_core.environment:checking '/home/sunrise/work/Robot-Driven/install/cpp_pkg/lib/pkgconfig/cpp_pkg.pc'
[3.635s] Level 1:colcon.colcon_core.environment:checking '/home/sunrise/work/Robot-Driven/install/cpp_pkg/lib/python3.10/site-packages'
[3.638s] Level 1:colcon.colcon_core.environment:checking '/home/sunrise/work/Robot-Driven/install/cpp_pkg/bin'
[3.640s] INFO:colcon.colcon_core.shell:Creating package script '/home/sunrise/work/Robot-Driven/install/cpp_pkg/share/cpp_pkg/package.ps1'
[3.645s] INFO:colcon.colcon_core.shell:Creating package descriptor '/home/sunrise/work/Robot-Driven/install/cpp_pkg/share/cpp_pkg/package.dsv'
[3.651s] INFO:colcon.colcon_core.shell:Creating package script '/home/sunrise/work/Robot-Driven/install/cpp_pkg/share/cpp_pkg/package.sh'
[3.657s] INFO:colcon.colcon_core.shell:Creating package script '/home/sunrise/work/Robot-Driven/install/cpp_pkg/share/cpp_pkg/package.bash'
[3.663s] INFO:colcon.colcon_core.shell:Creating package script '/home/sunrise/work/Robot-Driven/install/cpp_pkg/share/cpp_pkg/package.zsh'
[3.668s] Level 1:colcon.colcon_core.environment:create_file_with_runtime_dependencies(/home/sunrise/work/Robot-Driven/install/cpp_pkg/share/colcon-core/packages/cpp_pkg)
[3.680s] DEBUG:colcon.colcon_parallel_executor.executor.parallel:run_until_complete finished
[3.681s] DEBUG:colcon.colcon_parallel_executor.executor.parallel:closing loop
[3.681s] DEBUG:colcon.colcon_parallel_executor.executor.parallel:loop closed
[3.682s] DEBUG:colcon.colcon_core.event_reactor:joining thread
[3.708s] INFO:colcon.colcon_core.plugin_system:Skipping extension 'colcon_notification.desktop_notification.notify_send': Could not find 'notify-send'
[3.709s] INFO:colcon.colcon_core.plugin_system:Skipping extension 'colcon_notification.desktop_notification.terminal_notifier': Not used on non-Darwin systems
[3.709s] INFO:colcon.colcon_core.plugin_system:Skipping extension 'colcon_notification.desktop_notification.win32': Not used on non-Windows systems
[3.710s] INFO:colcon.colcon_notification.desktop_notification:Sending desktop notification using 'notify2'
[3.736s] DEBUG:colcon.colcon_core.event_reactor:joined thread
[3.738s] INFO:colcon.colcon_core.shell:Creating prefix script '/home/sunrise/work/Robot-Driven/install/local_setup.ps1'
[3.745s] INFO:colcon.colcon_core.shell:Creating prefix util module '/home/sunrise/work/Robot-Driven/install/_local_setup_util_ps1.py'
[3.756s] INFO:colcon.colcon_core.shell:Creating prefix chain script '/home/sunrise/work/Robot-Driven/install/setup.ps1'
[3.761s] INFO:colcon.colcon_core.shell:Creating prefix script '/home/sunrise/work/Robot-Driven/install/local_setup.sh'
[3.765s] INFO:colcon.colcon_core.shell:Creating prefix util module '/home/sunrise/work/Robot-Driven/install/_local_setup_util_sh.py'
[3.769s] INFO:colcon.colcon_core.shell:Creating prefix chain script '/home/sunrise/work/Robot-Driven/install/setup.sh'
[3.777s] INFO:colcon.colcon_core.shell:Creating prefix script '/home/sunrise/work/Robot-Driven/install/local_setup.bash'
[3.780s] INFO:colcon.colcon_core.shell:Creating prefix chain script '/home/sunrise/work/Robot-Driven/install/setup.bash'
[3.788s] INFO:colcon.colcon_core.shell:Creating prefix script '/home/sunrise/work/Robot-Driven/install/local_setup.zsh'
[3.791s] INFO:colcon.colcon_core.shell:Creating prefix chain script '/home/sunrise/work/Robot-Driven/install/setup.zsh'
