[0.000000] (-) TimerEvent: {}
[0.001205] (-) JobUnselected: {'identifier': 'robot_app_pkg'}
[0.002253] (cpp_pkg) JobQueued: {'identifier': 'cpp_pkg', 'dependencies': OrderedDict()}
[0.003040] (cpp_pkg) JobStarted: {'identifier': 'cpp_pkg'}
[0.051507] (cpp_pkg) JobProgress: {'identifier': 'cpp_pkg', 'progress': 'cmake'}
[0.055457] (cpp_pkg) JobProgress: {'identifier': 'cpp_pkg', 'progress': 'build'}
[0.059340] (cpp_pkg) Command: {'cmd': ['/usr/bin/cmake', '--build', '/home/sunrise/work/Robot-Driven/build/cpp_pkg', '--', '-j8', '-l8'], 'cwd': '/home/sunrise/work/Robot-Driven/build/cpp_pkg', 'env': OrderedDict([('MAIL', '/var/mail/sunrise'), ('LANGUAGE', 'en_US.UTF-8'), ('USER', 'sunrise'), ('XDG_SESSION_TYPE', 'tty'), ('SHLVL', '2'), ('LD_LIBRARY_PATH', '/opt/tros/humble/lib/aarch64-linux-gnu:/opt/tros/humble/lib:/opt/ros/humble/lib/aarch64-linux-gnu:/opt/ros/humble/lib:/usr/hobot/lib:/app/lib:/app/pub/lib:/middleware/lib:/middleware/pub/lib:/usr/hobot/lib/sensor:/system/lib:/system/usr/lib:/lib:'), ('MOTD_SHOWN', 'pam'), ('HOME', '/home/sunrise'), ('OLDPWD', '/home/sunrise/work'), ('HUSHLOGIN', 'FALSE'), ('ROS_PYTHON_VERSION', '3'), ('SYSTEMD_EXEC_PID', '953'), ('DBUS_SESSION_BUS_ADDRESS', 'unix:path=/run/user/1000/bus'), ('TROS_DISTRO', 'humble'), ('ROS_DISTRO', 'humble'), ('LOGNAME', 'sunrise'), ('JOURNAL_STREAM', '8:8622'), ('_', '/usr/bin/colcon'), ('ROS_VERSION', '2'), ('XDG_SESSION_CLASS', 'user'), ('TERM', 'vt220'), ('XDG_SESSION_ID', '2'), ('ROS_LOCALHOST_ONLY', '0'), ('PATH', '/opt/tros/humble/bin:/opt/ros/humble/bin:/usr/hobot/bin/:/usr/local/sbin:/usr/local/bin:/usr/sbin:/usr/bin:/sbin:/bin:/usr/games:/usr/local/games:/snap/bin'), ('INVOCATION_ID', '43c1074811914973b582d0ace28ae562'), ('XDG_RUNTIME_DIR', '/run/user/1000'), ('LANG', 'en_US.UTF-8'), ('LS_COLORS', ''), ('AMENT_PREFIX_PATH', '/opt/tros/humble:/opt/ros/humble'), ('SHELL', '/bin/bash'), ('PWD', '/home/sunrise/work/Robot-Driven/build/cpp_pkg'), ('PYTHONPATH', '/opt/tros/humble/lib/python3.10/site-packages:/opt/tros/humble/local/lib/python3.10/dist-packages:/opt/ros/humble/lib/python3.10/site-packages:/opt/ros/humble/local/lib/python3.10/dist-packages'), ('COLCON', '1'), ('CMAKE_PREFIX_PATH', '/opt/tros/humble:/opt/ros/humble')]), 'shell': False}
[0.098928] (-) TimerEvent: {}
[0.199807] (-) TimerEvent: {}
[0.300710] (-) TimerEvent: {}
[0.401652] (-) TimerEvent: {}
[0.474240] (cpp_pkg) StdoutLine: {'line': b'\x1b[35m\x1b[1mConsolidate compiler generated dependencies of target driver_node\x1b[0m\n'}
[0.501829] (-) TimerEvent: {}
[0.602660] (-) TimerEvent: {}
[0.703490] (-) TimerEvent: {}
[0.743511] (cpp_pkg) StdoutLine: {'line': b'[100%] Built target driver_node\n'}
[0.794508] (cpp_pkg) CommandEnded: {'returncode': 0}
[0.798604] (cpp_pkg) JobProgress: {'identifier': 'cpp_pkg', 'progress': 'install'}
[0.803693] (-) TimerEvent: {}
[0.839080] (cpp_pkg) Command: {'cmd': ['/usr/bin/cmake', '--install', '/home/sunrise/work/Robot-Driven/build/cpp_pkg'], 'cwd': '/home/sunrise/work/Robot-Driven/build/cpp_pkg', 'env': OrderedDict([('MAIL', '/var/mail/sunrise'), ('LANGUAGE', 'en_US.UTF-8'), ('USER', 'sunrise'), ('XDG_SESSION_TYPE', 'tty'), ('SHLVL', '2'), ('LD_LIBRARY_PATH', '/opt/tros/humble/lib/aarch64-linux-gnu:/opt/tros/humble/lib:/opt/ros/humble/lib/aarch64-linux-gnu:/opt/ros/humble/lib:/usr/hobot/lib:/app/lib:/app/pub/lib:/middleware/lib:/middleware/pub/lib:/usr/hobot/lib/sensor:/system/lib:/system/usr/lib:/lib:'), ('MOTD_SHOWN', 'pam'), ('HOME', '/home/sunrise'), ('OLDPWD', '/home/sunrise/work'), ('HUSHLOGIN', 'FALSE'), ('ROS_PYTHON_VERSION', '3'), ('SYSTEMD_EXEC_PID', '953'), ('DBUS_SESSION_BUS_ADDRESS', 'unix:path=/run/user/1000/bus'), ('TROS_DISTRO', 'humble'), ('ROS_DISTRO', 'humble'), ('LOGNAME', 'sunrise'), ('JOURNAL_STREAM', '8:8622'), ('_', '/usr/bin/colcon'), ('ROS_VERSION', '2'), ('XDG_SESSION_CLASS', 'user'), ('TERM', 'vt220'), ('XDG_SESSION_ID', '2'), ('ROS_LOCALHOST_ONLY', '0'), ('PATH', '/opt/tros/humble/bin:/opt/ros/humble/bin:/usr/hobot/bin/:/usr/local/sbin:/usr/local/bin:/usr/sbin:/usr/bin:/sbin:/bin:/usr/games:/usr/local/games:/snap/bin'), ('INVOCATION_ID', '43c1074811914973b582d0ace28ae562'), ('XDG_RUNTIME_DIR', '/run/user/1000'), ('LANG', 'en_US.UTF-8'), ('LS_COLORS', ''), ('AMENT_PREFIX_PATH', '/opt/tros/humble:/opt/ros/humble'), ('SHELL', '/bin/bash'), ('PWD', '/home/sunrise/work/Robot-Driven/build/cpp_pkg'), ('PYTHONPATH', '/opt/tros/humble/lib/python3.10/site-packages:/opt/tros/humble/local/lib/python3.10/dist-packages:/opt/ros/humble/lib/python3.10/site-packages:/opt/ros/humble/local/lib/python3.10/dist-packages'), ('COLCON', '1'), ('CMAKE_PREFIX_PATH', '/opt/tros/humble:/opt/ros/humble')]), 'shell': False}
[0.878204] (cpp_pkg) StdoutLine: {'line': b'-- Install configuration: ""\n'}
[0.883987] (cpp_pkg) StdoutLine: {'line': b'-- Up-to-date: /home/sunrise/work/Robot-Driven/install/cpp_pkg/lib/cpp_pkg/driver_node\n'}
[0.885698] (cpp_pkg) StdoutLine: {'line': b'-- Up-to-date: /home/sunrise/work/Robot-Driven/install/cpp_pkg/share/cpp_pkg/launch\n'}
[0.886446] (cpp_pkg) StdoutLine: {'line': b'-- Up-to-date: /home/sunrise/work/Robot-Driven/install/cpp_pkg/share/cpp_pkg/launch/__pycache__\n'}
[0.887124] (cpp_pkg) StdoutLine: {'line': b'-- Up-to-date: /home/sunrise/work/Robot-Driven/install/cpp_pkg/share/cpp_pkg/launch/__pycache__/turn_on_robot.launch.cpython-310.pyc\n'}
[0.887797] (cpp_pkg) StdoutLine: {'line': b'-- Up-to-date: /home/sunrise/work/Robot-Driven/install/cpp_pkg/share/cpp_pkg/launch/turn_on_robot.launch.py\n'}
[0.888433] (cpp_pkg) StdoutLine: {'line': b'-- Up-to-date: /home/sunrise/work/Robot-Driven/install/cpp_pkg/share/ament_index/resource_index/package_run_dependencies/cpp_pkg\n'}
[0.889050] (cpp_pkg) StdoutLine: {'line': b'-- Up-to-date: /home/sunrise/work/Robot-Driven/install/cpp_pkg/share/ament_index/resource_index/parent_prefix_path/cpp_pkg\n'}
[0.889622] (cpp_pkg) StdoutLine: {'line': b'-- Up-to-date: /home/sunrise/work/Robot-Driven/install/cpp_pkg/share/cpp_pkg/environment/ament_prefix_path.sh\n'}
[0.890079] (cpp_pkg) StdoutLine: {'line': b'-- Up-to-date: /home/sunrise/work/Robot-Driven/install/cpp_pkg/share/cpp_pkg/environment/ament_prefix_path.dsv\n'}
[0.890533] (cpp_pkg) StdoutLine: {'line': b'-- Up-to-date: /home/sunrise/work/Robot-Driven/install/cpp_pkg/share/cpp_pkg/environment/path.sh\n'}
[0.891151] (cpp_pkg) StdoutLine: {'line': b'-- Up-to-date: /home/sunrise/work/Robot-Driven/install/cpp_pkg/share/cpp_pkg/environment/path.dsv\n'}
[0.891657] (cpp_pkg) StdoutLine: {'line': b'-- Up-to-date: /home/sunrise/work/Robot-Driven/install/cpp_pkg/share/cpp_pkg/local_setup.bash\n'}
[0.892115] (cpp_pkg) StdoutLine: {'line': b'-- Up-to-date: /home/sunrise/work/Robot-Driven/install/cpp_pkg/share/cpp_pkg/local_setup.sh\n'}
[0.892611] (cpp_pkg) StdoutLine: {'line': b'-- Up-to-date: /home/sunrise/work/Robot-Driven/install/cpp_pkg/share/cpp_pkg/local_setup.zsh\n'}
[0.893106] (cpp_pkg) StdoutLine: {'line': b'-- Up-to-date: /home/sunrise/work/Robot-Driven/install/cpp_pkg/share/cpp_pkg/local_setup.dsv\n'}
[0.893568] (cpp_pkg) StdoutLine: {'line': b'-- Installing: /home/sunrise/work/Robot-Driven/install/cpp_pkg/share/cpp_pkg/package.dsv\n'}
[0.894023] (cpp_pkg) StdoutLine: {'line': b'-- Up-to-date: /home/sunrise/work/Robot-Driven/install/cpp_pkg/share/ament_index/resource_index/packages/cpp_pkg\n'}
[0.894466] (cpp_pkg) StdoutLine: {'line': b'-- Up-to-date: /home/sunrise/work/Robot-Driven/install/cpp_pkg/share/cpp_pkg/cmake/cpp_pkgConfig.cmake\n'}
[0.894910] (cpp_pkg) StdoutLine: {'line': b'-- Up-to-date: /home/sunrise/work/Robot-Driven/install/cpp_pkg/share/cpp_pkg/cmake/cpp_pkgConfig-version.cmake\n'}
[0.895357] (cpp_pkg) StdoutLine: {'line': b'-- Up-to-date: /home/sunrise/work/Robot-Driven/install/cpp_pkg/share/cpp_pkg/package.xml\n'}
[0.899082] (cpp_pkg) CommandEnded: {'returncode': 0}
[0.903896] (-) TimerEvent: {}
[1.005062] (-) TimerEvent: {}
[1.031817] (cpp_pkg) JobEnded: {'identifier': 'cpp_pkg', 'rc': 0}
[1.035123] (-) EventReactorShutdown: {}
