[1.108s] DEBUG:colcon:Command line arguments: ['/usr/bin/colcon', 'build', '--packages-select', 'cpp_pkg', '--executor', 'parallel', '--parallel-workers', '8']
[1.110s] DEBUG:colcon:Parsed command line arguments: Namespace(log_base=None, log_level=None, verb_name='build', build_base='build', install_base='install', merge_install=False, symlink_install=False, test_result_base=None, continue_on_error=False, executor='parallel', parallel_workers=8, event_handlers=None, ignore_user_meta=False, metas=['./colcon.meta'], base_paths=['.'], packages_ignore=None, packages_ignore_regex=None, paths=None, packages_up_to=None, packages_up_to_regex=None, packages_above=None, packages_above_and_dependencies=None, packages_above_depth=None, packages_select_by_dep=None, packages_skip_by_dep=None, packages_skip_up_to=None, packages_select_build_failed=False, packages_skip_build_finished=False, packages_select_test_failures=False, packages_skip_test_passed=False, packages_select=['cpp_pkg'], packages_skip=None, packages_select_regex=None, packages_skip_regex=None, packages_start=None, packages_end=None, allow_overriding=[], cmake_args=None, cmake_target=None, cmake_target_skip_unavailable=False, cmake_clean_cache=False, cmake_clean_first=False, cmake_force_configure=False, ament_cmake_args=None, catkin_cmake_args=None, catkin_skip_building_tests=False, verb_parser=<colcon_defaults.argument_parser.defaults.DefaultArgumentsDecorator object at 0xffffb7ca3070>, verb_extension=<colcon_core.verb.build.BuildVerb object at 0xffffb7ca2050>, main=<bound method BuildVerb.main of <colcon_core.verb.build.BuildVerb object at 0xffffb7ca2050>>)
[1.472s] Level 1:colcon.colcon_core.package_discovery:discover_packages(colcon_meta) check parameters
[1.473s] Level 1:colcon.colcon_core.package_discovery:discover_packages(recursive) check parameters
[1.473s] Level 1:colcon.colcon_core.package_discovery:discover_packages(ignore) check parameters
[1.474s] Level 1:colcon.colcon_core.package_discovery:discover_packages(path) check parameters
[1.474s] Level 1:colcon.colcon_core.package_discovery:discover_packages(colcon_meta) discover
[1.474s] Level 1:colcon.colcon_core.package_discovery:discover_packages(recursive) discover
[1.475s] INFO:colcon.colcon_core.package_discovery:Crawling recursively for packages in '/home/sunrise/work/Robot-Driven'
[1.475s] Level 1:colcon.colcon_core.package_identification:_identify(.) by extensions ['ignore', 'ignore_ament_install']
[1.476s] Level 1:colcon.colcon_core.package_identification:_identify(.) by extension 'ignore'
[1.476s] Level 1:colcon.colcon_core.package_identification:_identify(.) by extension 'ignore_ament_install'
[1.476s] Level 1:colcon.colcon_core.package_identification:_identify(.) by extensions ['colcon_pkg']
[1.477s] Level 1:colcon.colcon_core.package_identification:_identify(.) by extension 'colcon_pkg'
[1.477s] Level 1:colcon.colcon_core.package_identification:_identify(.) by extensions ['colcon_meta']
[1.477s] Level 1:colcon.colcon_core.package_identification:_identify(.) by extension 'colcon_meta'
[1.477s] Level 1:colcon.colcon_core.package_identification:_identify(.) by extensions ['ros']
[1.478s] Level 1:colcon.colcon_core.package_identification:_identify(.) by extension 'ros'
[1.596s] Level 1:colcon.colcon_core.package_identification:_identify(.) by extensions ['cmake', 'python']
[1.597s] Level 1:colcon.colcon_core.package_identification:_identify(.) by extension 'cmake'
[1.597s] Level 1:colcon.colcon_core.package_identification:_identify(.) by extension 'python'
[1.597s] Level 1:colcon.colcon_core.package_identification:_identify(.) by extensions ['python_setup_py']
[1.598s] Level 1:colcon.colcon_core.package_identification:_identify(.) by extension 'python_setup_py'
[1.599s] Level 1:colcon.colcon_core.package_identification:_identify(build) by extensions ['ignore', 'ignore_ament_install']
[1.600s] Level 1:colcon.colcon_core.package_identification:_identify(build) by extension 'ignore'
[1.600s] Level 1:colcon.colcon_core.package_identification:_identify(build) ignored
[1.602s] Level 1:colcon.colcon_core.package_identification:_identify(install) by extensions ['ignore', 'ignore_ament_install']
[1.602s] Level 1:colcon.colcon_core.package_identification:_identify(install) by extension 'ignore'
[1.603s] Level 1:colcon.colcon_core.package_identification:_identify(install) ignored
[1.604s] Level 1:colcon.colcon_core.package_identification:_identify(log) by extensions ['ignore', 'ignore_ament_install']
[1.604s] Level 1:colcon.colcon_core.package_identification:_identify(log) by extension 'ignore'
[1.605s] Level 1:colcon.colcon_core.package_identification:_identify(log) ignored
[1.606s] Level 1:colcon.colcon_core.package_identification:_identify(src) by extensions ['ignore', 'ignore_ament_install']
[1.607s] Level 1:colcon.colcon_core.package_identification:_identify(src) by extension 'ignore'
[1.608s] Level 1:colcon.colcon_core.package_identification:_identify(src) by extension 'ignore_ament_install'
[1.608s] Level 1:colcon.colcon_core.package_identification:_identify(src) by extensions ['colcon_pkg']
[1.608s] Level 1:colcon.colcon_core.package_identification:_identify(src) by extension 'colcon_pkg'
[1.609s] Level 1:colcon.colcon_core.package_identification:_identify(src) by extensions ['colcon_meta']
[1.609s] Level 1:colcon.colcon_core.package_identification:_identify(src) by extension 'colcon_meta'
[1.609s] Level 1:colcon.colcon_core.package_identification:_identify(src) by extensions ['ros']
[1.610s] Level 1:colcon.colcon_core.package_identification:_identify(src) by extension 'ros'
[1.610s] Level 1:colcon.colcon_core.package_identification:_identify(src) by extensions ['cmake', 'python']
[1.610s] Level 1:colcon.colcon_core.package_identification:_identify(src) by extension 'cmake'
[1.611s] Level 1:colcon.colcon_core.package_identification:_identify(src) by extension 'python'
[1.611s] Level 1:colcon.colcon_core.package_identification:_identify(src) by extensions ['python_setup_py']
[1.611s] Level 1:colcon.colcon_core.package_identification:_identify(src) by extension 'python_setup_py'
[1.613s] Level 1:colcon.colcon_core.package_identification:_identify(src/cpp_pkg) by extensions ['ignore', 'ignore_ament_install']
[1.614s] Level 1:colcon.colcon_core.package_identification:_identify(src/cpp_pkg) by extension 'ignore'
[1.614s] Level 1:colcon.colcon_core.package_identification:_identify(src/cpp_pkg) by extension 'ignore_ament_install'
[1.615s] Level 1:colcon.colcon_core.package_identification:_identify(src/cpp_pkg) by extensions ['colcon_pkg']
[1.615s] Level 1:colcon.colcon_core.package_identification:_identify(src/cpp_pkg) by extension 'colcon_pkg'
[1.615s] Level 1:colcon.colcon_core.package_identification:_identify(src/cpp_pkg) by extensions ['colcon_meta']
[1.616s] Level 1:colcon.colcon_core.package_identification:_identify(src/cpp_pkg) by extension 'colcon_meta'
[1.616s] Level 1:colcon.colcon_core.package_identification:_identify(src/cpp_pkg) by extensions ['ros']
[1.616s] Level 1:colcon.colcon_core.package_identification:_identify(src/cpp_pkg) by extension 'ros'
[1.635s] DEBUG:colcon.colcon_core.package_identification:Package 'src/cpp_pkg' with type 'ros.ament_cmake' and name 'cpp_pkg'
[1.636s] Level 1:colcon.colcon_core.package_identification:_identify(src/robot_app_pkg) by extensions ['ignore', 'ignore_ament_install']
[1.637s] Level 1:colcon.colcon_core.package_identification:_identify(src/robot_app_pkg) by extension 'ignore'
[1.637s] Level 1:colcon.colcon_core.package_identification:_identify(src/robot_app_pkg) by extension 'ignore_ament_install'
[1.638s] Level 1:colcon.colcon_core.package_identification:_identify(src/robot_app_pkg) by extensions ['colcon_pkg']
[1.638s] Level 1:colcon.colcon_core.package_identification:_identify(src/robot_app_pkg) by extension 'colcon_pkg'
[1.638s] Level 1:colcon.colcon_core.package_identification:_identify(src/robot_app_pkg) by extensions ['colcon_meta']
[1.639s] Level 1:colcon.colcon_core.package_identification:_identify(src/robot_app_pkg) by extension 'colcon_meta'
[1.639s] Level 1:colcon.colcon_core.package_identification:_identify(src/robot_app_pkg) by extensions ['ros']
[1.639s] Level 1:colcon.colcon_core.package_identification:_identify(src/robot_app_pkg) by extension 'ros'
[1.645s] DEBUG:colcon.colcon_core.package_identification:Package 'src/robot_app_pkg' with type 'ros.ament_cmake' and name 'robot_app_pkg'
[1.645s] Level 1:colcon.colcon_core.package_discovery:discover_packages(recursive) using defaults
[1.646s] Level 1:colcon.colcon_core.package_discovery:discover_packages(ignore) discover
[1.646s] Level 1:colcon.colcon_core.package_discovery:discover_packages(ignore) using defaults
[1.646s] Level 1:colcon.colcon_core.package_discovery:discover_packages(path) discover
[1.646s] Level 1:colcon.colcon_core.package_discovery:discover_packages(path) using defaults
[1.813s] INFO:colcon.colcon_core.package_selection:Skipping not selected package 'robot_app_pkg' in 'src/robot_app_pkg'
[1.816s] Level 1:colcon.colcon_core.package_discovery:discover_packages(prefix_path) check parameters
[1.816s] Level 1:colcon.colcon_core.package_discovery:discover_packages(prefix_path) discover
[1.832s] DEBUG:colcon.colcon_installed_package_information.package_discovery:Found 57 installed packages in /opt/tros/humble
[1.841s] DEBUG:colcon.colcon_installed_package_information.package_discovery:Found 183 installed packages in /opt/ros/humble
[1.849s] Level 1:colcon.colcon_core.package_discovery:discover_packages(prefix_path) using defaults
[2.061s] Level 5:colcon.colcon_core.verb:set package 'cpp_pkg' build argument 'cmake_args' from command line to 'None'
[2.062s] Level 5:colcon.colcon_core.verb:set package 'cpp_pkg' build argument 'cmake_target' from command line to 'None'
[2.062s] Level 5:colcon.colcon_core.verb:set package 'cpp_pkg' build argument 'cmake_target_skip_unavailable' from command line to 'False'
[2.062s] Level 5:colcon.colcon_core.verb:set package 'cpp_pkg' build argument 'cmake_clean_cache' from command line to 'False'
[2.063s] Level 5:colcon.colcon_core.verb:set package 'cpp_pkg' build argument 'cmake_clean_first' from command line to 'False'
[2.063s] Level 5:colcon.colcon_core.verb:set package 'cpp_pkg' build argument 'cmake_force_configure' from command line to 'False'
[2.063s] Level 5:colcon.colcon_core.verb:set package 'cpp_pkg' build argument 'ament_cmake_args' from command line to 'None'
[2.063s] Level 5:colcon.colcon_core.verb:set package 'cpp_pkg' build argument 'catkin_cmake_args' from command line to 'None'
[2.063s] Level 5:colcon.colcon_core.verb:set package 'cpp_pkg' build argument 'catkin_skip_building_tests' from command line to 'False'
[2.064s] DEBUG:colcon.colcon_core.verb:Building package 'cpp_pkg' with the following arguments: {'ament_cmake_args': None, 'build_base': '/home/sunrise/work/Robot-Driven/build/cpp_pkg', 'catkin_cmake_args': None, 'catkin_skip_building_tests': False, 'cmake_args': None, 'cmake_clean_cache': False, 'cmake_clean_first': False, 'cmake_force_configure': False, 'cmake_target': None, 'cmake_target_skip_unavailable': False, 'install_base': '/home/sunrise/work/Robot-Driven/install/cpp_pkg', 'merge_install': False, 'path': '/home/sunrise/work/Robot-Driven/src/cpp_pkg', 'symlink_install': False, 'test_result_base': None}
[2.065s] INFO:colcon.colcon_core.executor:Executing jobs using 'parallel' executor
[2.070s] DEBUG:colcon.colcon_parallel_executor.executor.parallel:run_until_complete
[2.071s] INFO:colcon.colcon_ros.task.ament_cmake.build:Building ROS package in '/home/sunrise/work/Robot-Driven/src/cpp_pkg' with build type 'ament_cmake'
[2.072s] INFO:colcon.colcon_cmake.task.cmake.build:Building CMake package in '/home/sunrise/work/Robot-Driven/src/cpp_pkg'
[2.092s] INFO:colcon.colcon_core.plugin_system:Skipping extension 'colcon_core.shell.bat': Not used on non-Windows systems
[2.093s] INFO:colcon.colcon_core.shell:Skip shell extension 'powershell' for command environment: Not usable outside of PowerShell
[2.093s] DEBUG:colcon.colcon_core.shell:Skip shell extension 'dsv' for command environment
[2.132s] DEBUG:colcon.colcon_core.event_handler.log_command:Invoking command in '/home/sunrise/work/Robot-Driven/build/cpp_pkg': CMAKE_PREFIX_PATH=/opt/tros/humble:/opt/ros/humble /usr/bin/cmake --build /home/sunrise/work/Robot-Driven/build/cpp_pkg -- -j8 -l8
[2.865s] DEBUG:colcon.colcon_core.event_handler.log_command:Invoked command in '/home/sunrise/work/Robot-Driven/build/cpp_pkg' returned '0': CMAKE_PREFIX_PATH=/opt/tros/humble:/opt/ros/humble /usr/bin/cmake --build /home/sunrise/work/Robot-Driven/build/cpp_pkg -- -j8 -l8
[2.911s] DEBUG:colcon.colcon_core.event_handler.log_command:Invoking command in '/home/sunrise/work/Robot-Driven/build/cpp_pkg': CMAKE_PREFIX_PATH=/opt/tros/humble:/opt/ros/humble /usr/bin/cmake --install /home/sunrise/work/Robot-Driven/build/cpp_pkg
[2.968s] Level 1:colcon.colcon_core.environment:create_environment_scripts_only(cpp_pkg)
[2.970s] DEBUG:colcon.colcon_core.event_handler.log_command:Invoked command in '/home/sunrise/work/Robot-Driven/build/cpp_pkg' returned '0': CMAKE_PREFIX_PATH=/opt/tros/humble:/opt/ros/humble /usr/bin/cmake --install /home/sunrise/work/Robot-Driven/build/cpp_pkg
[2.995s] Level 1:colcon.colcon_core.environment:checking '/home/sunrise/work/Robot-Driven/install/cpp_pkg' for CMake module files
[3.001s] Level 1:colcon.colcon_core.environment:checking '/home/sunrise/work/Robot-Driven/install/cpp_pkg' for CMake config files
[3.004s] Level 1:colcon.colcon_core.shell:create_environment_hook('cpp_pkg', 'cmake_prefix_path')
[3.006s] INFO:colcon.colcon_core.shell:Creating environment hook '/home/sunrise/work/Robot-Driven/install/cpp_pkg/share/cpp_pkg/hook/cmake_prefix_path.ps1'
[3.010s] INFO:colcon.colcon_core.shell:Creating environment descriptor '/home/sunrise/work/Robot-Driven/install/cpp_pkg/share/cpp_pkg/hook/cmake_prefix_path.dsv'
[3.016s] INFO:colcon.colcon_core.shell:Creating environment hook '/home/sunrise/work/Robot-Driven/install/cpp_pkg/share/cpp_pkg/hook/cmake_prefix_path.sh'
[3.022s] Level 1:colcon.colcon_core.environment:checking '/home/sunrise/work/Robot-Driven/install/cpp_pkg/lib'
[3.023s] Level 1:colcon.colcon_core.environment:checking '/home/sunrise/work/Robot-Driven/install/cpp_pkg/bin'
[3.023s] Level 1:colcon.colcon_core.environment:checking '/home/sunrise/work/Robot-Driven/install/cpp_pkg/lib/pkgconfig/cpp_pkg.pc'
[3.025s] Level 1:colcon.colcon_core.environment:checking '/home/sunrise/work/Robot-Driven/install/cpp_pkg/lib/python3.10/site-packages'
[3.027s] Level 1:colcon.colcon_core.environment:checking '/home/sunrise/work/Robot-Driven/install/cpp_pkg/bin'
[3.029s] INFO:colcon.colcon_core.shell:Creating package script '/home/sunrise/work/Robot-Driven/install/cpp_pkg/share/cpp_pkg/package.ps1'
[3.035s] INFO:colcon.colcon_core.shell:Creating package descriptor '/home/sunrise/work/Robot-Driven/install/cpp_pkg/share/cpp_pkg/package.dsv'
[3.039s] INFO:colcon.colcon_core.shell:Creating package script '/home/sunrise/work/Robot-Driven/install/cpp_pkg/share/cpp_pkg/package.sh'
[3.045s] INFO:colcon.colcon_core.shell:Creating package script '/home/sunrise/work/Robot-Driven/install/cpp_pkg/share/cpp_pkg/package.bash'
[3.052s] INFO:colcon.colcon_core.shell:Creating package script '/home/sunrise/work/Robot-Driven/install/cpp_pkg/share/cpp_pkg/package.zsh'
[3.058s] Level 1:colcon.colcon_core.environment:create_file_with_runtime_dependencies(/home/sunrise/work/Robot-Driven/install/cpp_pkg/share/colcon-core/packages/cpp_pkg)
[3.061s] Level 1:colcon.colcon_core.environment:create_environment_scripts_only(cpp_pkg)
[3.063s] Level 1:colcon.colcon_core.environment:checking '/home/sunrise/work/Robot-Driven/install/cpp_pkg' for CMake module files
[3.066s] Level 1:colcon.colcon_core.environment:checking '/home/sunrise/work/Robot-Driven/install/cpp_pkg' for CMake config files
[3.067s] Level 1:colcon.colcon_core.shell:create_environment_hook('cpp_pkg', 'cmake_prefix_path')
[3.068s] INFO:colcon.colcon_core.shell:Creating environment hook '/home/sunrise/work/Robot-Driven/install/cpp_pkg/share/cpp_pkg/hook/cmake_prefix_path.ps1'
[3.071s] INFO:colcon.colcon_core.shell:Creating environment descriptor '/home/sunrise/work/Robot-Driven/install/cpp_pkg/share/cpp_pkg/hook/cmake_prefix_path.dsv'
[3.073s] INFO:colcon.colcon_core.shell:Creating environment hook '/home/sunrise/work/Robot-Driven/install/cpp_pkg/share/cpp_pkg/hook/cmake_prefix_path.sh'
[3.077s] Level 1:colcon.colcon_core.environment:checking '/home/sunrise/work/Robot-Driven/install/cpp_pkg/lib'
[3.078s] Level 1:colcon.colcon_core.environment:checking '/home/sunrise/work/Robot-Driven/install/cpp_pkg/bin'
[3.078s] Level 1:colcon.colcon_core.environment:checking '/home/sunrise/work/Robot-Driven/install/cpp_pkg/lib/pkgconfig/cpp_pkg.pc'
[3.079s] Level 1:colcon.colcon_core.environment:checking '/home/sunrise/work/Robot-Driven/install/cpp_pkg/lib/python3.10/site-packages'
[3.082s] Level 1:colcon.colcon_core.environment:checking '/home/sunrise/work/Robot-Driven/install/cpp_pkg/bin'
[3.084s] INFO:colcon.colcon_core.shell:Creating package script '/home/sunrise/work/Robot-Driven/install/cpp_pkg/share/cpp_pkg/package.ps1'
[3.087s] INFO:colcon.colcon_core.shell:Creating package descriptor '/home/sunrise/work/Robot-Driven/install/cpp_pkg/share/cpp_pkg/package.dsv'
[3.090s] INFO:colcon.colcon_core.shell:Creating package script '/home/sunrise/work/Robot-Driven/install/cpp_pkg/share/cpp_pkg/package.sh'
[3.093s] INFO:colcon.colcon_core.shell:Creating package script '/home/sunrise/work/Robot-Driven/install/cpp_pkg/share/cpp_pkg/package.bash'
[3.096s] INFO:colcon.colcon_core.shell:Creating package script '/home/sunrise/work/Robot-Driven/install/cpp_pkg/share/cpp_pkg/package.zsh'
[3.099s] Level 1:colcon.colcon_core.environment:create_file_with_runtime_dependencies(/home/sunrise/work/Robot-Driven/install/cpp_pkg/share/colcon-core/packages/cpp_pkg)
[3.100s] DEBUG:colcon.colcon_parallel_executor.executor.parallel:closing loop
[3.102s] DEBUG:colcon.colcon_parallel_executor.executor.parallel:loop closed
[3.102s] DEBUG:colcon.colcon_parallel_executor.executor.parallel:run_until_complete finished with '0'
[3.103s] DEBUG:colcon.colcon_core.event_reactor:joining thread
[3.151s] INFO:colcon.colcon_core.plugin_system:Skipping extension 'colcon_notification.desktop_notification.notify_send': Could not find 'notify-send'
[3.152s] INFO:colcon.colcon_core.plugin_system:Skipping extension 'colcon_notification.desktop_notification.terminal_notifier': Not used on non-Darwin systems
[3.153s] INFO:colcon.colcon_core.plugin_system:Skipping extension 'colcon_notification.desktop_notification.win32': Not used on non-Windows systems
[3.153s] INFO:colcon.colcon_notification.desktop_notification:Sending desktop notification using 'notify2'
[3.499s] DEBUG:colcon.colcon_core.event_reactor:joined thread
[3.501s] INFO:colcon.colcon_core.shell:Creating prefix script '/home/sunrise/work/Robot-Driven/install/local_setup.ps1'
[3.508s] INFO:colcon.colcon_core.shell:Creating prefix util module '/home/sunrise/work/Robot-Driven/install/_local_setup_util_ps1.py'
[3.521s] INFO:colcon.colcon_core.shell:Creating prefix chain script '/home/sunrise/work/Robot-Driven/install/setup.ps1'
[3.527s] INFO:colcon.colcon_core.shell:Creating prefix script '/home/sunrise/work/Robot-Driven/install/local_setup.sh'
[3.536s] INFO:colcon.colcon_core.shell:Creating prefix util module '/home/sunrise/work/Robot-Driven/install/_local_setup_util_sh.py'
[3.539s] INFO:colcon.colcon_core.shell:Creating prefix chain script '/home/sunrise/work/Robot-Driven/install/setup.sh'
[3.547s] INFO:colcon.colcon_core.shell:Creating prefix script '/home/sunrise/work/Robot-Driven/install/local_setup.bash'
[3.551s] INFO:colcon.colcon_core.shell:Creating prefix chain script '/home/sunrise/work/Robot-Driven/install/setup.bash'
[3.558s] INFO:colcon.colcon_core.shell:Creating prefix script '/home/sunrise/work/Robot-Driven/install/local_setup.zsh'
[3.562s] INFO:colcon.colcon_core.shell:Creating prefix chain script '/home/sunrise/work/Robot-Driven/install/setup.zsh'
