[0.046s] Invoking command in '/home/sunrise/work/Robot-Driven/build/cpp_pkg': CMAKE_PREFIX_PATH=/opt/tros/humble:/opt/ros/humble /usr/bin/cmake --build /home/sunrise/work/Robot-Driven/build/cpp_pkg -- -j8 -l8
[0.181s] -- Found ament_cmake: 1.3.12 (/opt/ros/humble/share/ament_cmake/cmake)
[0.965s] -- Found rclcpp: 16.0.14 (/opt/ros/humble/share/rclcpp/cmake)
[1.104s] -- Found rosidl_generator_c: 3.1.7 (/opt/ros/humble/share/rosidl_generator_c/cmake)
[1.119s] -- Found rosidl_adapter: 3.1.7 (/opt/ros/humble/share/rosidl_adapter/cmake)
[1.151s] -- Found rosidl_generator_cpp: 3.1.7 (/opt/ros/humble/share/rosidl_generator_cpp/cmake)
[1.208s] -- Using all available rosidl_typesupport_c: rosidl_typesupport_fastrtps_c;rosidl_typesupport_introspection_c
[1.279s] -- Using all available rosidl_typesupport_cpp: rosidl_typesupport_fastrtps_cpp;rosidl_typesupport_introspection_cpp
[1.461s] -- Found rmw_implementation_cmake: 6.1.2 (/opt/ros/humble/share/rmw_implementation_cmake/cmake)
[1.468s] -- Found rmw_fastrtps_cpp: 6.2.8 (/opt/ros/humble/share/rmw_fastrtps_cpp/cmake)
[1.925s] -- Using RMW implementation 'rmw_fastrtps_cpp' as default
[2.220s] -- Found geometry_msgs: 4.9.0 (/opt/ros/humble/share/geometry_msgs/cmake)
[2.303s] -- Found ament_lint_auto: 0.12.14 (/opt/ros/humble/share/ament_lint_auto/cmake)
[2.738s] -- Added test 'cppcheck' to perform static code analysis on C / C++ code
[2.739s] -- Configured cppcheck include dirs: $<BUILD_INTERFACE:/home/sunrise/work/Robot-Driven/src/cpp_pkg/include>
[2.739s] -- Configured cppcheck exclude dirs and/or files: 
[2.741s] -- Added test 'flake8' to check Python code syntax and style conventions
[2.745s] -- Added test 'lint_cmake' to check CMake code style
[2.747s] -- Added test 'pep257' to check Python code against some of the docstring style conventions in PEP 257
[2.753s] -- Added test 'uncrustify' to check C / C++ code style
[2.754s] -- Configured uncrustify additional arguments: 
[2.756s] -- Added test 'xmllint' to check XML markup files
[2.760s] -- Configuring done
[2.823s] -- Generating done
[2.849s] -- Build files have been written to: /home/sunrise/work/Robot-Driven/build/cpp_pkg
[3.008s] [35m[1mConsolidate compiler generated dependencies of target driver_node[0m
[3.152s] [ 20%] [32mBuilding CXX object CMakeFiles/driver_node.dir/src/main.cpp.o[0m
[3.153s] [ 40%] [32mBuilding CXX object CMakeFiles/driver_node.dir/src/turn_on_robot.cpp.o[0m
[71.396s] [ 60%] [32m[1mLinking CXX executable driver_node[0m
[76.317s] [100%] Built target driver_node
[76.386s] Invoked command in '/home/sunrise/work/Robot-Driven/build/cpp_pkg' returned '0': CMAKE_PREFIX_PATH=/opt/tros/humble:/opt/ros/humble /usr/bin/cmake --build /home/sunrise/work/Robot-Driven/build/cpp_pkg -- -j8 -l8
[76.437s] Invoking command in '/home/sunrise/work/Robot-Driven/build/cpp_pkg': CMAKE_PREFIX_PATH=/opt/tros/humble:/opt/ros/humble /usr/bin/cmake --install /home/sunrise/work/Robot-Driven/build/cpp_pkg
[76.480s] -- Install configuration: ""
[76.487s] -- Installing: /home/sunrise/work/Robot-Driven/install/cpp_pkg/lib/cpp_pkg/driver_node
[76.534s] -- Set runtime path of "/home/sunrise/work/Robot-Driven/install/cpp_pkg/lib/cpp_pkg/driver_node" to "/usr/local/lib"
[76.535s] -- Up-to-date: /home/sunrise/work/Robot-Driven/install/cpp_pkg/share/cpp_pkg/launch
[76.536s] -- Up-to-date: /home/sunrise/work/Robot-Driven/install/cpp_pkg/share/cpp_pkg/launch/__pycache__
[76.536s] -- Up-to-date: /home/sunrise/work/Robot-Driven/install/cpp_pkg/share/cpp_pkg/launch/__pycache__/turn_on_robot.launch.cpython-310.pyc
[76.537s] -- Up-to-date: /home/sunrise/work/Robot-Driven/install/cpp_pkg/share/cpp_pkg/launch/turn_on_robot.launch.py
[76.538s] -- Up-to-date: /home/sunrise/work/Robot-Driven/install/cpp_pkg/share/ament_index/resource_index/package_run_dependencies/cpp_pkg
[76.539s] -- Up-to-date: /home/sunrise/work/Robot-Driven/install/cpp_pkg/share/ament_index/resource_index/parent_prefix_path/cpp_pkg
[76.541s] -- Up-to-date: /home/sunrise/work/Robot-Driven/install/cpp_pkg/share/cpp_pkg/environment/ament_prefix_path.sh
[76.542s] -- Installing: /home/sunrise/work/Robot-Driven/install/cpp_pkg/share/cpp_pkg/environment/ament_prefix_path.dsv
[76.543s] -- Up-to-date: /home/sunrise/work/Robot-Driven/install/cpp_pkg/share/cpp_pkg/environment/path.sh
[76.544s] -- Installing: /home/sunrise/work/Robot-Driven/install/cpp_pkg/share/cpp_pkg/environment/path.dsv
[76.545s] -- Up-to-date: /home/sunrise/work/Robot-Driven/install/cpp_pkg/share/cpp_pkg/local_setup.bash
[76.545s] -- Up-to-date: /home/sunrise/work/Robot-Driven/install/cpp_pkg/share/cpp_pkg/local_setup.sh
[76.546s] -- Up-to-date: /home/sunrise/work/Robot-Driven/install/cpp_pkg/share/cpp_pkg/local_setup.zsh
[76.546s] -- Installing: /home/sunrise/work/Robot-Driven/install/cpp_pkg/share/cpp_pkg/local_setup.dsv
[76.547s] -- Installing: /home/sunrise/work/Robot-Driven/install/cpp_pkg/share/cpp_pkg/package.dsv
[76.548s] -- Up-to-date: /home/sunrise/work/Robot-Driven/install/cpp_pkg/share/ament_index/resource_index/packages/cpp_pkg
[76.548s] -- Up-to-date: /home/sunrise/work/Robot-Driven/install/cpp_pkg/share/cpp_pkg/cmake/cpp_pkgConfig.cmake
[76.549s] -- Up-to-date: /home/sunrise/work/Robot-Driven/install/cpp_pkg/share/cpp_pkg/cmake/cpp_pkgConfig-version.cmake
[76.549s] -- Up-to-date: /home/sunrise/work/Robot-Driven/install/cpp_pkg/share/cpp_pkg/package.xml
[76.559s] Invoked command in '/home/sunrise/work/Robot-Driven/build/cpp_pkg' returned '0': CMAKE_PREFIX_PATH=/opt/tros/humble:/opt/ros/humble /usr/bin/cmake --install /home/sunrise/work/Robot-Driven/build/cpp_pkg
