[0.045s] Invoking command in '/home/sunrise/work/Robot-Driven/build/cpp_pkg': CMAKE_PREFIX_PATH=/opt/tros/humble:/opt/ros/humble /usr/bin/cmake --build /home/sunrise/work/Robot-Driven/build/cpp_pkg -- -j8 -l8
[0.267s] [35m[1mConsolidate compiler generated dependencies of target driver_node[0m
[0.428s] [ 16%] [32mBuilding CXX object CMakeFiles/driver_node.dir/src/main.cpp.o[0m
[18.357s] [ 33%] [32m[1mLinking CXX executable driver_node[0m
[23.388s] [100%] Built target driver_node
[23.452s] Invoked command in '/home/sunrise/work/Robot-Driven/build/cpp_pkg' returned '0': CMAKE_PREFIX_PATH=/opt/tros/humble:/opt/ros/humble /usr/bin/cmake --build /home/sunrise/work/Robot-Driven/build/cpp_pkg -- -j8 -l8
[23.510s] Invoking command in '/home/sunrise/work/Robot-Driven/build/cpp_pkg': CMAKE_PREFIX_PATH=/opt/tros/humble:/opt/ros/humble /usr/bin/cmake --install /home/sunrise/work/Robot-Driven/build/cpp_pkg
[23.546s] -- Install configuration: ""
[23.547s] -- Installing: /home/sunrise/work/Robot-Driven/install/cpp_pkg/lib/cpp_pkg/driver_node
[23.598s] -- Set runtime path of "/home/sunrise/work/Robot-Driven/install/cpp_pkg/lib/cpp_pkg/driver_node" to "/usr/local/lib"
[23.599s] -- Up-to-date: /home/sunrise/work/Robot-Driven/install/cpp_pkg/share/cpp_pkg/launch
[23.599s] -- Up-to-date: /home/sunrise/work/Robot-Driven/install/cpp_pkg/share/cpp_pkg/launch/__pycache__
[23.600s] -- Up-to-date: /home/sunrise/work/Robot-Driven/install/cpp_pkg/share/cpp_pkg/launch/__pycache__/turn_on_robot.launch.cpython-310.pyc
[23.600s] -- Up-to-date: /home/sunrise/work/Robot-Driven/install/cpp_pkg/share/cpp_pkg/launch/turn_on_robot.launch.py
[23.601s] -- Up-to-date: /home/sunrise/work/Robot-Driven/install/cpp_pkg/share/ament_index/resource_index/package_run_dependencies/cpp_pkg
[23.602s] -- Up-to-date: /home/sunrise/work/Robot-Driven/install/cpp_pkg/share/ament_index/resource_index/parent_prefix_path/cpp_pkg
[23.602s] -- Up-to-date: /home/sunrise/work/Robot-Driven/install/cpp_pkg/share/cpp_pkg/environment/ament_prefix_path.sh
[23.603s] -- Up-to-date: /home/sunrise/work/Robot-Driven/install/cpp_pkg/share/cpp_pkg/environment/ament_prefix_path.dsv
[23.603s] -- Up-to-date: /home/sunrise/work/Robot-Driven/install/cpp_pkg/share/cpp_pkg/environment/path.sh
[23.603s] -- Up-to-date: /home/sunrise/work/Robot-Driven/install/cpp_pkg/share/cpp_pkg/environment/path.dsv
[23.604s] -- Up-to-date: /home/sunrise/work/Robot-Driven/install/cpp_pkg/share/cpp_pkg/local_setup.bash
[23.604s] -- Up-to-date: /home/sunrise/work/Robot-Driven/install/cpp_pkg/share/cpp_pkg/local_setup.sh
[23.605s] -- Up-to-date: /home/sunrise/work/Robot-Driven/install/cpp_pkg/share/cpp_pkg/local_setup.zsh
[23.605s] -- Up-to-date: /home/sunrise/work/Robot-Driven/install/cpp_pkg/share/cpp_pkg/local_setup.dsv
[23.606s] -- Installing: /home/sunrise/work/Robot-Driven/install/cpp_pkg/share/cpp_pkg/package.dsv
[23.606s] -- Up-to-date: /home/sunrise/work/Robot-Driven/install/cpp_pkg/share/ament_index/resource_index/packages/cpp_pkg
[23.607s] -- Up-to-date: /home/sunrise/work/Robot-Driven/install/cpp_pkg/share/cpp_pkg/cmake/cpp_pkgConfig.cmake
[23.609s] -- Up-to-date: /home/sunrise/work/Robot-Driven/install/cpp_pkg/share/cpp_pkg/cmake/cpp_pkgConfig-version.cmake
[23.611s] -- Up-to-date: /home/sunrise/work/Robot-Driven/install/cpp_pkg/share/cpp_pkg/package.xml
[23.612s] Invoked command in '/home/sunrise/work/Robot-Driven/build/cpp_pkg' returned '0': CMAKE_PREFIX_PATH=/opt/tros/humble:/opt/ros/humble /usr/bin/cmake --install /home/sunrise/work/Robot-Driven/build/cpp_pkg
