[0.057s] Invoking command in '/home/sunrise/work/Robot-Driven/build/cpp_pkg': CMAKE_PREFIX_PATH=/opt/tros/humble:/opt/ros/humble /usr/bin/cmake /home/sunrise/work/Robot-Driven/src/cpp_pkg -DCMAKE_INSTALL_PREFIX=/home/sunrise/work/Robot-Driven/install/cpp_pkg
[0.300s] -- Found ament_cmake: 1.3.12 (/opt/ros/humble/share/ament_cmake/cmake)
[1.160s] -- Found rclcpp: 16.0.14 (/opt/ros/humble/share/rclcpp/cmake)
[1.445s] -- Found rosidl_generator_c: 3.1.7 (/opt/ros/humble/share/rosidl_generator_c/cmake)
[1.471s] -- Found rosidl_adapter: 3.1.7 (/opt/ros/humble/share/rosidl_adapter/cmake)
[1.525s] -- Found rosidl_generator_cpp: 3.1.7 (/opt/ros/humble/share/rosidl_generator_cpp/cmake)
[1.609s] -- Using all available rosidl_typesupport_c: rosidl_typesupport_fastrtps_c;rosidl_typesupport_introspection_c
[1.719s] -- Using all available rosidl_typesupport_cpp: rosidl_typesupport_fastrtps_cpp;rosidl_typesupport_introspection_cpp
[1.965s] -- Found rmw_implementation_cmake: 6.1.2 (/opt/ros/humble/share/rmw_implementation_cmake/cmake)
[1.977s] -- Found rmw_fastrtps_cpp: 6.2.8 (/opt/ros/humble/share/rmw_fastrtps_cpp/cmake)
[2.504s] -- Using RMW implementation 'rmw_fastrtps_cpp' as default
[2.879s] -- Found geometry_msgs: 4.9.0 (/opt/ros/humble/share/geometry_msgs/cmake)
[2.985s] -- Found ament_lint_auto: 0.12.14 (/opt/ros/humble/share/ament_lint_auto/cmake)
[3.485s] -- Added test 'cppcheck' to perform static code analysis on C / C++ code
[3.486s] -- Configured cppcheck include dirs: $<BUILD_INTERFACE:/home/sunrise/work/Robot-Driven/src/cpp_pkg/include>
[3.486s] -- Configured cppcheck exclude dirs and/or files: 
[3.489s] -- Added test 'flake8' to check Python code syntax and style conventions
[3.493s] -- Added test 'lint_cmake' to check CMake code style
[3.496s] -- Added test 'pep257' to check Python code against some of the docstring style conventions in PEP 257
[3.503s] -- Added test 'uncrustify' to check C / C++ code style
[3.504s] -- Configured uncrustify additional arguments: 
[3.506s] -- Added test 'xmllint' to check XML markup files
[3.514s] -- Configuring done
[3.596s] -- Generating done
[3.618s] -- Build files have been written to: /home/sunrise/work/Robot-Driven/build/cpp_pkg
[3.674s] Invoked command in '/home/sunrise/work/Robot-Driven/build/cpp_pkg' returned '0': CMAKE_PREFIX_PATH=/opt/tros/humble:/opt/ros/humble /usr/bin/cmake /home/sunrise/work/Robot-Driven/src/cpp_pkg -DCMAKE_INSTALL_PREFIX=/home/sunrise/work/Robot-Driven/install/cpp_pkg
[3.683s] Invoking command in '/home/sunrise/work/Robot-Driven/build/cpp_pkg': CMAKE_PREFIX_PATH=/opt/tros/humble:/opt/ros/humble /usr/bin/cmake --build /home/sunrise/work/Robot-Driven/build/cpp_pkg -- -j8 -l8
[3.802s] -- Found ament_cmake: 1.3.12 (/opt/ros/humble/share/ament_cmake/cmake)
[4.645s] -- Found rclcpp: 16.0.14 (/opt/ros/humble/share/rclcpp/cmake)
[4.796s] -- Found rosidl_generator_c: 3.1.7 (/opt/ros/humble/share/rosidl_generator_c/cmake)
[4.812s] -- Found rosidl_adapter: 3.1.7 (/opt/ros/humble/share/rosidl_adapter/cmake)
[4.846s] -- Found rosidl_generator_cpp: 3.1.7 (/opt/ros/humble/share/rosidl_generator_cpp/cmake)
[4.905s] -- Using all available rosidl_typesupport_c: rosidl_typesupport_fastrtps_c;rosidl_typesupport_introspection_c
[4.982s] -- Using all available rosidl_typesupport_cpp: rosidl_typesupport_fastrtps_cpp;rosidl_typesupport_introspection_cpp
[5.182s] -- Found rmw_implementation_cmake: 6.1.2 (/opt/ros/humble/share/rmw_implementation_cmake/cmake)
[5.189s] -- Found rmw_fastrtps_cpp: 6.2.8 (/opt/ros/humble/share/rmw_fastrtps_cpp/cmake)
[5.664s] -- Using RMW implementation 'rmw_fastrtps_cpp' as default
[5.972s] -- Found geometry_msgs: 4.9.0 (/opt/ros/humble/share/geometry_msgs/cmake)
[6.059s] -- Found ament_lint_auto: 0.12.14 (/opt/ros/humble/share/ament_lint_auto/cmake)
[6.516s] -- Added test 'cppcheck' to perform static code analysis on C / C++ code
[6.517s] -- Configured cppcheck include dirs: $<BUILD_INTERFACE:/home/sunrise/work/Robot-Driven/src/cpp_pkg/include>
[6.517s] -- Configured cppcheck exclude dirs and/or files: 
[6.519s] -- Added test 'flake8' to check Python code syntax and style conventions
[6.522s] -- Added test 'lint_cmake' to check CMake code style
[6.524s] -- Added test 'pep257' to check Python code against some of the docstring style conventions in PEP 257
[6.531s] -- Added test 'uncrustify' to check C / C++ code style
[6.532s] -- Configured uncrustify additional arguments: 
[6.533s] -- Added test 'xmllint' to check XML markup files
[6.537s] -- Configuring done
[6.592s] -- Generating done
[6.615s] -- Build files have been written to: /home/sunrise/work/Robot-Driven/build/cpp_pkg
[6.712s] gmake[2]: Warning: File 'CMakeFiles/driver_node.dir/flags.make' has modification time 822118700 s in the future
[6.775s] [35m[1mConsolidate compiler generated dependencies of target driver_node[0m
[6.870s] gmake[2]: warning:  Clock skew detected.  Your build may be incomplete.
[6.904s] gmake[2]: Warning: File 'CMakeFiles/driver_node.dir/flags.make' has modification time 822118700 s in the future
[7.067s] gmake[2]: warning:  Clock skew detected.  Your build may be incomplete.
[7.103s] [100%] Built target driver_node
[7.154s] Invoked command in '/home/sunrise/work/Robot-Driven/build/cpp_pkg' returned '0': CMAKE_PREFIX_PATH=/opt/tros/humble:/opt/ros/humble /usr/bin/cmake --build /home/sunrise/work/Robot-Driven/build/cpp_pkg -- -j8 -l8
[7.199s] Invoking command in '/home/sunrise/work/Robot-Driven/build/cpp_pkg': CMAKE_PREFIX_PATH=/opt/tros/humble:/opt/ros/humble /usr/bin/cmake --install /home/sunrise/work/Robot-Driven/build/cpp_pkg
[7.232s] -- Install configuration: "Release"
[7.236s] -- Up-to-date: /home/sunrise/work/Robot-Driven/install/cpp_pkg/lib/cpp_pkg/driver_node
[7.237s] -- Up-to-date: /home/sunrise/work/Robot-Driven/install/cpp_pkg/share/cpp_pkg/launch
[7.237s] -- Up-to-date: /home/sunrise/work/Robot-Driven/install/cpp_pkg/share/cpp_pkg/launch/__pycache__
[7.238s] -- Up-to-date: /home/sunrise/work/Robot-Driven/install/cpp_pkg/share/cpp_pkg/launch/__pycache__/turn_on_robot.launch.cpython-310.pyc
[7.239s] -- Up-to-date: /home/sunrise/work/Robot-Driven/install/cpp_pkg/share/cpp_pkg/launch/turn_on_robot.launch.py
[7.239s] -- Up-to-date: /home/sunrise/work/Robot-Driven/install/cpp_pkg/share/ament_index/resource_index/package_run_dependencies/cpp_pkg
[7.241s] -- Up-to-date: /home/sunrise/work/Robot-Driven/install/cpp_pkg/share/ament_index/resource_index/parent_prefix_path/cpp_pkg
[7.242s] -- Up-to-date: /home/sunrise/work/Robot-Driven/install/cpp_pkg/share/cpp_pkg/environment/ament_prefix_path.sh
[7.242s] -- Installing: /home/sunrise/work/Robot-Driven/install/cpp_pkg/share/cpp_pkg/environment/ament_prefix_path.dsv
[7.243s] -- Up-to-date: /home/sunrise/work/Robot-Driven/install/cpp_pkg/share/cpp_pkg/environment/path.sh
[7.244s] -- Installing: /home/sunrise/work/Robot-Driven/install/cpp_pkg/share/cpp_pkg/environment/path.dsv
[7.244s] -- Up-to-date: /home/sunrise/work/Robot-Driven/install/cpp_pkg/share/cpp_pkg/local_setup.bash
[7.245s] -- Up-to-date: /home/sunrise/work/Robot-Driven/install/cpp_pkg/share/cpp_pkg/local_setup.sh
[7.245s] -- Up-to-date: /home/sunrise/work/Robot-Driven/install/cpp_pkg/share/cpp_pkg/local_setup.zsh
[7.246s] -- Installing: /home/sunrise/work/Robot-Driven/install/cpp_pkg/share/cpp_pkg/local_setup.dsv
[7.246s] -- Installing: /home/sunrise/work/Robot-Driven/install/cpp_pkg/share/cpp_pkg/package.dsv
[7.247s] -- Up-to-date: /home/sunrise/work/Robot-Driven/install/cpp_pkg/share/ament_index/resource_index/packages/cpp_pkg
[7.247s] -- Up-to-date: /home/sunrise/work/Robot-Driven/install/cpp_pkg/share/cpp_pkg/cmake/cpp_pkgConfig.cmake
[7.248s] -- Up-to-date: /home/sunrise/work/Robot-Driven/install/cpp_pkg/share/cpp_pkg/cmake/cpp_pkgConfig-version.cmake
[7.249s] -- Up-to-date: /home/sunrise/work/Robot-Driven/install/cpp_pkg/share/cpp_pkg/package.xml
[7.253s] Invoked command in '/home/sunrise/work/Robot-Driven/build/cpp_pkg' returned '0': CMAKE_PREFIX_PATH=/opt/tros/humble:/opt/ros/humble /usr/bin/cmake --install /home/sunrise/work/Robot-Driven/build/cpp_pkg
