[0.052s] Invoking command in '/root/catkin_ws/build/cpp_pkg': CMAKE_PREFIX_PATH=${CMAKE_PREFIX_PATH}:/home/sunrise/wheeltec_tros/install/reid:/home/sunrise/wheeltec_tros/install/mono2d_body_detect:/home/sunrise/wheeltec_tros/install/hobot_eye:/home/sunrise/wheeltec_tros/install/fisheye_camera:/home/sunrise/wheeltec_tros/install/face_recog:/home/sunrise/wheeltec_tros/install/face_landmarks_detection:/home/sunrise/wheeltec_tros/install/body_tracking:/opt/tros/humble:/opt/ros/humble /usr/bin/cmake --build /root/catkin_ws/build/cpp_pkg -- -j8 -l8
[0.278s] [35m[1mConsolidate compiler generated dependencies of target driver_node[0m
[0.424s] [ 20%] [32mBuilding CXX object CMakeFiles/driver_node.dir/src/turn_on_robot.cpp.o[0m
[66.245s] [ 40%] [32m[1mLinking CXX executable driver_node[0m
[70.892s] [100%] Built target driver_node
[70.957s] Invoked command in '/root/catkin_ws/build/cpp_pkg' returned '0': CMAKE_PREFIX_PATH=${CMAKE_PREFIX_PATH}:/home/sunrise/wheeltec_tros/install/reid:/home/sunrise/wheeltec_tros/install/mono2d_body_detect:/home/sunrise/wheeltec_tros/install/hobot_eye:/home/sunrise/wheeltec_tros/install/fisheye_camera:/home/sunrise/wheeltec_tros/install/face_recog:/home/sunrise/wheeltec_tros/install/face_landmarks_detection:/home/sunrise/wheeltec_tros/install/body_tracking:/opt/tros/humble:/opt/ros/humble /usr/bin/cmake --build /root/catkin_ws/build/cpp_pkg -- -j8 -l8
[71.017s] Invoking command in '/root/catkin_ws/build/cpp_pkg': CMAKE_PREFIX_PATH=${CMAKE_PREFIX_PATH}:/home/sunrise/wheeltec_tros/install/reid:/home/sunrise/wheeltec_tros/install/mono2d_body_detect:/home/sunrise/wheeltec_tros/install/hobot_eye:/home/sunrise/wheeltec_tros/install/fisheye_camera:/home/sunrise/wheeltec_tros/install/face_recog:/home/sunrise/wheeltec_tros/install/face_landmarks_detection:/home/sunrise/wheeltec_tros/install/body_tracking:/opt/tros/humble:/opt/ros/humble /usr/bin/cmake --install /root/catkin_ws/build/cpp_pkg
[71.052s] -- Install configuration: ""
[71.053s] -- Installing: /root/catkin_ws/install/cpp_pkg/lib/cpp_pkg/driver_node
[71.098s] -- Set runtime path of "/root/catkin_ws/install/cpp_pkg/lib/cpp_pkg/driver_node" to "/usr/local/lib"
[71.099s] -- Up-to-date: /root/catkin_ws/install/cpp_pkg/share/cpp_pkg/launch
[71.100s] -- Up-to-date: /root/catkin_ws/install/cpp_pkg/share/cpp_pkg/launch/__pycache__
[71.100s] -- Up-to-date: /root/catkin_ws/install/cpp_pkg/share/cpp_pkg/launch/__pycache__/turn_on_robot.launch.cpython-310.pyc
[71.101s] -- Up-to-date: /root/catkin_ws/install/cpp_pkg/share/cpp_pkg/launch/turn_on_robot.launch.py
[71.101s] -- Up-to-date: /root/catkin_ws/install/cpp_pkg/share/ament_index/resource_index/package_run_dependencies/cpp_pkg
[71.102s] -- Up-to-date: /root/catkin_ws/install/cpp_pkg/share/ament_index/resource_index/parent_prefix_path/cpp_pkg
[71.102s] -- Up-to-date: /root/catkin_ws/install/cpp_pkg/share/cpp_pkg/environment/ament_prefix_path.sh
[71.103s] -- Up-to-date: /root/catkin_ws/install/cpp_pkg/share/cpp_pkg/environment/ament_prefix_path.dsv
[71.103s] -- Up-to-date: /root/catkin_ws/install/cpp_pkg/share/cpp_pkg/environment/path.sh
[71.104s] -- Up-to-date: /root/catkin_ws/install/cpp_pkg/share/cpp_pkg/environment/path.dsv
[71.104s] -- Up-to-date: /root/catkin_ws/install/cpp_pkg/share/cpp_pkg/local_setup.bash
[71.105s] -- Up-to-date: /root/catkin_ws/install/cpp_pkg/share/cpp_pkg/local_setup.sh
[71.105s] -- Up-to-date: /root/catkin_ws/install/cpp_pkg/share/cpp_pkg/local_setup.zsh
[71.105s] -- Up-to-date: /root/catkin_ws/install/cpp_pkg/share/cpp_pkg/local_setup.dsv
[71.106s] -- Installing: /root/catkin_ws/install/cpp_pkg/share/cpp_pkg/package.dsv
[71.106s] -- Up-to-date: /root/catkin_ws/install/cpp_pkg/share/ament_index/resource_index/packages/cpp_pkg
[71.108s] -- Up-to-date: /root/catkin_ws/install/cpp_pkg/share/cpp_pkg/cmake/cpp_pkgConfig.cmake
[71.110s] -- Up-to-date: /root/catkin_ws/install/cpp_pkg/share/cpp_pkg/cmake/cpp_pkgConfig-version.cmake
[71.112s] -- Up-to-date: /root/catkin_ws/install/cpp_pkg/share/cpp_pkg/package.xml
[71.113s] Invoked command in '/root/catkin_ws/build/cpp_pkg' returned '0': CMAKE_PREFIX_PATH=${CMAKE_PREFIX_PATH}:/home/sunrise/wheeltec_tros/install/reid:/home/sunrise/wheeltec_tros/install/mono2d_body_detect:/home/sunrise/wheeltec_tros/install/hobot_eye:/home/sunrise/wheeltec_tros/install/fisheye_camera:/home/sunrise/wheeltec_tros/install/face_recog:/home/sunrise/wheeltec_tros/install/face_landmarks_detection:/home/sunrise/wheeltec_tros/install/body_tracking:/opt/tros/humble:/opt/ros/humble /usr/bin/cmake --install /root/catkin_ws/build/cpp_pkg
