[1.072s] DEBUG:colcon:Command line arguments: ['/usr/bin/colcon', 'build', '--packages-select', 'cpp_pkg', '--executor', 'parallel', '--parallel-workers', '8']
[1.073s] DEBUG:colcon:Parsed command line arguments: Namespace(log_base=None, log_level=None, verb_name='build', build_base='build', install_base='install', merge_install=False, symlink_install=False, test_result_base=None, continue_on_error=False, executor='parallel', parallel_workers=8, event_handlers=None, ignore_user_meta=False, metas=['./colcon.meta'], base_paths=['.'], packages_ignore=None, packages_ignore_regex=None, paths=None, packages_up_to=None, packages_up_to_regex=None, packages_above=None, packages_above_and_dependencies=None, packages_above_depth=None, packages_select_by_dep=None, packages_skip_by_dep=None, packages_skip_up_to=None, packages_select_build_failed=False, packages_skip_build_finished=False, packages_select_test_failures=False, packages_skip_test_passed=False, packages_select=['cpp_pkg'], packages_skip=None, packages_select_regex=None, packages_skip_regex=None, packages_start=None, packages_end=None, allow_overriding=[], cmake_args=None, cmake_target=None, cmake_target_skip_unavailable=False, cmake_clean_cache=False, cmake_clean_first=False, cmake_force_configure=False, ament_cmake_args=None, catkin_cmake_args=None, catkin_skip_building_tests=False, verb_parser=<colcon_defaults.argument_parser.defaults.DefaultArgumentsDecorator object at 0xffffa3e5b130>, verb_extension=<colcon_core.verb.build.BuildVerb object at 0xffffa3e5a110>, main=<bound method BuildVerb.main of <colcon_core.verb.build.BuildVerb object at 0xffffa3e5a110>>)
[1.419s] Level 1:colcon.colcon_core.package_discovery:discover_packages(colcon_meta) check parameters
[1.420s] Level 1:colcon.colcon_core.package_discovery:discover_packages(recursive) check parameters
[1.420s] Level 1:colcon.colcon_core.package_discovery:discover_packages(ignore) check parameters
[1.420s] Level 1:colcon.colcon_core.package_discovery:discover_packages(path) check parameters
[1.421s] Level 1:colcon.colcon_core.package_discovery:discover_packages(colcon_meta) discover
[1.421s] Level 1:colcon.colcon_core.package_discovery:discover_packages(recursive) discover
[1.421s] INFO:colcon.colcon_core.package_discovery:Crawling recursively for packages in '/home/sunrise/work/Robot-Driven'
[1.422s] Level 1:colcon.colcon_core.package_identification:_identify(.) by extensions ['ignore', 'ignore_ament_install']
[1.422s] Level 1:colcon.colcon_core.package_identification:_identify(.) by extension 'ignore'
[1.423s] Level 1:colcon.colcon_core.package_identification:_identify(.) by extension 'ignore_ament_install'
[1.423s] Level 1:colcon.colcon_core.package_identification:_identify(.) by extensions ['colcon_pkg']
[1.423s] Level 1:colcon.colcon_core.package_identification:_identify(.) by extension 'colcon_pkg'
[1.424s] Level 1:colcon.colcon_core.package_identification:_identify(.) by extensions ['colcon_meta']
[1.424s] Level 1:colcon.colcon_core.package_identification:_identify(.) by extension 'colcon_meta'
[1.424s] Level 1:colcon.colcon_core.package_identification:_identify(.) by extensions ['ros']
[1.424s] Level 1:colcon.colcon_core.package_identification:_identify(.) by extension 'ros'
[1.541s] Level 1:colcon.colcon_core.package_identification:_identify(.) by extensions ['cmake', 'python']
[1.541s] Level 1:colcon.colcon_core.package_identification:_identify(.) by extension 'cmake'
[1.541s] Level 1:colcon.colcon_core.package_identification:_identify(.) by extension 'python'
[1.542s] Level 1:colcon.colcon_core.package_identification:_identify(.) by extensions ['python_setup_py']
[1.542s] Level 1:colcon.colcon_core.package_identification:_identify(.) by extension 'python_setup_py'
[1.543s] Level 1:colcon.colcon_core.package_identification:_identify(build) by extensions ['ignore', 'ignore_ament_install']
[1.543s] Level 1:colcon.colcon_core.package_identification:_identify(build) by extension 'ignore'
[1.544s] Level 1:colcon.colcon_core.package_identification:_identify(build) ignored
[1.544s] Level 1:colcon.colcon_core.package_identification:_identify(install) by extensions ['ignore', 'ignore_ament_install']
[1.545s] Level 1:colcon.colcon_core.package_identification:_identify(install) by extension 'ignore'
[1.545s] Level 1:colcon.colcon_core.package_identification:_identify(install) ignored
[1.546s] Level 1:colcon.colcon_core.package_identification:_identify(log) by extensions ['ignore', 'ignore_ament_install']
[1.547s] Level 1:colcon.colcon_core.package_identification:_identify(log) by extension 'ignore'
[1.547s] Level 1:colcon.colcon_core.package_identification:_identify(log) ignored
[1.548s] Level 1:colcon.colcon_core.package_identification:_identify(src) by extensions ['ignore', 'ignore_ament_install']
[1.548s] Level 1:colcon.colcon_core.package_identification:_identify(src) by extension 'ignore'
[1.548s] Level 1:colcon.colcon_core.package_identification:_identify(src) by extension 'ignore_ament_install'
[1.549s] Level 1:colcon.colcon_core.package_identification:_identify(src) by extensions ['colcon_pkg']
[1.549s] Level 1:colcon.colcon_core.package_identification:_identify(src) by extension 'colcon_pkg'
[1.549s] Level 1:colcon.colcon_core.package_identification:_identify(src) by extensions ['colcon_meta']
[1.550s] Level 1:colcon.colcon_core.package_identification:_identify(src) by extension 'colcon_meta'
[1.550s] Level 1:colcon.colcon_core.package_identification:_identify(src) by extensions ['ros']
[1.550s] Level 1:colcon.colcon_core.package_identification:_identify(src) by extension 'ros'
[1.551s] Level 1:colcon.colcon_core.package_identification:_identify(src) by extensions ['cmake', 'python']
[1.551s] Level 1:colcon.colcon_core.package_identification:_identify(src) by extension 'cmake'
[1.551s] Level 1:colcon.colcon_core.package_identification:_identify(src) by extension 'python'
[1.552s] Level 1:colcon.colcon_core.package_identification:_identify(src) by extensions ['python_setup_py']
[1.552s] Level 1:colcon.colcon_core.package_identification:_identify(src) by extension 'python_setup_py'
[1.553s] Level 1:colcon.colcon_core.package_identification:_identify(src/cpp_pkg) by extensions ['ignore', 'ignore_ament_install']
[1.553s] Level 1:colcon.colcon_core.package_identification:_identify(src/cpp_pkg) by extension 'ignore'
[1.554s] Level 1:colcon.colcon_core.package_identification:_identify(src/cpp_pkg) by extension 'ignore_ament_install'
[1.554s] Level 1:colcon.colcon_core.package_identification:_identify(src/cpp_pkg) by extensions ['colcon_pkg']
[1.554s] Level 1:colcon.colcon_core.package_identification:_identify(src/cpp_pkg) by extension 'colcon_pkg'
[1.554s] Level 1:colcon.colcon_core.package_identification:_identify(src/cpp_pkg) by extensions ['colcon_meta']
[1.555s] Level 1:colcon.colcon_core.package_identification:_identify(src/cpp_pkg) by extension 'colcon_meta'
[1.555s] Level 1:colcon.colcon_core.package_identification:_identify(src/cpp_pkg) by extensions ['ros']
[1.555s] Level 1:colcon.colcon_core.package_identification:_identify(src/cpp_pkg) by extension 'ros'
[1.574s] DEBUG:colcon.colcon_core.package_identification:Package 'src/cpp_pkg' with type 'ros.ament_cmake' and name 'cpp_pkg'
[1.575s] Level 1:colcon.colcon_core.package_identification:_identify(src/robot_app_pkg) by extensions ['ignore', 'ignore_ament_install']
[1.575s] Level 1:colcon.colcon_core.package_identification:_identify(src/robot_app_pkg) by extension 'ignore'
[1.576s] Level 1:colcon.colcon_core.package_identification:_identify(src/robot_app_pkg) by extension 'ignore_ament_install'
[1.576s] Level 1:colcon.colcon_core.package_identification:_identify(src/robot_app_pkg) by extensions ['colcon_pkg']
[1.576s] Level 1:colcon.colcon_core.package_identification:_identify(src/robot_app_pkg) by extension 'colcon_pkg'
[1.577s] Level 1:colcon.colcon_core.package_identification:_identify(src/robot_app_pkg) by extensions ['colcon_meta']
[1.577s] Level 1:colcon.colcon_core.package_identification:_identify(src/robot_app_pkg) by extension 'colcon_meta'
[1.577s] Level 1:colcon.colcon_core.package_identification:_identify(src/robot_app_pkg) by extensions ['ros']
[1.577s] Level 1:colcon.colcon_core.package_identification:_identify(src/robot_app_pkg) by extension 'ros'
[1.583s] DEBUG:colcon.colcon_core.package_identification:Package 'src/robot_app_pkg' with type 'ros.ament_cmake' and name 'robot_app_pkg'
[1.583s] Level 1:colcon.colcon_core.package_discovery:discover_packages(recursive) using defaults
[1.583s] Level 1:colcon.colcon_core.package_discovery:discover_packages(ignore) discover
[1.584s] Level 1:colcon.colcon_core.package_discovery:discover_packages(ignore) using defaults
[1.584s] Level 1:colcon.colcon_core.package_discovery:discover_packages(path) discover
[1.584s] Level 1:colcon.colcon_core.package_discovery:discover_packages(path) using defaults
[1.753s] INFO:colcon.colcon_core.package_selection:Skipping not selected package 'robot_app_pkg' in 'src/robot_app_pkg'
[1.756s] Level 1:colcon.colcon_core.package_discovery:discover_packages(prefix_path) check parameters
[1.757s] Level 1:colcon.colcon_core.package_discovery:discover_packages(prefix_path) discover
[1.770s] DEBUG:colcon.colcon_installed_package_information.package_discovery:Found 57 installed packages in /opt/tros/humble
[1.778s] DEBUG:colcon.colcon_installed_package_information.package_discovery:Found 183 installed packages in /opt/ros/humble
[1.786s] Level 1:colcon.colcon_core.package_discovery:discover_packages(prefix_path) using defaults
[2.003s] Level 5:colcon.colcon_core.verb:set package 'cpp_pkg' build argument 'cmake_args' from command line to 'None'
[2.003s] Level 5:colcon.colcon_core.verb:set package 'cpp_pkg' build argument 'cmake_target' from command line to 'None'
[2.003s] Level 5:colcon.colcon_core.verb:set package 'cpp_pkg' build argument 'cmake_target_skip_unavailable' from command line to 'False'
[2.004s] Level 5:colcon.colcon_core.verb:set package 'cpp_pkg' build argument 'cmake_clean_cache' from command line to 'False'
[2.004s] Level 5:colcon.colcon_core.verb:set package 'cpp_pkg' build argument 'cmake_clean_first' from command line to 'False'
[2.004s] Level 5:colcon.colcon_core.verb:set package 'cpp_pkg' build argument 'cmake_force_configure' from command line to 'False'
[2.004s] Level 5:colcon.colcon_core.verb:set package 'cpp_pkg' build argument 'ament_cmake_args' from command line to 'None'
[2.004s] Level 5:colcon.colcon_core.verb:set package 'cpp_pkg' build argument 'catkin_cmake_args' from command line to 'None'
[2.004s] Level 5:colcon.colcon_core.verb:set package 'cpp_pkg' build argument 'catkin_skip_building_tests' from command line to 'False'
[2.005s] DEBUG:colcon.colcon_core.verb:Building package 'cpp_pkg' with the following arguments: {'ament_cmake_args': None, 'build_base': '/home/sunrise/work/Robot-Driven/build/cpp_pkg', 'catkin_cmake_args': None, 'catkin_skip_building_tests': False, 'cmake_args': None, 'cmake_clean_cache': False, 'cmake_clean_first': False, 'cmake_force_configure': False, 'cmake_target': None, 'cmake_target_skip_unavailable': False, 'install_base': '/home/sunrise/work/Robot-Driven/install/cpp_pkg', 'merge_install': False, 'path': '/home/sunrise/work/Robot-Driven/src/cpp_pkg', 'symlink_install': False, 'test_result_base': None}
[2.006s] INFO:colcon.colcon_core.executor:Executing jobs using 'parallel' executor
[2.011s] DEBUG:colcon.colcon_parallel_executor.executor.parallel:run_until_complete
[2.012s] INFO:colcon.colcon_ros.task.ament_cmake.build:Building ROS package in '/home/sunrise/work/Robot-Driven/src/cpp_pkg' with build type 'ament_cmake'
[2.013s] INFO:colcon.colcon_cmake.task.cmake.build:Building CMake package in '/home/sunrise/work/Robot-Driven/src/cpp_pkg'
[2.032s] INFO:colcon.colcon_core.plugin_system:Skipping extension 'colcon_core.shell.bat': Not used on non-Windows systems
[2.033s] INFO:colcon.colcon_core.shell:Skip shell extension 'powershell' for command environment: Not usable outside of PowerShell
[2.033s] DEBUG:colcon.colcon_core.shell:Skip shell extension 'dsv' for command environment
[2.073s] DEBUG:colcon.colcon_core.event_handler.log_command:Invoking command in '/home/sunrise/work/Robot-Driven/build/cpp_pkg': CMAKE_PREFIX_PATH=/opt/tros/humble:/opt/ros/humble /usr/bin/cmake --build /home/sunrise/work/Robot-Driven/build/cpp_pkg -- -j8 -l8
[21.341s] DEBUG:colcon.colcon_core.event_handler.log_command:Invoked command in '/home/sunrise/work/Robot-Driven/build/cpp_pkg' returned '2': CMAKE_PREFIX_PATH=/opt/tros/humble:/opt/ros/humble /usr/bin/cmake --build /home/sunrise/work/Robot-Driven/build/cpp_pkg -- -j8 -l8
[21.347s] Level 1:colcon.colcon_core.environment:create_environment_scripts_only(cpp_pkg)
[21.388s] Level 1:colcon.colcon_core.environment:checking '/home/sunrise/work/Robot-Driven/install/cpp_pkg' for CMake module files
[21.400s] Level 1:colcon.colcon_core.environment:checking '/home/sunrise/work/Robot-Driven/install/cpp_pkg' for CMake config files
[21.403s] Level 1:colcon.colcon_core.shell:create_environment_hook('cpp_pkg', 'cmake_prefix_path')
[21.405s] INFO:colcon.colcon_core.shell:Creating environment hook '/home/sunrise/work/Robot-Driven/install/cpp_pkg/share/cpp_pkg/hook/cmake_prefix_path.ps1'
[21.410s] INFO:colcon.colcon_core.shell:Creating environment descriptor '/home/sunrise/work/Robot-Driven/install/cpp_pkg/share/cpp_pkg/hook/cmake_prefix_path.dsv'
[21.417s] INFO:colcon.colcon_core.shell:Creating environment hook '/home/sunrise/work/Robot-Driven/install/cpp_pkg/share/cpp_pkg/hook/cmake_prefix_path.sh'
[21.425s] Level 1:colcon.colcon_core.environment:checking '/home/sunrise/work/Robot-Driven/install/cpp_pkg/lib'
[21.426s] Level 1:colcon.colcon_core.environment:checking '/home/sunrise/work/Robot-Driven/install/cpp_pkg/bin'
[21.427s] Level 1:colcon.colcon_core.environment:checking '/home/sunrise/work/Robot-Driven/install/cpp_pkg/lib/pkgconfig/cpp_pkg.pc'
[21.428s] Level 1:colcon.colcon_core.environment:checking '/home/sunrise/work/Robot-Driven/install/cpp_pkg/lib/python3.10/site-packages'
[21.431s] Level 1:colcon.colcon_core.environment:checking '/home/sunrise/work/Robot-Driven/install/cpp_pkg/bin'
[21.434s] INFO:colcon.colcon_core.shell:Creating package script '/home/sunrise/work/Robot-Driven/install/cpp_pkg/share/cpp_pkg/package.ps1'
[21.440s] INFO:colcon.colcon_core.shell:Creating package descriptor '/home/sunrise/work/Robot-Driven/install/cpp_pkg/share/cpp_pkg/package.dsv'
[21.445s] INFO:colcon.colcon_core.shell:Creating package script '/home/sunrise/work/Robot-Driven/install/cpp_pkg/share/cpp_pkg/package.sh'
[21.451s] INFO:colcon.colcon_core.shell:Creating package script '/home/sunrise/work/Robot-Driven/install/cpp_pkg/share/cpp_pkg/package.bash'
[21.459s] INFO:colcon.colcon_core.shell:Creating package script '/home/sunrise/work/Robot-Driven/install/cpp_pkg/share/cpp_pkg/package.zsh'
[21.466s] Level 1:colcon.colcon_core.environment:create_file_with_runtime_dependencies(/home/sunrise/work/Robot-Driven/install/cpp_pkg/share/colcon-core/packages/cpp_pkg)
[21.480s] DEBUG:colcon.colcon_parallel_executor.executor.parallel:closing loop
[21.481s] DEBUG:colcon.colcon_parallel_executor.executor.parallel:loop closed
[21.481s] DEBUG:colcon.colcon_parallel_executor.executor.parallel:run_until_complete finished with '2'
[21.481s] DEBUG:colcon.colcon_core.event_reactor:joining thread
[21.535s] INFO:colcon.colcon_core.plugin_system:Skipping extension 'colcon_notification.desktop_notification.notify_send': Could not find 'notify-send'
[21.536s] INFO:colcon.colcon_core.plugin_system:Skipping extension 'colcon_notification.desktop_notification.terminal_notifier': Not used on non-Darwin systems
[21.537s] INFO:colcon.colcon_core.plugin_system:Skipping extension 'colcon_notification.desktop_notification.win32': Not used on non-Windows systems
[21.537s] INFO:colcon.colcon_notification.desktop_notification:Sending desktop notification using 'notify2'
[21.761s] DEBUG:colcon.colcon_core.event_reactor:joined thread
[21.763s] INFO:colcon.colcon_core.shell:Creating prefix script '/home/sunrise/work/Robot-Driven/install/local_setup.ps1'
[21.770s] INFO:colcon.colcon_core.shell:Creating prefix util module '/home/sunrise/work/Robot-Driven/install/_local_setup_util_ps1.py'
[21.785s] INFO:colcon.colcon_core.shell:Creating prefix chain script '/home/sunrise/work/Robot-Driven/install/setup.ps1'
[21.796s] INFO:colcon.colcon_core.shell:Creating prefix script '/home/sunrise/work/Robot-Driven/install/local_setup.sh'
[21.803s] INFO:colcon.colcon_core.shell:Creating prefix util module '/home/sunrise/work/Robot-Driven/install/_local_setup_util_sh.py'
[21.807s] INFO:colcon.colcon_core.shell:Creating prefix chain script '/home/sunrise/work/Robot-Driven/install/setup.sh'
[21.815s] INFO:colcon.colcon_core.shell:Creating prefix script '/home/sunrise/work/Robot-Driven/install/local_setup.bash'
[21.818s] INFO:colcon.colcon_core.shell:Creating prefix chain script '/home/sunrise/work/Robot-Driven/install/setup.bash'
[21.825s] INFO:colcon.colcon_core.shell:Creating prefix script '/home/sunrise/work/Robot-Driven/install/local_setup.zsh'
[21.829s] INFO:colcon.colcon_core.shell:Creating prefix chain script '/home/sunrise/work/Robot-Driven/install/setup.zsh'
