[0.053s] Invoking command in '/home/sunrise/work/Robot-Driven/build/cpp_pkg': CMAKE_PREFIX_PATH=/opt/tros/humble:/opt/ros/humble /usr/bin/cmake --build /home/sunrise/work/Robot-Driven/build/cpp_pkg -- -j8 -l8
[0.255s] -- Found ament_cmake: 1.3.12 (/opt/ros/humble/share/ament_cmake/cmake)
[1.112s] -- Found rclcpp: 16.0.14 (/opt/ros/humble/share/rclcpp/cmake)
[1.292s] -- Found rosidl_generator_c: 3.1.7 (/opt/ros/humble/share/rosidl_generator_c/cmake)
[1.311s] -- Found rosidl_adapter: 3.1.7 (/opt/ros/humble/share/rosidl_adapter/cmake)
[1.353s] -- Found rosidl_generator_cpp: 3.1.7 (/opt/ros/humble/share/rosidl_generator_cpp/cmake)
[1.422s] -- Using all available rosidl_typesupport_c: rosidl_typesupport_fastrtps_c;rosidl_typesupport_introspection_c
[1.506s] -- Using all available rosidl_typesupport_cpp: rosidl_typesupport_fastrtps_cpp;rosidl_typesupport_introspection_cpp
[1.727s] -- Found rmw_implementation_cmake: 6.1.2 (/opt/ros/humble/share/rmw_implementation_cmake/cmake)
[1.738s] -- Found rmw_fastrtps_cpp: 6.2.8 (/opt/ros/humble/share/rmw_fastrtps_cpp/cmake)
[2.235s] -- Using RMW implementation 'rmw_fastrtps_cpp' as default
[2.566s] -- Found geometry_msgs: 4.9.0 (/opt/ros/humble/share/geometry_msgs/cmake)
[2.657s] -- Found ament_lint_auto: 0.12.14 (/opt/ros/humble/share/ament_lint_auto/cmake)
[3.124s] -- Added test 'cppcheck' to perform static code analysis on C / C++ code
[3.125s] -- Configured cppcheck include dirs: $<BUILD_INTERFACE:/home/sunrise/work/Robot-Driven/src/cpp_pkg/include>
[3.126s] -- Configured cppcheck exclude dirs and/or files: 
[3.128s] -- Added test 'flake8' to check Python code syntax and style conventions
[3.131s] -- Added test 'lint_cmake' to check CMake code style
[3.134s] -- Added test 'pep257' to check Python code against some of the docstring style conventions in PEP 257
[3.141s] -- Added test 'uncrustify' to check C / C++ code style
[3.142s] -- Configured uncrustify additional arguments: 
[3.145s] -- Added test 'xmllint' to check XML markup files
[3.151s] -- Configuring done
[3.213s] -- Generating done
[3.236s] -- Build files have been written to: /home/sunrise/work/Robot-Driven/build/cpp_pkg
[3.381s] [35m[1mConsolidate compiler generated dependencies of target driver_node[0m
[3.563s] [ 16%] [32mBuilding CXX object CMakeFiles/driver_node.dir/src/main.cpp.o[0m
[3.564s] [ 33%] [32mBuilding CXX object CMakeFiles/driver_node.dir/src/publisher.cpp.o[0m
[3.566s] [ 50%] [32mBuilding CXX object CMakeFiles/driver_node.dir/src/turn_on_robot.cpp.o[0m
