[8.476s] DEBUG:colcon:Command line arguments: ['/usr/bin/colcon', 'build', '--packages-select', 'cpp_pkg', '--executor', 'parallel', '--parallel-workers', '8']
[8.479s] DEBUG:colcon:Parsed command line arguments: Namespace(log_base=None, log_level=None, verb_name='build', build_base='build', install_base='install', merge_install=False, symlink_install=False, test_result_base=None, continue_on_error=False, executor='parallel', parallel_workers=8, event_handlers=None, ignore_user_meta=False, metas=['./colcon.meta'], base_paths=['.'], packages_ignore=None, packages_ignore_regex=None, paths=None, packages_up_to=None, packages_up_to_regex=None, packages_above=None, packages_above_and_dependencies=None, packages_above_depth=None, packages_select_by_dep=None, packages_skip_by_dep=None, packages_skip_up_to=None, packages_select_build_failed=False, packages_skip_build_finished=False, packages_select_test_failures=False, packages_skip_test_passed=False, packages_select=['cpp_pkg'], packages_skip=None, packages_select_regex=None, packages_skip_regex=None, packages_start=None, packages_end=None, allow_overriding=[], cmake_args=None, cmake_target=None, cmake_target_skip_unavailable=False, cmake_clean_cache=False, cmake_clean_first=False, cmake_force_configure=False, ament_cmake_args=None, catkin_cmake_args=None, catkin_skip_building_tests=False, verb_parser=<colcon_defaults.argument_parser.defaults.DefaultArgumentsDecorator object at 0xffffb506b100>, verb_extension=<colcon_core.verb.build.BuildVerb object at 0xffffb506a0e0>, main=<bound method BuildVerb.main of <colcon_core.verb.build.BuildVerb object at 0xffffb506a0e0>>)
[8.863s] Level 1:colcon.colcon_core.package_discovery:discover_packages(colcon_meta) check parameters
[8.863s] Level 1:colcon.colcon_core.package_discovery:discover_packages(recursive) check parameters
[8.863s] Level 1:colcon.colcon_core.package_discovery:discover_packages(ignore) check parameters
[8.864s] Level 1:colcon.colcon_core.package_discovery:discover_packages(path) check parameters
[8.864s] Level 1:colcon.colcon_core.package_discovery:discover_packages(colcon_meta) discover
[8.864s] Level 1:colcon.colcon_core.package_discovery:discover_packages(recursive) discover
[8.864s] INFO:colcon.colcon_core.package_discovery:Crawling recursively for packages in '/home/sunrise/work/Robot-Driven'
[8.865s] Level 1:colcon.colcon_core.package_identification:_identify(.) by extensions ['ignore', 'ignore_ament_install']
[8.865s] Level 1:colcon.colcon_core.package_identification:_identify(.) by extension 'ignore'
[8.866s] Level 1:colcon.colcon_core.package_identification:_identify(.) by extension 'ignore_ament_install'
[8.866s] Level 1:colcon.colcon_core.package_identification:_identify(.) by extensions ['colcon_pkg']
[8.866s] Level 1:colcon.colcon_core.package_identification:_identify(.) by extension 'colcon_pkg'
[8.867s] Level 1:colcon.colcon_core.package_identification:_identify(.) by extensions ['colcon_meta']
[8.867s] Level 1:colcon.colcon_core.package_identification:_identify(.) by extension 'colcon_meta'
[8.867s] Level 1:colcon.colcon_core.package_identification:_identify(.) by extensions ['ros']
[8.867s] Level 1:colcon.colcon_core.package_identification:_identify(.) by extension 'ros'
[8.981s] Level 1:colcon.colcon_core.package_identification:_identify(.) by extensions ['cmake', 'python']
[8.981s] Level 1:colcon.colcon_core.package_identification:_identify(.) by extension 'cmake'
[8.981s] Level 1:colcon.colcon_core.package_identification:_identify(.) by extension 'python'
[8.982s] Level 1:colcon.colcon_core.package_identification:_identify(.) by extensions ['python_setup_py']
[8.982s] Level 1:colcon.colcon_core.package_identification:_identify(.) by extension 'python_setup_py'
[8.982s] Level 1:colcon.colcon_core.package_identification:_identify(build) by extensions ['ignore', 'ignore_ament_install']
[8.983s] Level 1:colcon.colcon_core.package_identification:_identify(build) by extension 'ignore'
[8.983s] Level 1:colcon.colcon_core.package_identification:_identify(build) ignored
[8.984s] Level 1:colcon.colcon_core.package_identification:_identify(install) by extensions ['ignore', 'ignore_ament_install']
[8.984s] Level 1:colcon.colcon_core.package_identification:_identify(install) by extension 'ignore'
[8.985s] Level 1:colcon.colcon_core.package_identification:_identify(install) ignored
[8.985s] Level 1:colcon.colcon_core.package_identification:_identify(log) by extensions ['ignore', 'ignore_ament_install']
[8.986s] Level 1:colcon.colcon_core.package_identification:_identify(log) by extension 'ignore'
[8.986s] Level 1:colcon.colcon_core.package_identification:_identify(log) ignored
[8.986s] Level 1:colcon.colcon_core.package_identification:_identify(src) by extensions ['ignore', 'ignore_ament_install']
[8.987s] Level 1:colcon.colcon_core.package_identification:_identify(src) by extension 'ignore'
[8.987s] Level 1:colcon.colcon_core.package_identification:_identify(src) by extension 'ignore_ament_install'
[8.987s] Level 1:colcon.colcon_core.package_identification:_identify(src) by extensions ['colcon_pkg']
[8.988s] Level 1:colcon.colcon_core.package_identification:_identify(src) by extension 'colcon_pkg'
[8.988s] Level 1:colcon.colcon_core.package_identification:_identify(src) by extensions ['colcon_meta']
[8.988s] Level 1:colcon.colcon_core.package_identification:_identify(src) by extension 'colcon_meta'
[8.988s] Level 1:colcon.colcon_core.package_identification:_identify(src) by extensions ['ros']
[8.989s] Level 1:colcon.colcon_core.package_identification:_identify(src) by extension 'ros'
[8.989s] Level 1:colcon.colcon_core.package_identification:_identify(src) by extensions ['cmake', 'python']
[8.989s] Level 1:colcon.colcon_core.package_identification:_identify(src) by extension 'cmake'
[8.990s] Level 1:colcon.colcon_core.package_identification:_identify(src) by extension 'python'
[8.990s] Level 1:colcon.colcon_core.package_identification:_identify(src) by extensions ['python_setup_py']
[8.990s] Level 1:colcon.colcon_core.package_identification:_identify(src) by extension 'python_setup_py'
[8.991s] Level 1:colcon.colcon_core.package_identification:_identify(src/cpp_pkg) by extensions ['ignore', 'ignore_ament_install']
[8.991s] Level 1:colcon.colcon_core.package_identification:_identify(src/cpp_pkg) by extension 'ignore'
[8.991s] Level 1:colcon.colcon_core.package_identification:_identify(src/cpp_pkg) by extension 'ignore_ament_install'
[8.992s] Level 1:colcon.colcon_core.package_identification:_identify(src/cpp_pkg) by extensions ['colcon_pkg']
[8.992s] Level 1:colcon.colcon_core.package_identification:_identify(src/cpp_pkg) by extension 'colcon_pkg'
[8.992s] Level 1:colcon.colcon_core.package_identification:_identify(src/cpp_pkg) by extensions ['colcon_meta']
[8.992s] Level 1:colcon.colcon_core.package_identification:_identify(src/cpp_pkg) by extension 'colcon_meta'
[8.993s] Level 1:colcon.colcon_core.package_identification:_identify(src/cpp_pkg) by extensions ['ros']
[8.993s] Level 1:colcon.colcon_core.package_identification:_identify(src/cpp_pkg) by extension 'ros'
[9.011s] DEBUG:colcon.colcon_core.package_identification:Package 'src/cpp_pkg' with type 'ros.ament_cmake' and name 'cpp_pkg'
[9.012s] Level 1:colcon.colcon_core.package_identification:_identify(src/robot_app_pkg) by extensions ['ignore', 'ignore_ament_install']
[9.012s] Level 1:colcon.colcon_core.package_identification:_identify(src/robot_app_pkg) by extension 'ignore'
[9.013s] Level 1:colcon.colcon_core.package_identification:_identify(src/robot_app_pkg) by extension 'ignore_ament_install'
[9.013s] Level 1:colcon.colcon_core.package_identification:_identify(src/robot_app_pkg) by extensions ['colcon_pkg']
[9.013s] Level 1:colcon.colcon_core.package_identification:_identify(src/robot_app_pkg) by extension 'colcon_pkg'
[9.014s] Level 1:colcon.colcon_core.package_identification:_identify(src/robot_app_pkg) by extensions ['colcon_meta']
[9.014s] Level 1:colcon.colcon_core.package_identification:_identify(src/robot_app_pkg) by extension 'colcon_meta'
[9.014s] Level 1:colcon.colcon_core.package_identification:_identify(src/robot_app_pkg) by extensions ['ros']
[9.014s] Level 1:colcon.colcon_core.package_identification:_identify(src/robot_app_pkg) by extension 'ros'
[9.019s] DEBUG:colcon.colcon_core.package_identification:Package 'src/robot_app_pkg' with type 'ros.ament_cmake' and name 'robot_app_pkg'
[9.020s] Level 1:colcon.colcon_core.package_discovery:discover_packages(recursive) using defaults
[9.020s] Level 1:colcon.colcon_core.package_discovery:discover_packages(ignore) discover
[9.020s] Level 1:colcon.colcon_core.package_discovery:discover_packages(ignore) using defaults
[9.020s] Level 1:colcon.colcon_core.package_discovery:discover_packages(path) discover
[9.021s] Level 1:colcon.colcon_core.package_discovery:discover_packages(path) using defaults
[9.187s] INFO:colcon.colcon_core.package_selection:Skipping not selected package 'robot_app_pkg' in 'src/robot_app_pkg'
[9.191s] Level 1:colcon.colcon_core.package_discovery:discover_packages(prefix_path) check parameters
[9.191s] Level 1:colcon.colcon_core.package_discovery:discover_packages(prefix_path) discover
[9.208s] DEBUG:colcon.colcon_installed_package_information.package_discovery:Found 57 installed packages in /opt/tros/humble
[9.216s] DEBUG:colcon.colcon_installed_package_information.package_discovery:Found 183 installed packages in /opt/ros/humble
[9.225s] Level 1:colcon.colcon_core.package_discovery:discover_packages(prefix_path) using defaults
