[0.044s] Invoking command in '/home/sunrise/work/Robot-Driven/build/cpp_pkg': CMAKE_PREFIX_PATH=/opt/tros/humble:/opt/ros/humble /usr/bin/cmake --build /home/sunrise/work/Robot-Driven/build/cpp_pkg -- -j8 -l8
[0.296s] [35m[1mConsolidate compiler generated dependencies of target driver_node[0m
[0.478s] [ 14%] [32mBuilding CXX object CMakeFiles/driver_node.dir/src/parse_imu_data.cpp.o[0m
[17.746s] [ 28%] [32m[1mLinking CXX executable driver_node[0m
[19.118s] [100%] Built target driver_node
[19.187s] Invoked command in '/home/sunrise/work/Robot-Driven/build/cpp_pkg' returned '0': CMAKE_PREFIX_PATH=/opt/tros/humble:/opt/ros/humble /usr/bin/cmake --build /home/sunrise/work/Robot-Driven/build/cpp_pkg -- -j8 -l8
[19.246s] Invoking command in '/home/sunrise/work/Robot-Driven/build/cpp_pkg': CMAKE_PREFIX_PATH=/opt/tros/humble:/opt/ros/humble /usr/bin/cmake --install /home/sunrise/work/Robot-Driven/build/cpp_pkg
[19.277s] -- Install configuration: "Release"
[19.278s] -- Installing: /home/sunrise/work/Robot-Driven/install/cpp_pkg/lib/cpp_pkg/driver_node
[19.290s] -- Set runtime path of "/home/sunrise/work/Robot-Driven/install/cpp_pkg/lib/cpp_pkg/driver_node" to "/usr/local/lib"
[19.290s] -- Up-to-date: /home/sunrise/work/Robot-Driven/install/cpp_pkg/share/cpp_pkg/launch
[19.291s] -- Up-to-date: /home/sunrise/work/Robot-Driven/install/cpp_pkg/share/cpp_pkg/launch/__pycache__
[19.292s] -- Up-to-date: /home/sunrise/work/Robot-Driven/install/cpp_pkg/share/cpp_pkg/launch/__pycache__/turn_on_robot.launch.cpython-310.pyc
[19.292s] -- Up-to-date: /home/sunrise/work/Robot-Driven/install/cpp_pkg/share/cpp_pkg/launch/turn_on_robot.launch.py
[19.293s] -- Up-to-date: /home/sunrise/work/Robot-Driven/install/cpp_pkg/share/ament_index/resource_index/package_run_dependencies/cpp_pkg
[19.293s] -- Up-to-date: /home/sunrise/work/Robot-Driven/install/cpp_pkg/share/ament_index/resource_index/parent_prefix_path/cpp_pkg
[19.294s] -- Up-to-date: /home/sunrise/work/Robot-Driven/install/cpp_pkg/share/cpp_pkg/environment/ament_prefix_path.sh
[19.294s] -- Up-to-date: /home/sunrise/work/Robot-Driven/install/cpp_pkg/share/cpp_pkg/environment/ament_prefix_path.dsv
[19.295s] -- Up-to-date: /home/sunrise/work/Robot-Driven/install/cpp_pkg/share/cpp_pkg/environment/path.sh
[19.295s] -- Up-to-date: /home/sunrise/work/Robot-Driven/install/cpp_pkg/share/cpp_pkg/environment/path.dsv
[19.295s] -- Up-to-date: /home/sunrise/work/Robot-Driven/install/cpp_pkg/share/cpp_pkg/local_setup.bash
[19.296s] -- Up-to-date: /home/sunrise/work/Robot-Driven/install/cpp_pkg/share/cpp_pkg/local_setup.sh
[19.296s] -- Up-to-date: /home/sunrise/work/Robot-Driven/install/cpp_pkg/share/cpp_pkg/local_setup.zsh
[19.297s] -- Up-to-date: /home/sunrise/work/Robot-Driven/install/cpp_pkg/share/cpp_pkg/local_setup.dsv
[19.297s] -- Installing: /home/sunrise/work/Robot-Driven/install/cpp_pkg/share/cpp_pkg/package.dsv
[19.298s] -- Up-to-date: /home/sunrise/work/Robot-Driven/install/cpp_pkg/share/ament_index/resource_index/packages/cpp_pkg
[19.298s] -- Up-to-date: /home/sunrise/work/Robot-Driven/install/cpp_pkg/share/cpp_pkg/cmake/cpp_pkgConfig.cmake
[19.300s] -- Up-to-date: /home/sunrise/work/Robot-Driven/install/cpp_pkg/share/cpp_pkg/cmake/cpp_pkgConfig-version.cmake
[19.303s] -- Up-to-date: /home/sunrise/work/Robot-Driven/install/cpp_pkg/share/cpp_pkg/package.xml
[19.304s] Invoked command in '/home/sunrise/work/Robot-Driven/build/cpp_pkg' returned '0': CMAKE_PREFIX_PATH=/opt/tros/humble:/opt/ros/humble /usr/bin/cmake --install /home/sunrise/work/Robot-Driven/build/cpp_pkg
