[0.885s] DEBUG:colcon:Command line arguments: ['/usr/bin/colcon', 'build', '--packages-select', 'cpp_pkg', '--executor', 'parallel', '--parallel-workers', '8']
[0.886s] DEBUG:colcon:Parsed command line arguments: Namespace(log_base=None, log_level=None, verb_name='build', build_base='build', install_base='install', merge_install=False, symlink_install=False, test_result_base=None, continue_on_error=False, executor='parallel', parallel_workers=8, event_handlers=None, ignore_user_meta=False, metas=['./colcon.meta'], base_paths=['.'], packages_ignore=None, packages_ignore_regex=None, paths=None, packages_up_to=None, packages_up_to_regex=None, packages_above=None, packages_above_and_dependencies=None, packages_above_depth=None, packages_select_by_dep=None, packages_skip_by_dep=None, packages_skip_up_to=None, packages_select_build_failed=False, packages_skip_build_finished=False, packages_select_test_failures=False, packages_skip_test_passed=False, packages_select=['cpp_pkg'], packages_skip=None, packages_select_regex=None, packages_skip_regex=None, packages_start=None, packages_end=None, allow_overriding=[], cmake_args=None, cmake_target=None, cmake_target_skip_unavailable=False, cmake_clean_cache=False, cmake_clean_first=False, cmake_force_configure=False, ament_cmake_args=None, catkin_cmake_args=None, catkin_skip_building_tests=False, verb_parser=<colcon_defaults.argument_parser.defaults.DefaultArgumentsDecorator object at 0xffff7f61f0a0>, verb_extension=<colcon_core.verb.build.BuildVerb object at 0xffff7f61e080>, main=<bound method BuildVerb.main of <colcon_core.verb.build.BuildVerb object at 0xffff7f61e080>>)
[1.208s] Level 1:colcon.colcon_core.package_discovery:discover_packages(colcon_meta) check parameters
[1.209s] Level 1:colcon.colcon_core.package_discovery:discover_packages(recursive) check parameters
[1.209s] Level 1:colcon.colcon_core.package_discovery:discover_packages(ignore) check parameters
[1.209s] Level 1:colcon.colcon_core.package_discovery:discover_packages(path) check parameters
[1.210s] Level 1:colcon.colcon_core.package_discovery:discover_packages(colcon_meta) discover
[1.210s] Level 1:colcon.colcon_core.package_discovery:discover_packages(recursive) discover
[1.210s] INFO:colcon.colcon_core.package_discovery:Crawling recursively for packages in '/root/catkin_ws'
[1.211s] Level 1:colcon.colcon_core.package_identification:_identify(.) by extensions ['ignore', 'ignore_ament_install']
[1.211s] Level 1:colcon.colcon_core.package_identification:_identify(.) by extension 'ignore'
[1.212s] Level 1:colcon.colcon_core.package_identification:_identify(.) by extension 'ignore_ament_install'
[1.212s] Level 1:colcon.colcon_core.package_identification:_identify(.) by extensions ['colcon_pkg']
[1.212s] Level 1:colcon.colcon_core.package_identification:_identify(.) by extension 'colcon_pkg'
[1.212s] Level 1:colcon.colcon_core.package_identification:_identify(.) by extensions ['colcon_meta']
[1.213s] Level 1:colcon.colcon_core.package_identification:_identify(.) by extension 'colcon_meta'
[1.213s] Level 1:colcon.colcon_core.package_identification:_identify(.) by extensions ['ros']
[1.213s] Level 1:colcon.colcon_core.package_identification:_identify(.) by extension 'ros'
[1.322s] Level 1:colcon.colcon_core.package_identification:_identify(.) by extensions ['cmake', 'python']
[1.323s] Level 1:colcon.colcon_core.package_identification:_identify(.) by extension 'cmake'
[1.323s] Level 1:colcon.colcon_core.package_identification:_identify(.) by extension 'python'
[1.323s] Level 1:colcon.colcon_core.package_identification:_identify(.) by extensions ['python_setup_py']
[1.324s] Level 1:colcon.colcon_core.package_identification:_identify(.) by extension 'python_setup_py'
[1.324s] Level 1:colcon.colcon_core.package_identification:_identify(build) by extensions ['ignore', 'ignore_ament_install']
[1.325s] Level 1:colcon.colcon_core.package_identification:_identify(build) by extension 'ignore'
[1.325s] Level 1:colcon.colcon_core.package_identification:_identify(build) ignored
[1.326s] Level 1:colcon.colcon_core.package_identification:_identify(install) by extensions ['ignore', 'ignore_ament_install']
[1.326s] Level 1:colcon.colcon_core.package_identification:_identify(install) by extension 'ignore'
[1.327s] Level 1:colcon.colcon_core.package_identification:_identify(install) ignored
[1.327s] Level 1:colcon.colcon_core.package_identification:_identify(log) by extensions ['ignore', 'ignore_ament_install']
[1.328s] Level 1:colcon.colcon_core.package_identification:_identify(log) by extension 'ignore'
[1.328s] Level 1:colcon.colcon_core.package_identification:_identify(log) ignored
[1.328s] Level 1:colcon.colcon_core.package_identification:_identify(src) by extensions ['ignore', 'ignore_ament_install']
[1.329s] Level 1:colcon.colcon_core.package_identification:_identify(src) by extension 'ignore'
[1.329s] Level 1:colcon.colcon_core.package_identification:_identify(src) by extension 'ignore_ament_install'
[1.329s] Level 1:colcon.colcon_core.package_identification:_identify(src) by extensions ['colcon_pkg']
[1.330s] Level 1:colcon.colcon_core.package_identification:_identify(src) by extension 'colcon_pkg'
[1.330s] Level 1:colcon.colcon_core.package_identification:_identify(src) by extensions ['colcon_meta']
[1.330s] Level 1:colcon.colcon_core.package_identification:_identify(src) by extension 'colcon_meta'
[1.330s] Level 1:colcon.colcon_core.package_identification:_identify(src) by extensions ['ros']
[1.331s] Level 1:colcon.colcon_core.package_identification:_identify(src) by extension 'ros'
[1.331s] Level 1:colcon.colcon_core.package_identification:_identify(src) by extensions ['cmake', 'python']
[1.331s] Level 1:colcon.colcon_core.package_identification:_identify(src) by extension 'cmake'
[1.332s] Level 1:colcon.colcon_core.package_identification:_identify(src) by extension 'python'
[1.332s] Level 1:colcon.colcon_core.package_identification:_identify(src) by extensions ['python_setup_py']
[1.332s] Level 1:colcon.colcon_core.package_identification:_identify(src) by extension 'python_setup_py'
[1.333s] Level 1:colcon.colcon_core.package_identification:_identify(src/cpp_pkg) by extensions ['ignore', 'ignore_ament_install']
[1.333s] Level 1:colcon.colcon_core.package_identification:_identify(src/cpp_pkg) by extension 'ignore'
[1.334s] Level 1:colcon.colcon_core.package_identification:_identify(src/cpp_pkg) by extension 'ignore_ament_install'
[1.334s] Level 1:colcon.colcon_core.package_identification:_identify(src/cpp_pkg) by extensions ['colcon_pkg']
[1.334s] Level 1:colcon.colcon_core.package_identification:_identify(src/cpp_pkg) by extension 'colcon_pkg'
[1.334s] Level 1:colcon.colcon_core.package_identification:_identify(src/cpp_pkg) by extensions ['colcon_meta']
[1.335s] Level 1:colcon.colcon_core.package_identification:_identify(src/cpp_pkg) by extension 'colcon_meta'
[1.335s] Level 1:colcon.colcon_core.package_identification:_identify(src/cpp_pkg) by extensions ['ros']
[1.335s] Level 1:colcon.colcon_core.package_identification:_identify(src/cpp_pkg) by extension 'ros'
[1.352s] DEBUG:colcon.colcon_core.package_identification:Package 'src/cpp_pkg' with type 'ros.ament_cmake' and name 'cpp_pkg'
[1.353s] Level 1:colcon.colcon_core.package_identification:_identify(src/robot_app_pkg) by extensions ['ignore', 'ignore_ament_install']
[1.354s] Level 1:colcon.colcon_core.package_identification:_identify(src/robot_app_pkg) by extension 'ignore'
[1.354s] Level 1:colcon.colcon_core.package_identification:_identify(src/robot_app_pkg) by extension 'ignore_ament_install'
[1.355s] Level 1:colcon.colcon_core.package_identification:_identify(src/robot_app_pkg) by extensions ['colcon_pkg']
[1.355s] Level 1:colcon.colcon_core.package_identification:_identify(src/robot_app_pkg) by extension 'colcon_pkg'
[1.355s] Level 1:colcon.colcon_core.package_identification:_identify(src/robot_app_pkg) by extensions ['colcon_meta']
[1.355s] Level 1:colcon.colcon_core.package_identification:_identify(src/robot_app_pkg) by extension 'colcon_meta'
[1.356s] Level 1:colcon.colcon_core.package_identification:_identify(src/robot_app_pkg) by extensions ['ros']
[1.356s] Level 1:colcon.colcon_core.package_identification:_identify(src/robot_app_pkg) by extension 'ros'
[1.361s] DEBUG:colcon.colcon_core.package_identification:Package 'src/robot_app_pkg' with type 'ros.ament_cmake' and name 'robot_app_pkg'
[1.361s] Level 1:colcon.colcon_core.package_discovery:discover_packages(recursive) using defaults
[1.361s] Level 1:colcon.colcon_core.package_discovery:discover_packages(ignore) discover
[1.361s] Level 1:colcon.colcon_core.package_discovery:discover_packages(ignore) using defaults
[1.362s] Level 1:colcon.colcon_core.package_discovery:discover_packages(path) discover
[1.362s] Level 1:colcon.colcon_core.package_discovery:discover_packages(path) using defaults
[1.505s] INFO:colcon.colcon_core.package_selection:Skipping not selected package 'robot_app_pkg' in 'src/robot_app_pkg'
[1.508s] Level 1:colcon.colcon_core.package_discovery:discover_packages(prefix_path) check parameters
[1.509s] Level 1:colcon.colcon_core.package_discovery:discover_packages(prefix_path) discover
[1.526s] DEBUG:colcon.colcon_installed_package_information.package_discovery:Found 8 installed packages in /home/sunrise/wheeltec_tros/install
[1.530s] DEBUG:colcon.colcon_installed_package_information.package_discovery:Found 58 installed packages in /opt/tros/humble
[1.540s] DEBUG:colcon.colcon_installed_package_information.package_discovery:Found 191 installed packages in /opt/ros/humble
[1.549s] Level 1:colcon.colcon_core.package_discovery:discover_packages(prefix_path) using defaults
[1.776s] Level 5:colcon.colcon_core.verb:set package 'cpp_pkg' build argument 'cmake_args' from command line to 'None'
[1.777s] Level 5:colcon.colcon_core.verb:set package 'cpp_pkg' build argument 'cmake_target' from command line to 'None'
[1.777s] Level 5:colcon.colcon_core.verb:set package 'cpp_pkg' build argument 'cmake_target_skip_unavailable' from command line to 'False'
[1.777s] Level 5:colcon.colcon_core.verb:set package 'cpp_pkg' build argument 'cmake_clean_cache' from command line to 'False'
[1.778s] Level 5:colcon.colcon_core.verb:set package 'cpp_pkg' build argument 'cmake_clean_first' from command line to 'False'
[1.778s] Level 5:colcon.colcon_core.verb:set package 'cpp_pkg' build argument 'cmake_force_configure' from command line to 'False'
[1.778s] Level 5:colcon.colcon_core.verb:set package 'cpp_pkg' build argument 'ament_cmake_args' from command line to 'None'
[1.778s] Level 5:colcon.colcon_core.verb:set package 'cpp_pkg' build argument 'catkin_cmake_args' from command line to 'None'
[1.778s] Level 5:colcon.colcon_core.verb:set package 'cpp_pkg' build argument 'catkin_skip_building_tests' from command line to 'False'
[1.779s] DEBUG:colcon.colcon_core.verb:Building package 'cpp_pkg' with the following arguments: {'ament_cmake_args': None, 'build_base': '/root/catkin_ws/build/cpp_pkg', 'catkin_cmake_args': None, 'catkin_skip_building_tests': False, 'cmake_args': None, 'cmake_clean_cache': False, 'cmake_clean_first': False, 'cmake_force_configure': False, 'cmake_target': None, 'cmake_target_skip_unavailable': False, 'install_base': '/root/catkin_ws/install/cpp_pkg', 'merge_install': False, 'path': '/root/catkin_ws/src/cpp_pkg', 'symlink_install': False, 'test_result_base': None}
[1.780s] INFO:colcon.colcon_core.executor:Executing jobs using 'parallel' executor
[1.784s] DEBUG:colcon.colcon_parallel_executor.executor.parallel:run_until_complete
[1.785s] INFO:colcon.colcon_ros.task.ament_cmake.build:Building ROS package in '/root/catkin_ws/src/cpp_pkg' with build type 'ament_cmake'
[1.786s] INFO:colcon.colcon_cmake.task.cmake.build:Building CMake package in '/root/catkin_ws/src/cpp_pkg'
[1.804s] INFO:colcon.colcon_core.plugin_system:Skipping extension 'colcon_core.shell.bat': Not used on non-Windows systems
[1.805s] INFO:colcon.colcon_core.shell:Skip shell extension 'powershell' for command environment: Not usable outside of PowerShell
[1.806s] DEBUG:colcon.colcon_core.shell:Skip shell extension 'dsv' for command environment
[1.847s] DEBUG:colcon.colcon_core.event_handler.log_command:Invoking command in '/root/catkin_ws/build/cpp_pkg': CMAKE_PREFIX_PATH=${CMAKE_PREFIX_PATH}:/home/sunrise/wheeltec_tros/install/reid:/home/sunrise/wheeltec_tros/install/mono2d_body_detect:/home/sunrise/wheeltec_tros/install/hobot_eye:/home/sunrise/wheeltec_tros/install/fisheye_camera:/home/sunrise/wheeltec_tros/install/face_recog:/home/sunrise/wheeltec_tros/install/face_landmarks_detection:/home/sunrise/wheeltec_tros/install/body_tracking:/opt/tros/humble:/opt/ros/humble /usr/bin/cmake --build /root/catkin_ws/build/cpp_pkg -- -j8 -l8
[75.126s] DEBUG:colcon.colcon_core.event_handler.log_command:Invoked command in '/root/catkin_ws/build/cpp_pkg' returned '0': CMAKE_PREFIX_PATH=${CMAKE_PREFIX_PATH}:/home/sunrise/wheeltec_tros/install/reid:/home/sunrise/wheeltec_tros/install/mono2d_body_detect:/home/sunrise/wheeltec_tros/install/hobot_eye:/home/sunrise/wheeltec_tros/install/fisheye_camera:/home/sunrise/wheeltec_tros/install/face_recog:/home/sunrise/wheeltec_tros/install/face_landmarks_detection:/home/sunrise/wheeltec_tros/install/body_tracking:/opt/tros/humble:/opt/ros/humble /usr/bin/cmake --build /root/catkin_ws/build/cpp_pkg -- -j8 -l8
[75.188s] DEBUG:colcon.colcon_core.event_handler.log_command:Invoking command in '/root/catkin_ws/build/cpp_pkg': CMAKE_PREFIX_PATH=${CMAKE_PREFIX_PATH}:/home/sunrise/wheeltec_tros/install/reid:/home/sunrise/wheeltec_tros/install/mono2d_body_detect:/home/sunrise/wheeltec_tros/install/hobot_eye:/home/sunrise/wheeltec_tros/install/fisheye_camera:/home/sunrise/wheeltec_tros/install/face_recog:/home/sunrise/wheeltec_tros/install/face_landmarks_detection:/home/sunrise/wheeltec_tros/install/body_tracking:/opt/tros/humble:/opt/ros/humble /usr/bin/cmake --install /root/catkin_ws/build/cpp_pkg
[75.318s] Level 1:colcon.colcon_core.environment:create_environment_scripts_only(cpp_pkg)
[75.321s] DEBUG:colcon.colcon_core.event_handler.log_command:Invoked command in '/root/catkin_ws/build/cpp_pkg' returned '0': CMAKE_PREFIX_PATH=${CMAKE_PREFIX_PATH}:/home/sunrise/wheeltec_tros/install/reid:/home/sunrise/wheeltec_tros/install/mono2d_body_detect:/home/sunrise/wheeltec_tros/install/hobot_eye:/home/sunrise/wheeltec_tros/install/fisheye_camera:/home/sunrise/wheeltec_tros/install/face_recog:/home/sunrise/wheeltec_tros/install/face_landmarks_detection:/home/sunrise/wheeltec_tros/install/body_tracking:/opt/tros/humble:/opt/ros/humble /usr/bin/cmake --install /root/catkin_ws/build/cpp_pkg
[75.343s] Level 1:colcon.colcon_core.environment:checking '/root/catkin_ws/install/cpp_pkg' for CMake module files
[75.347s] Level 1:colcon.colcon_core.environment:checking '/root/catkin_ws/install/cpp_pkg' for CMake config files
[75.348s] Level 1:colcon.colcon_core.shell:create_environment_hook('cpp_pkg', 'cmake_prefix_path')
[75.350s] INFO:colcon.colcon_core.shell:Creating environment hook '/root/catkin_ws/install/cpp_pkg/share/cpp_pkg/hook/cmake_prefix_path.ps1'
[75.355s] INFO:colcon.colcon_core.shell:Creating environment descriptor '/root/catkin_ws/install/cpp_pkg/share/cpp_pkg/hook/cmake_prefix_path.dsv'
[75.359s] INFO:colcon.colcon_core.shell:Creating environment hook '/root/catkin_ws/install/cpp_pkg/share/cpp_pkg/hook/cmake_prefix_path.sh'
[75.365s] Level 1:colcon.colcon_core.environment:checking '/root/catkin_ws/install/cpp_pkg/lib'
[75.366s] Level 1:colcon.colcon_core.environment:checking '/root/catkin_ws/install/cpp_pkg/bin'
[75.366s] Level 1:colcon.colcon_core.environment:checking '/root/catkin_ws/install/cpp_pkg/lib/pkgconfig/cpp_pkg.pc'
[75.368s] Level 1:colcon.colcon_core.environment:checking '/root/catkin_ws/install/cpp_pkg/lib/python3.10/site-packages'
[75.371s] Level 1:colcon.colcon_core.environment:checking '/root/catkin_ws/install/cpp_pkg/bin'
[75.373s] INFO:colcon.colcon_core.shell:Creating package script '/root/catkin_ws/install/cpp_pkg/share/cpp_pkg/package.ps1'
[75.379s] INFO:colcon.colcon_core.shell:Creating package descriptor '/root/catkin_ws/install/cpp_pkg/share/cpp_pkg/package.dsv'
[75.383s] INFO:colcon.colcon_core.shell:Creating package script '/root/catkin_ws/install/cpp_pkg/share/cpp_pkg/package.sh'
[75.389s] INFO:colcon.colcon_core.shell:Creating package script '/root/catkin_ws/install/cpp_pkg/share/cpp_pkg/package.bash'
[75.396s] INFO:colcon.colcon_core.shell:Creating package script '/root/catkin_ws/install/cpp_pkg/share/cpp_pkg/package.zsh'
[75.402s] Level 1:colcon.colcon_core.environment:create_file_with_runtime_dependencies(/root/catkin_ws/install/cpp_pkg/share/colcon-core/packages/cpp_pkg)
[75.405s] Level 1:colcon.colcon_core.environment:create_environment_scripts_only(cpp_pkg)
[75.407s] Level 1:colcon.colcon_core.environment:checking '/root/catkin_ws/install/cpp_pkg' for CMake module files
[75.410s] Level 1:colcon.colcon_core.environment:checking '/root/catkin_ws/install/cpp_pkg' for CMake config files
[75.411s] Level 1:colcon.colcon_core.shell:create_environment_hook('cpp_pkg', 'cmake_prefix_path')
[75.412s] INFO:colcon.colcon_core.shell:Creating environment hook '/root/catkin_ws/install/cpp_pkg/share/cpp_pkg/hook/cmake_prefix_path.ps1'
[75.414s] INFO:colcon.colcon_core.shell:Creating environment descriptor '/root/catkin_ws/install/cpp_pkg/share/cpp_pkg/hook/cmake_prefix_path.dsv'
[75.416s] INFO:colcon.colcon_core.shell:Creating environment hook '/root/catkin_ws/install/cpp_pkg/share/cpp_pkg/hook/cmake_prefix_path.sh'
[75.419s] Level 1:colcon.colcon_core.environment:checking '/root/catkin_ws/install/cpp_pkg/lib'
[75.420s] Level 1:colcon.colcon_core.environment:checking '/root/catkin_ws/install/cpp_pkg/bin'
[75.420s] Level 1:colcon.colcon_core.environment:checking '/root/catkin_ws/install/cpp_pkg/lib/pkgconfig/cpp_pkg.pc'
[75.421s] Level 1:colcon.colcon_core.environment:checking '/root/catkin_ws/install/cpp_pkg/lib/python3.10/site-packages'
[75.424s] Level 1:colcon.colcon_core.environment:checking '/root/catkin_ws/install/cpp_pkg/bin'
[75.426s] INFO:colcon.colcon_core.shell:Creating package script '/root/catkin_ws/install/cpp_pkg/share/cpp_pkg/package.ps1'
[75.428s] INFO:colcon.colcon_core.shell:Creating package descriptor '/root/catkin_ws/install/cpp_pkg/share/cpp_pkg/package.dsv'
[75.431s] INFO:colcon.colcon_core.shell:Creating package script '/root/catkin_ws/install/cpp_pkg/share/cpp_pkg/package.sh'
[75.434s] INFO:colcon.colcon_core.shell:Creating package script '/root/catkin_ws/install/cpp_pkg/share/cpp_pkg/package.bash'
[75.436s] INFO:colcon.colcon_core.shell:Creating package script '/root/catkin_ws/install/cpp_pkg/share/cpp_pkg/package.zsh'
[75.439s] Level 1:colcon.colcon_core.environment:create_file_with_runtime_dependencies(/root/catkin_ws/install/cpp_pkg/share/colcon-core/packages/cpp_pkg)
[75.440s] DEBUG:colcon.colcon_parallel_executor.executor.parallel:closing loop
[75.441s] DEBUG:colcon.colcon_parallel_executor.executor.parallel:loop closed
[75.441s] DEBUG:colcon.colcon_parallel_executor.executor.parallel:run_until_complete finished with '0'
[75.442s] DEBUG:colcon.colcon_core.event_reactor:joining thread
[75.493s] INFO:colcon.colcon_core.plugin_system:Skipping extension 'colcon_notification.desktop_notification.notify_send': Could not find 'notify-send'
[75.494s] INFO:colcon.colcon_core.plugin_system:Skipping extension 'colcon_notification.desktop_notification.terminal_notifier': Not used on non-Darwin systems
[75.494s] INFO:colcon.colcon_core.plugin_system:Skipping extension 'colcon_notification.desktop_notification.win32': Not used on non-Windows systems
[75.494s] INFO:colcon.colcon_notification.desktop_notification:Sending desktop notification using 'notify2'
[100.614s] DEBUG:colcon.colcon_notification.desktop_notification.notify2:Failed to initialize notify2: org.freedesktop.DBus.Error.NoReply: Did not receive a reply. Possible causes include: the remote application did not send a reply, the message bus security policy blocked the reply, the reply timeout expired, or the network connection was broken.
[100.615s] DEBUG:colcon.colcon_core.event_reactor:joined thread
[100.618s] INFO:colcon.colcon_core.shell:Creating prefix script '/root/catkin_ws/install/local_setup.ps1'
[100.633s] INFO:colcon.colcon_core.shell:Creating prefix util module '/root/catkin_ws/install/_local_setup_util_ps1.py'
[100.644s] INFO:colcon.colcon_core.shell:Creating prefix chain script '/root/catkin_ws/install/setup.ps1'
[100.663s] INFO:colcon.colcon_core.shell:Creating prefix script '/root/catkin_ws/install/local_setup.sh'
[100.667s] INFO:colcon.colcon_core.shell:Creating prefix util module '/root/catkin_ws/install/_local_setup_util_sh.py'
[100.671s] INFO:colcon.colcon_core.shell:Creating prefix chain script '/root/catkin_ws/install/setup.sh'
[100.681s] INFO:colcon.colcon_core.shell:Creating prefix script '/root/catkin_ws/install/local_setup.bash'
[100.685s] INFO:colcon.colcon_core.shell:Creating prefix chain script '/root/catkin_ws/install/setup.bash'
[100.695s] INFO:colcon.colcon_core.shell:Creating prefix script '/root/catkin_ws/install/local_setup.zsh'
[100.700s] INFO:colcon.colcon_core.shell:Creating prefix chain script '/root/catkin_ws/install/setup.zsh'
