[35m[1mConsolidate compiler generated dependencies of target driver_node[0m
[ 20%] [32mBuilding CXX object CMakeFiles/driver_node.dir/src/main.cpp.o[0m
[ 40%] [32mBuilding CXX object CMakeFiles/driver_node.dir/src/turn_on_robot.cpp.o[0m
[ 60%] [32m[1mLinking CXX executable driver_node[0m
[100%] Built target driver_node
-- Install configuration: ""
-- Installing: /root/catkin_ws/install/cpp_pkg/lib/cpp_pkg/driver_node
-- Set runtime path of "/root/catkin_ws/install/cpp_pkg/lib/cpp_pkg/driver_node" to "/usr/local/lib"
-- Up-to-date: /root/catkin_ws/install/cpp_pkg/share/cpp_pkg/launch
-- Up-to-date: /root/catkin_ws/install/cpp_pkg/share/cpp_pkg/launch/__pycache__
-- Up-to-date: /root/catkin_ws/install/cpp_pkg/share/cpp_pkg/launch/__pycache__/turn_on_robot.launch.cpython-310.pyc
-- Up-to-date: /root/catkin_ws/install/cpp_pkg/share/cpp_pkg/launch/turn_on_robot.launch.py
-- Up-to-date: /root/catkin_ws/install/cpp_pkg/share/ament_index/resource_index/package_run_dependencies/cpp_pkg
-- Up-to-date: /root/catkin_ws/install/cpp_pkg/share/ament_index/resource_index/parent_prefix_path/cpp_pkg
-- Up-to-date: /root/catkin_ws/install/cpp_pkg/share/cpp_pkg/environment/ament_prefix_path.sh
-- Up-to-date: /root/catkin_ws/install/cpp_pkg/share/cpp_pkg/environment/ament_prefix_path.dsv
-- Up-to-date: /root/catkin_ws/install/cpp_pkg/share/cpp_pkg/environment/path.sh
-- Up-to-date: /root/catkin_ws/install/cpp_pkg/share/cpp_pkg/environment/path.dsv
-- Up-to-date: /root/catkin_ws/install/cpp_pkg/share/cpp_pkg/local_setup.bash
-- Up-to-date: /root/catkin_ws/install/cpp_pkg/share/cpp_pkg/local_setup.sh
-- Up-to-date: /root/catkin_ws/install/cpp_pkg/share/cpp_pkg/local_setup.zsh
-- Up-to-date: /root/catkin_ws/install/cpp_pkg/share/cpp_pkg/local_setup.dsv
-- Installing: /root/catkin_ws/install/cpp_pkg/share/cpp_pkg/package.dsv
-- Up-to-date: /root/catkin_ws/install/cpp_pkg/share/ament_index/resource_index/packages/cpp_pkg
-- Up-to-date: /root/catkin_ws/install/cpp_pkg/share/cpp_pkg/cmake/cpp_pkgConfig.cmake
-- Up-to-date: /root/catkin_ws/install/cpp_pkg/share/cpp_pkg/cmake/cpp_pkgConfig-version.cmake
-- Up-to-date: /root/catkin_ws/install/cpp_pkg/share/cpp_pkg/package.xml
