In file included from [01m[K/home/sunrise/work/Robot-Driven/src/cpp_pkg/src/SerialPortImpl.cpp:1[m[K:
[01m[K/home/sunrise/work/Robot-Driven/src/cpp_pkg/include/cpp_pkg/SerialPortImpl.h:4:10:[m[K [01;31m[Kfatal error: [m[Kserial/serial.h: No such file or directory
    4 | #include [01;31m[K<serial/serial.h>[m[K
      |          [01;31m[K^~~~~~~~~~~~~~~~~[m[K
compilation terminated.
gmake[2]: *** [CMakeFiles/driver_node.dir/build.make:90: CMakeFiles/driver_node.dir/src/SerialPortImpl.cpp.o] Error 1
gmake[2]: *** Waiting for unfinished jobs....
In file included from [01m[K/home/sunrise/work/Robot-Driven/src/cpp_pkg/include/cpp_pkg/IDeviceThread.h:11[m[K,
                 from [01m[K/home/sunrise/work/Robot-Driven/src/cpp_pkg/src/IDeviceThread.cpp:1[m[K:
[01m[K/home/sunrise/work/Robot-Driven/src/cpp_pkg/include/cpp_pkg/SerialPortImpl.h:4:10:[m[K [01;31m[Kfatal error: [m[Kserial/serial.h: No such file or directory
    4 | #include [01;31m[K<serial/serial.h>[m[K
      |          [01;31m[K^~~~~~~~~~~~~~~~~[m[K
compilation terminated.
gmake[2]: *** [CMakeFiles/driver_node.dir/build.make:76: CMakeFiles/driver_node.dir/src/IDeviceThread.cpp.o] Error 1
In file included from [01m[K/home/sunrise/work/Robot-Driven/src/cpp_pkg/include/cpp_pkg/turn_on_robot.h:3[m[K,
                 from [01m[K/home/sunrise/work/Robot-Driven/src/cpp_pkg/src/main.cpp:1[m[K:
[01m[K/home/sunrise/work/Robot-Driven/src/cpp_pkg/include/cpp_pkg/SerialPortImpl.h:4:10:[m[K [01;31m[Kfatal error: [m[Kserial/serial.h: No such file or directory
    4 | #include [01;31m[K<serial/serial.h>[m[K
      |          [01;31m[K^~~~~~~~~~~~~~~~~[m[K
In file included from [01m[K/home/sunrise/work/Robot-Driven/src/cpp_pkg/include/cpp_pkg/turn_on_robot.h:3[m[K,
                 from [01m[K/home/sunrise/work/Robot-Driven/src/cpp_pkg/src/turn_on_robot.cpp:1[m[K:
[01m[K/home/sunrise/work/Robot-Driven/src/cpp_pkg/include/cpp_pkg/SerialPortImpl.h:4:10:[m[K [01;31m[Kfatal error: [m[Kserial/serial.h: No such file or directory
    4 | #include [01;31m[K<serial/serial.h>[m[K
      |          [01;31m[K^~~~~~~~~~~~~~~~~[m[K
compilation terminated.
compilation terminated.
gmake[2]: *** [CMakeFiles/driver_node.dir/build.make:118: CMakeFiles/driver_node.dir/src/turn_on_robot.cpp.o] Error 1
gmake[2]: *** [CMakeFiles/driver_node.dir/build.make:104: CMakeFiles/driver_node.dir/src/main.cpp.o] Error 1
gmake[1]: *** [CMakeFiles/Makefile2:137: CMakeFiles/driver_node.dir/all] Error 2
gmake: *** [Makefile:146: all] Error 2
