[0.615s] DEBUG:colcon:Command line arguments: ['/usr/bin/colcon', 'build', '--packages-select', 'cpp_pkg', '--executor', 'parallel', '--parallel-workers', '8']
[0.616s] DEBUG:colcon:Parsed command line arguments: Namespace(log_base=None, log_level=None, verb_name='build', build_base='build', install_base='install', merge_install=False, symlink_install=False, test_result_base=None, continue_on_error=False, executor='parallel', parallel_workers=8, event_handlers=None, ignore_user_meta=False, metas=['./colcon.meta'], base_paths=['.'], packages_ignore=None, packages_ignore_regex=None, paths=None, packages_up_to=None, packages_up_to_regex=None, packages_above=None, packages_above_and_dependencies=None, packages_above_depth=None, packages_select_by_dep=None, packages_skip_by_dep=None, packages_skip_up_to=None, packages_select_build_failed=False, packages_skip_build_finished=False, packages_select_test_failures=False, packages_skip_test_passed=False, packages_select=['cpp_pkg'], packages_skip=None, packages_select_regex=None, packages_skip_regex=None, packages_start=None, packages_end=None, allow_overriding=[], cmake_args=None, cmake_target=None, cmake_target_skip_unavailable=False, cmake_clean_cache=False, cmake_clean_first=False, cmake_force_configure=False, ament_cmake_args=None, catkin_cmake_args=None, catkin_skip_building_tests=False, verb_parser=<colcon_defaults.argument_parser.defaults.DefaultArgumentsDecorator object at 0xffff9fb5b100>, verb_extension=<colcon_core.verb.build.BuildVerb object at 0xffff9fb5a0e0>, main=<bound method BuildVerb.main of <colcon_core.verb.build.BuildVerb object at 0xffff9fb5a0e0>>)
[0.858s] Level 1:colcon.colcon_core.package_discovery:discover_packages(colcon_meta) check parameters
[0.859s] Level 1:colcon.colcon_core.package_discovery:discover_packages(recursive) check parameters
[0.859s] Level 1:colcon.colcon_core.package_discovery:discover_packages(ignore) check parameters
[0.860s] Level 1:colcon.colcon_core.package_discovery:discover_packages(path) check parameters
[0.860s] Level 1:colcon.colcon_core.package_discovery:discover_packages(colcon_meta) discover
[0.860s] Level 1:colcon.colcon_core.package_discovery:discover_packages(recursive) discover
[0.861s] INFO:colcon.colcon_core.package_discovery:Crawling recursively for packages in '/home/sunrise/work/Robot-Driven'
[0.861s] Level 1:colcon.colcon_core.package_identification:_identify(.) by extensions ['ignore', 'ignore_ament_install']
[0.862s] Level 1:colcon.colcon_core.package_identification:_identify(.) by extension 'ignore'
[0.862s] Level 1:colcon.colcon_core.package_identification:_identify(.) by extension 'ignore_ament_install'
[0.862s] Level 1:colcon.colcon_core.package_identification:_identify(.) by extensions ['colcon_pkg']
[0.862s] Level 1:colcon.colcon_core.package_identification:_identify(.) by extension 'colcon_pkg'
[0.863s] Level 1:colcon.colcon_core.package_identification:_identify(.) by extensions ['colcon_meta']
[0.863s] Level 1:colcon.colcon_core.package_identification:_identify(.) by extension 'colcon_meta'
[0.863s] Level 1:colcon.colcon_core.package_identification:_identify(.) by extensions ['ros']
[0.863s] Level 1:colcon.colcon_core.package_identification:_identify(.) by extension 'ros'
[0.964s] Level 1:colcon.colcon_core.package_identification:_identify(.) by extensions ['cmake', 'python']
[0.964s] Level 1:colcon.colcon_core.package_identification:_identify(.) by extension 'cmake'
[0.965s] Level 1:colcon.colcon_core.package_identification:_identify(.) by extension 'python'
[0.965s] Level 1:colcon.colcon_core.package_identification:_identify(.) by extensions ['python_setup_py']
[0.965s] Level 1:colcon.colcon_core.package_identification:_identify(.) by extension 'python_setup_py'
[0.966s] Level 1:colcon.colcon_core.package_identification:_identify(build) by extensions ['ignore', 'ignore_ament_install']
[0.967s] Level 1:colcon.colcon_core.package_identification:_identify(build) by extension 'ignore'
[0.967s] Level 1:colcon.colcon_core.package_identification:_identify(build) ignored
[0.968s] Level 1:colcon.colcon_core.package_identification:_identify(install) by extensions ['ignore', 'ignore_ament_install']
[0.969s] Level 1:colcon.colcon_core.package_identification:_identify(install) by extension 'ignore'
[0.969s] Level 1:colcon.colcon_core.package_identification:_identify(install) ignored
[0.970s] Level 1:colcon.colcon_core.package_identification:_identify(log) by extensions ['ignore', 'ignore_ament_install']
[0.971s] Level 1:colcon.colcon_core.package_identification:_identify(log) by extension 'ignore'
[0.971s] Level 1:colcon.colcon_core.package_identification:_identify(log) ignored
[0.972s] Level 1:colcon.colcon_core.package_identification:_identify(src) by extensions ['ignore', 'ignore_ament_install']
[0.972s] Level 1:colcon.colcon_core.package_identification:_identify(src) by extension 'ignore'
[0.972s] Level 1:colcon.colcon_core.package_identification:_identify(src) by extension 'ignore_ament_install'
[0.973s] Level 1:colcon.colcon_core.package_identification:_identify(src) by extensions ['colcon_pkg']
[0.973s] Level 1:colcon.colcon_core.package_identification:_identify(src) by extension 'colcon_pkg'
[0.973s] Level 1:colcon.colcon_core.package_identification:_identify(src) by extensions ['colcon_meta']
[0.973s] Level 1:colcon.colcon_core.package_identification:_identify(src) by extension 'colcon_meta'
[0.974s] Level 1:colcon.colcon_core.package_identification:_identify(src) by extensions ['ros']
[0.974s] Level 1:colcon.colcon_core.package_identification:_identify(src) by extension 'ros'
[0.974s] Level 1:colcon.colcon_core.package_identification:_identify(src) by extensions ['cmake', 'python']
[0.975s] Level 1:colcon.colcon_core.package_identification:_identify(src) by extension 'cmake'
[0.975s] Level 1:colcon.colcon_core.package_identification:_identify(src) by extension 'python'
[0.975s] Level 1:colcon.colcon_core.package_identification:_identify(src) by extensions ['python_setup_py']
[0.975s] Level 1:colcon.colcon_core.package_identification:_identify(src) by extension 'python_setup_py'
[0.976s] Level 1:colcon.colcon_core.package_identification:_identify(src/cpp_pkg) by extensions ['ignore', 'ignore_ament_install']
[0.977s] Level 1:colcon.colcon_core.package_identification:_identify(src/cpp_pkg) by extension 'ignore'
[0.977s] Level 1:colcon.colcon_core.package_identification:_identify(src/cpp_pkg) by extension 'ignore_ament_install'
[0.977s] Level 1:colcon.colcon_core.package_identification:_identify(src/cpp_pkg) by extensions ['colcon_pkg']
[0.978s] Level 1:colcon.colcon_core.package_identification:_identify(src/cpp_pkg) by extension 'colcon_pkg'
[0.978s] Level 1:colcon.colcon_core.package_identification:_identify(src/cpp_pkg) by extensions ['colcon_meta']
[0.978s] Level 1:colcon.colcon_core.package_identification:_identify(src/cpp_pkg) by extension 'colcon_meta'
[0.978s] Level 1:colcon.colcon_core.package_identification:_identify(src/cpp_pkg) by extensions ['ros']
[0.979s] Level 1:colcon.colcon_core.package_identification:_identify(src/cpp_pkg) by extension 'ros'
[0.995s] DEBUG:colcon.colcon_core.package_identification:Package 'src/cpp_pkg' with type 'ros.ament_cmake' and name 'cpp_pkg'
[0.995s] Level 1:colcon.colcon_core.package_identification:_identify(src/robot_app_pkg) by extensions ['ignore', 'ignore_ament_install']
[0.996s] Level 1:colcon.colcon_core.package_identification:_identify(src/robot_app_pkg) by extension 'ignore'
[0.997s] Level 1:colcon.colcon_core.package_identification:_identify(src/robot_app_pkg) by extension 'ignore_ament_install'
[0.997s] Level 1:colcon.colcon_core.package_identification:_identify(src/robot_app_pkg) by extensions ['colcon_pkg']
[0.997s] Level 1:colcon.colcon_core.package_identification:_identify(src/robot_app_pkg) by extension 'colcon_pkg'
[0.998s] Level 1:colcon.colcon_core.package_identification:_identify(src/robot_app_pkg) by extensions ['colcon_meta']
[0.998s] Level 1:colcon.colcon_core.package_identification:_identify(src/robot_app_pkg) by extension 'colcon_meta'
[0.998s] Level 1:colcon.colcon_core.package_identification:_identify(src/robot_app_pkg) by extensions ['ros']
[0.998s] Level 1:colcon.colcon_core.package_identification:_identify(src/robot_app_pkg) by extension 'ros'
[1.003s] DEBUG:colcon.colcon_core.package_identification:Package 'src/robot_app_pkg' with type 'ros.ament_cmake' and name 'robot_app_pkg'
[1.003s] Level 1:colcon.colcon_core.package_discovery:discover_packages(recursive) using defaults
[1.004s] Level 1:colcon.colcon_core.package_discovery:discover_packages(ignore) discover
[1.004s] Level 1:colcon.colcon_core.package_discovery:discover_packages(ignore) using defaults
[1.004s] Level 1:colcon.colcon_core.package_discovery:discover_packages(path) discover
[1.004s] Level 1:colcon.colcon_core.package_discovery:discover_packages(path) using defaults
[1.128s] INFO:colcon.colcon_core.package_selection:Skipping not selected package 'robot_app_pkg' in 'src/robot_app_pkg'
[1.130s] Level 1:colcon.colcon_core.package_discovery:discover_packages(prefix_path) check parameters
[1.131s] Level 1:colcon.colcon_core.package_discovery:discover_packages(prefix_path) discover
[1.140s] DEBUG:colcon.colcon_installed_package_information.package_discovery:Found 57 installed packages in /opt/tros/humble
[1.149s] DEBUG:colcon.colcon_installed_package_information.package_discovery:Found 183 installed packages in /opt/ros/humble
[1.157s] Level 1:colcon.colcon_core.package_discovery:discover_packages(prefix_path) using defaults
