[0.061s] Invoking command in '/root/catkin_ws/build/cpp_pkg': CMAKE_PREFIX_PATH=${CMAKE_PREFIX_PATH}:/home/sunrise/wheeltec_tros/install/reid:/home/sunrise/wheeltec_tros/install/mono2d_body_detect:/home/sunrise/wheeltec_tros/install/hobot_eye:/home/sunrise/wheeltec_tros/install/fisheye_camera:/home/sunrise/wheeltec_tros/install/face_recog:/home/sunrise/wheeltec_tros/install/face_landmarks_detection:/home/sunrise/wheeltec_tros/install/body_tracking:/opt/tros/humble:/opt/ros/humble /usr/bin/cmake --build /root/catkin_ws/build/cpp_pkg -- -j8 -l8
[0.373s] [35m[1mConsolidate compiler generated dependencies of target driver_node[0m
[0.548s] [ 20%] [32mBuilding CXX object CMakeFiles/driver_node.dir/src/turn_on_robot.cpp.o[0m
[67.403s] [ 40%] [32m[1mLinking CXX executable driver_node[0m
[72.081s] [100%] Built target driver_node
[72.130s] Invoked command in '/root/catkin_ws/build/cpp_pkg' returned '0': CMAKE_PREFIX_PATH=${CMAKE_PREFIX_PATH}:/home/sunrise/wheeltec_tros/install/reid:/home/sunrise/wheeltec_tros/install/mono2d_body_detect:/home/sunrise/wheeltec_tros/install/hobot_eye:/home/sunrise/wheeltec_tros/install/fisheye_camera:/home/sunrise/wheeltec_tros/install/face_recog:/home/sunrise/wheeltec_tros/install/face_landmarks_detection:/home/sunrise/wheeltec_tros/install/body_tracking:/opt/tros/humble:/opt/ros/humble /usr/bin/cmake --build /root/catkin_ws/build/cpp_pkg -- -j8 -l8
[72.182s] Invoking command in '/root/catkin_ws/build/cpp_pkg': CMAKE_PREFIX_PATH=${CMAKE_PREFIX_PATH}:/home/sunrise/wheeltec_tros/install/reid:/home/sunrise/wheeltec_tros/install/mono2d_body_detect:/home/sunrise/wheeltec_tros/install/hobot_eye:/home/sunrise/wheeltec_tros/install/fisheye_camera:/home/sunrise/wheeltec_tros/install/face_recog:/home/sunrise/wheeltec_tros/install/face_landmarks_detection:/home/sunrise/wheeltec_tros/install/body_tracking:/opt/tros/humble:/opt/ros/humble /usr/bin/cmake --install /root/catkin_ws/build/cpp_pkg
[72.217s] -- Install configuration: ""
[72.219s] -- Installing: /root/catkin_ws/install/cpp_pkg/lib/cpp_pkg/driver_node
[72.265s] -- Set runtime path of "/root/catkin_ws/install/cpp_pkg/lib/cpp_pkg/driver_node" to "/usr/local/lib"
[72.265s] -- Up-to-date: /root/catkin_ws/install/cpp_pkg/share/cpp_pkg/launch
[72.266s] -- Up-to-date: /root/catkin_ws/install/cpp_pkg/share/cpp_pkg/launch/__pycache__
[72.270s] -- Up-to-date: /root/catkin_ws/install/cpp_pkg/share/cpp_pkg/launch/__pycache__/turn_on_robot.launch.cpython-310.pyc
[72.270s] -- Up-to-date: /root/catkin_ws/install/cpp_pkg/share/cpp_pkg/launch/turn_on_robot.launch.py
[72.273s] -- Up-to-date: /root/catkin_ws/install/cpp_pkg/share/ament_index/resource_index/package_run_dependencies/cpp_pkg
[72.274s] -- Up-to-date: /root/catkin_ws/install/cpp_pkg/share/ament_index/resource_index/parent_prefix_path/cpp_pkg
[72.274s] -- Up-to-date: /root/catkin_ws/install/cpp_pkg/share/cpp_pkg/environment/ament_prefix_path.sh
[72.275s] -- Up-to-date: /root/catkin_ws/install/cpp_pkg/share/cpp_pkg/environment/ament_prefix_path.dsv
[72.276s] -- Up-to-date: /root/catkin_ws/install/cpp_pkg/share/cpp_pkg/environment/path.sh
[72.276s] -- Up-to-date: /root/catkin_ws/install/cpp_pkg/share/cpp_pkg/environment/path.dsv
[72.277s] -- Up-to-date: /root/catkin_ws/install/cpp_pkg/share/cpp_pkg/local_setup.bash
[72.277s] -- Up-to-date: /root/catkin_ws/install/cpp_pkg/share/cpp_pkg/local_setup.sh
[72.278s] -- Up-to-date: /root/catkin_ws/install/cpp_pkg/share/cpp_pkg/local_setup.zsh
[72.278s] -- Up-to-date: /root/catkin_ws/install/cpp_pkg/share/cpp_pkg/local_setup.dsv
[72.279s] -- Installing: /root/catkin_ws/install/cpp_pkg/share/cpp_pkg/package.dsv
[72.279s] -- Up-to-date: /root/catkin_ws/install/cpp_pkg/share/ament_index/resource_index/packages/cpp_pkg
[72.280s] -- Up-to-date: /root/catkin_ws/install/cpp_pkg/share/cpp_pkg/cmake/cpp_pkgConfig.cmake
[72.280s] -- Up-to-date: /root/catkin_ws/install/cpp_pkg/share/cpp_pkg/cmake/cpp_pkgConfig-version.cmake
[72.281s] -- Up-to-date: /root/catkin_ws/install/cpp_pkg/share/cpp_pkg/package.xml
[72.288s] Invoked command in '/root/catkin_ws/build/cpp_pkg' returned '0': CMAKE_PREFIX_PATH=${CMAKE_PREFIX_PATH}:/home/sunrise/wheeltec_tros/install/reid:/home/sunrise/wheeltec_tros/install/mono2d_body_detect:/home/sunrise/wheeltec_tros/install/hobot_eye:/home/sunrise/wheeltec_tros/install/fisheye_camera:/home/sunrise/wheeltec_tros/install/face_recog:/home/sunrise/wheeltec_tros/install/face_landmarks_detection:/home/sunrise/wheeltec_tros/install/body_tracking:/opt/tros/humble:/opt/ros/humble /usr/bin/cmake --install /root/catkin_ws/build/cpp_pkg
