-- The C compiler identification is GNU 11.2.0
-- The CXX compiler identification is GNU 11.2.0
-- Detecting C compiler ABI info
-- Detecting C compiler ABI info - done
-- Check for working C compiler: /usr/bin/cc - skipped
-- Detecting C compile features
-- Detecting C compile features - done
-- Detecting CXX compiler ABI info
-- Detecting CXX compiler ABI info - done
-- Check for working CXX compiler: /usr/bin/c++ - skipped
-- Detecting CXX compile features
-- Detecting CXX compile features - done
-- Found ament_cmake: 1.3.12 (/opt/ros/humble/share/ament_cmake/cmake)
-- Found Python3: /usr/bin/python3 (found version "3.10.12") found components: Interpreter 
-- Found rclcpp: 16.0.16 (/opt/ros/humble/share/rclcpp/cmake)
-- Found rosidl_generator_c: 3.1.7 (/opt/ros/humble/share/rosidl_generator_c/cmake)
-- Found rosidl_adapter: 3.1.7 (/opt/ros/humble/share/rosidl_adapter/cmake)
-- Found rosidl_generator_cpp: 3.1.7 (/opt/ros/humble/share/rosidl_generator_cpp/cmake)
-- Using all available rosidl_typesupport_c: rosidl_typesupport_fastrtps_c;rosidl_typesupport_introspection_c
-- Using all available rosidl_typesupport_cpp: rosidl_typesupport_fastrtps_cpp;rosidl_typesupport_introspection_cpp
-- Found rmw_implementation_cmake: 6.1.2 (/opt/ros/humble/share/rmw_implementation_cmake/cmake)
-- Found rmw_fastrtps_cpp: 6.2.9 (/opt/ros/humble/share/rmw_fastrtps_cpp/cmake)
-- Found OpenSSL: /usr/lib/aarch64-linux-gnu/libcrypto.so (found version "3.0.2")  
-- Found FastRTPS: /opt/ros/humble/include  
-- Using RMW implementation 'rmw_fastrtps_cpp' as default
-- Looking for pthread.h
-- Looking for pthread.h - found
-- Performing Test CMAKE_HAVE_LIBC_PTHREAD
-- Performing Test CMAKE_HAVE_LIBC_PTHREAD - Success
-- Found Threads: TRUE  
-- Found geometry_msgs: 4.9.0 (/opt/ros/humble/share/geometry_msgs/cmake)
-- Found ament_lint_auto: 0.12.14 (/opt/ros/humble/share/ament_lint_auto/cmake)
-- Added test 'cppcheck' to perform static code analysis on C / C++ code
-- Configured cppcheck include dirs: $<BUILD_INTERFACE:/root/catkin_ws/src/cpp_pkg/include>
-- Configured cppcheck exclude dirs and/or files: 
-- Added test 'flake8' to check Python code syntax and style conventions
-- Added test 'lint_cmake' to check CMake code style
-- Added test 'pep257' to check Python code against some of the docstring style conventions in PEP 257
-- Added test 'uncrustify' to check C / C++ code style
-- Configured uncrustify additional arguments: 
-- Added test 'xmllint' to check XML markup files
-- Configuring done
-- Generating done
-- Build files have been written to: /root/catkin_ws/build/cpp_pkg
[ 80%] [32mBuilding CXX object CMakeFiles/driver_node.dir/src/SerialPortImpl.cpp.o[0m
[ 80%] [32mBuilding CXX object CMakeFiles/driver_node.dir/src/turn_on_robot.cpp.o[0m
[ 80%] [32mBuilding CXX object CMakeFiles/driver_node.dir/src/main.cpp.o[0m
[ 80%] [32mBuilding CXX object CMakeFiles/driver_node.dir/src/IDeviceThread.cpp.o[0m
[100%] [32m[1mLinking CXX executable driver_node[0m
[100%] Built target driver_node
-- Install configuration: ""
-- Installing: /root/catkin_ws/install/cpp_pkg/lib/cpp_pkg/driver_node
-- Set runtime path of "/root/catkin_ws/install/cpp_pkg/lib/cpp_pkg/driver_node" to "/usr/local/lib"
-- Installing: /root/catkin_ws/install/cpp_pkg/share/cpp_pkg/launch
-- Installing: /root/catkin_ws/install/cpp_pkg/share/cpp_pkg/launch/__pycache__
-- Installing: /root/catkin_ws/install/cpp_pkg/share/cpp_pkg/launch/__pycache__/turn_on_robot.launch.cpython-310.pyc
-- Installing: /root/catkin_ws/install/cpp_pkg/share/cpp_pkg/launch/turn_on_robot.launch.py
-- Installing: /root/catkin_ws/install/cpp_pkg/share/ament_index/resource_index/package_run_dependencies/cpp_pkg
-- Installing: /root/catkin_ws/install/cpp_pkg/share/ament_index/resource_index/parent_prefix_path/cpp_pkg
-- Installing: /root/catkin_ws/install/cpp_pkg/share/cpp_pkg/environment/ament_prefix_path.sh
-- Installing: /root/catkin_ws/install/cpp_pkg/share/cpp_pkg/environment/ament_prefix_path.dsv
-- Installing: /root/catkin_ws/install/cpp_pkg/share/cpp_pkg/environment/path.sh
-- Installing: /root/catkin_ws/install/cpp_pkg/share/cpp_pkg/environment/path.dsv
-- Installing: /root/catkin_ws/install/cpp_pkg/share/cpp_pkg/local_setup.bash
-- Installing: /root/catkin_ws/install/cpp_pkg/share/cpp_pkg/local_setup.sh
-- Installing: /root/catkin_ws/install/cpp_pkg/share/cpp_pkg/local_setup.zsh
-- Installing: /root/catkin_ws/install/cpp_pkg/share/cpp_pkg/local_setup.dsv
-- Installing: /root/catkin_ws/install/cpp_pkg/share/cpp_pkg/package.dsv
-- Installing: /root/catkin_ws/install/cpp_pkg/share/ament_index/resource_index/packages/cpp_pkg
-- Installing: /root/catkin_ws/install/cpp_pkg/share/cpp_pkg/cmake/cpp_pkgConfig.cmake
-- Installing: /root/catkin_ws/install/cpp_pkg/share/cpp_pkg/cmake/cpp_pkgConfig-version.cmake
-- Installing: /root/catkin_ws/install/cpp_pkg/share/cpp_pkg/package.xml
