[0.048s] Invoking command in '/root/catkin_ws/build/cpp_pkg': CMAKE_PREFIX_PATH=${CMAKE_PREFIX_PATH}:/home/sunrise/wheeltec_tros/install/reid:/home/sunrise/wheeltec_tros/install/mono2d_body_detect:/home/sunrise/wheeltec_tros/install/hobot_eye:/home/sunrise/wheeltec_tros/install/fisheye_camera:/home/sunrise/wheeltec_tros/install/face_recog:/home/sunrise/wheeltec_tros/install/face_landmarks_detection:/home/sunrise/wheeltec_tros/install/body_tracking:/opt/tros/humble:/opt/ros/humble /usr/bin/cmake /root/catkin_ws/src/cpp_pkg -DCMAKE_INSTALL_PREFIX=/root/catkin_ws/install/cpp_pkg
[0.377s] -- The C compiler identification is GNU 11.2.0
[0.723s] -- The CXX compiler identification is GNU 11.2.0
[0.762s] -- Detecting C compiler ABI info
[1.151s] -- Detecting C compiler ABI info - done
[1.213s] -- Check for working C compiler: /usr/bin/cc - skipped
[1.214s] -- Detecting C compile features
[1.216s] -- Detecting C compile features - done
[1.233s] -- Detecting CXX compiler ABI info
[1.669s] -- Detecting CXX compiler ABI info - done
[1.756s] -- Check for working CXX compiler: /usr/bin/c++ - skipped
[1.757s] -- Detecting CXX compile features
[1.760s] -- Detecting CXX compile features - done
[1.800s] -- Found ament_cmake: 1.3.12 (/opt/ros/humble/share/ament_cmake/cmake)
[4.096s] -- Found Python3: /usr/bin/python3 (found version "3.10.12") found components: Interpreter 
[4.703s] -- Found rclcpp: 16.0.16 (/opt/ros/humble/share/rclcpp/cmake)
[4.956s] -- Found rosidl_generator_c: 3.1.7 (/opt/ros/humble/share/rosidl_generator_c/cmake)
[4.992s] -- Found rosidl_adapter: 3.1.7 (/opt/ros/humble/share/rosidl_adapter/cmake)
[5.048s] -- Found rosidl_generator_cpp: 3.1.7 (/opt/ros/humble/share/rosidl_generator_cpp/cmake)
[5.136s] -- Using all available rosidl_typesupport_c: rosidl_typesupport_fastrtps_c;rosidl_typesupport_introspection_c
[5.248s] -- Using all available rosidl_typesupport_cpp: rosidl_typesupport_fastrtps_cpp;rosidl_typesupport_introspection_cpp
[5.544s] -- Found rmw_implementation_cmake: 6.1.2 (/opt/ros/humble/share/rmw_implementation_cmake/cmake)
[5.563s] -- Found rmw_fastrtps_cpp: 6.2.9 (/opt/ros/humble/share/rmw_fastrtps_cpp/cmake)
[6.085s] -- Found OpenSSL: /usr/lib/aarch64-linux-gnu/libcrypto.so (found version "3.0.2")  
[6.221s] -- Found FastRTPS: /opt/ros/humble/include  
[6.406s] -- Using RMW implementation 'rmw_fastrtps_cpp' as default
[6.461s] -- Looking for pthread.h
[6.860s] -- Looking for pthread.h - found
[6.861s] -- Performing Test CMAKE_HAVE_LIBC_PTHREAD
[7.268s] -- Performing Test CMAKE_HAVE_LIBC_PTHREAD - Success
[7.273s] -- Found Threads: TRUE  
[7.615s] -- Found geometry_msgs: 4.9.0 (/opt/ros/humble/share/geometry_msgs/cmake)
[7.717s] -- Found ament_lint_auto: 0.12.14 (/opt/ros/humble/share/ament_lint_auto/cmake)
[8.232s] -- Added test 'cppcheck' to perform static code analysis on C / C++ code
[8.233s] -- Configured cppcheck include dirs: $<BUILD_INTERFACE:/root/catkin_ws/src/cpp_pkg/include>
[8.233s] -- Configured cppcheck exclude dirs and/or files: 
[8.237s] -- Added test 'flake8' to check Python code syntax and style conventions
[8.241s] -- Added test 'lint_cmake' to check CMake code style
[8.244s] -- Added test 'pep257' to check Python code against some of the docstring style conventions in PEP 257
[8.251s] -- Added test 'uncrustify' to check C / C++ code style
[8.252s] -- Configured uncrustify additional arguments: 
[8.255s] -- Added test 'xmllint' to check XML markup files
[8.263s] -- Configuring done
[8.316s] -- Generating done
[8.337s] -- Build files have been written to: /root/catkin_ws/build/cpp_pkg
[8.404s] Invoked command in '/root/catkin_ws/build/cpp_pkg' returned '0': CMAKE_PREFIX_PATH=${CMAKE_PREFIX_PATH}:/home/sunrise/wheeltec_tros/install/reid:/home/sunrise/wheeltec_tros/install/mono2d_body_detect:/home/sunrise/wheeltec_tros/install/hobot_eye:/home/sunrise/wheeltec_tros/install/fisheye_camera:/home/sunrise/wheeltec_tros/install/face_recog:/home/sunrise/wheeltec_tros/install/face_landmarks_detection:/home/sunrise/wheeltec_tros/install/body_tracking:/opt/tros/humble:/opt/ros/humble /usr/bin/cmake /root/catkin_ws/src/cpp_pkg -DCMAKE_INSTALL_PREFIX=/root/catkin_ws/install/cpp_pkg
[8.413s] Invoking command in '/root/catkin_ws/build/cpp_pkg': CMAKE_PREFIX_PATH=${CMAKE_PREFIX_PATH}:/home/sunrise/wheeltec_tros/install/reid:/home/sunrise/wheeltec_tros/install/mono2d_body_detect:/home/sunrise/wheeltec_tros/install/hobot_eye:/home/sunrise/wheeltec_tros/install/fisheye_camera:/home/sunrise/wheeltec_tros/install/face_recog:/home/sunrise/wheeltec_tros/install/face_landmarks_detection:/home/sunrise/wheeltec_tros/install/body_tracking:/opt/tros/humble:/opt/ros/humble /usr/bin/cmake --build /root/catkin_ws/build/cpp_pkg -- -j8 -l8
[8.627s] [ 80%] [32mBuilding CXX object CMakeFiles/driver_node.dir/src/SerialPortImpl.cpp.o[0m
[8.628s] [ 80%] [32mBuilding CXX object CMakeFiles/driver_node.dir/src/turn_on_robot.cpp.o[0m
[8.628s] [ 80%] [32mBuilding CXX object CMakeFiles/driver_node.dir/src/main.cpp.o[0m
[8.629s] [ 80%] [32mBuilding CXX object CMakeFiles/driver_node.dir/src/IDeviceThread.cpp.o[0m
[23.684s] [01m[K/root/catkin_ws/src/cpp_pkg/src/SerialPortImpl.cpp:[m[K In member function ‘[01m[Kvoid SerialPortImpl::parse_frame(std::string&)[m[K’:
[23.685s] [01m[K/root/catkin_ws/src/cpp_pkg/src/SerialPortImpl.cpp:295:30:[m[K [01;35m[Kwarning: [m[Kcomparison of integer expressions of different signedness: ‘[01m[Ksize_t[m[K’ {aka ‘[01m[Klong unsigned int[m[K’} and ‘[01m[Kint[m[K’ [[01;35m[K]8;;https://gcc.gnu.org/onlinedocs/gcc/Warning-Options.html#index-Wsign-compare-Wsign-compare]8;;[m[K]
[23.686s]   295 |         for (size_t i = 2; [01;35m[Ki < 2 + len[m[K; ++i)
[23.687s]       |                            [01;35m[K~~^~~~~~~~~[m[K
[77.199s] [100%] [32m[1mLinking CXX executable driver_node[0m
[81.899s] [100%] Built target driver_node
[81.972s] Invoked command in '/root/catkin_ws/build/cpp_pkg' returned '0': CMAKE_PREFIX_PATH=${CMAKE_PREFIX_PATH}:/home/sunrise/wheeltec_tros/install/reid:/home/sunrise/wheeltec_tros/install/mono2d_body_detect:/home/sunrise/wheeltec_tros/install/hobot_eye:/home/sunrise/wheeltec_tros/install/fisheye_camera:/home/sunrise/wheeltec_tros/install/face_recog:/home/sunrise/wheeltec_tros/install/face_landmarks_detection:/home/sunrise/wheeltec_tros/install/body_tracking:/opt/tros/humble:/opt/ros/humble /usr/bin/cmake --build /root/catkin_ws/build/cpp_pkg -- -j8 -l8
[82.035s] Invoking command in '/root/catkin_ws/build/cpp_pkg': CMAKE_PREFIX_PATH=${CMAKE_PREFIX_PATH}:/home/sunrise/wheeltec_tros/install/reid:/home/sunrise/wheeltec_tros/install/mono2d_body_detect:/home/sunrise/wheeltec_tros/install/hobot_eye:/home/sunrise/wheeltec_tros/install/fisheye_camera:/home/sunrise/wheeltec_tros/install/face_recog:/home/sunrise/wheeltec_tros/install/face_landmarks_detection:/home/sunrise/wheeltec_tros/install/body_tracking:/opt/tros/humble:/opt/ros/humble /usr/bin/cmake --install /root/catkin_ws/build/cpp_pkg
[82.072s] -- Install configuration: ""
[82.073s] -- Installing: /root/catkin_ws/install/cpp_pkg/lib/cpp_pkg/driver_node
[82.112s] -- Set runtime path of "/root/catkin_ws/install/cpp_pkg/lib/cpp_pkg/driver_node" to "/usr/local/lib"
[82.112s] -- Installing: /root/catkin_ws/install/cpp_pkg/share/cpp_pkg/launch
[82.113s] -- Installing: /root/catkin_ws/install/cpp_pkg/share/cpp_pkg/launch/__pycache__
[82.114s] -- Installing: /root/catkin_ws/install/cpp_pkg/share/cpp_pkg/launch/__pycache__/turn_on_robot.launch.cpython-310.pyc
[82.114s] -- Installing: /root/catkin_ws/install/cpp_pkg/share/cpp_pkg/launch/turn_on_robot.launch.py
[82.115s] -- Installing: /root/catkin_ws/install/cpp_pkg/share/ament_index/resource_index/package_run_dependencies/cpp_pkg
[82.116s] -- Installing: /root/catkin_ws/install/cpp_pkg/share/ament_index/resource_index/parent_prefix_path/cpp_pkg
[82.116s] -- Installing: /root/catkin_ws/install/cpp_pkg/share/cpp_pkg/environment/ament_prefix_path.sh
[82.117s] -- Installing: /root/catkin_ws/install/cpp_pkg/share/cpp_pkg/environment/ament_prefix_path.dsv
[82.118s] -- Installing: /root/catkin_ws/install/cpp_pkg/share/cpp_pkg/environment/path.sh
[82.118s] -- Installing: /root/catkin_ws/install/cpp_pkg/share/cpp_pkg/environment/path.dsv
[82.119s] -- Installing: /root/catkin_ws/install/cpp_pkg/share/cpp_pkg/local_setup.bash
[82.120s] -- Installing: /root/catkin_ws/install/cpp_pkg/share/cpp_pkg/local_setup.sh
[82.121s] -- Installing: /root/catkin_ws/install/cpp_pkg/share/cpp_pkg/local_setup.zsh
[82.121s] -- Installing: /root/catkin_ws/install/cpp_pkg/share/cpp_pkg/local_setup.dsv
[82.122s] -- Installing: /root/catkin_ws/install/cpp_pkg/share/cpp_pkg/package.dsv
[82.123s] -- Installing: /root/catkin_ws/install/cpp_pkg/share/ament_index/resource_index/packages/cpp_pkg
[82.124s] -- Installing: /root/catkin_ws/install/cpp_pkg/share/cpp_pkg/cmake/cpp_pkgConfig.cmake
[82.124s] -- Installing: /root/catkin_ws/install/cpp_pkg/share/cpp_pkg/cmake/cpp_pkgConfig-version.cmake
[82.125s] -- Installing: /root/catkin_ws/install/cpp_pkg/share/cpp_pkg/package.xml
[82.137s] Invoked command in '/root/catkin_ws/build/cpp_pkg' returned '0': CMAKE_PREFIX_PATH=${CMAKE_PREFIX_PATH}:/home/sunrise/wheeltec_tros/install/reid:/home/sunrise/wheeltec_tros/install/mono2d_body_detect:/home/sunrise/wheeltec_tros/install/hobot_eye:/home/sunrise/wheeltec_tros/install/fisheye_camera:/home/sunrise/wheeltec_tros/install/face_recog:/home/sunrise/wheeltec_tros/install/face_landmarks_detection:/home/sunrise/wheeltec_tros/install/body_tracking:/opt/tros/humble:/opt/ros/humble /usr/bin/cmake --install /root/catkin_ws/build/cpp_pkg
