[0.780s] DEBUG:colcon:Command line arguments: ['/usr/bin/colcon', 'build', '--packages-select', 'cpp_pkg', '--executor', 'parallel', '--parallel-workers', '8']
[0.780s] DEBUG:colcon:Parsed command line arguments: Namespace(log_base=None, log_level=None, verb_name='build', build_base='build', install_base='install', merge_install=False, symlink_install=False, test_result_base=None, continue_on_error=False, executor='parallel', parallel_workers=8, event_handlers=None, ignore_user_meta=False, metas=['./colcon.meta'], base_paths=['.'], packages_ignore=None, packages_ignore_regex=None, paths=None, packages_up_to=None, packages_up_to_regex=None, packages_above=None, packages_above_and_dependencies=None, packages_above_depth=None, packages_select_by_dep=None, packages_skip_by_dep=None, packages_skip_up_to=None, packages_select_build_failed=False, packages_skip_build_finished=False, packages_select_test_failures=False, packages_skip_test_passed=False, packages_select=['cpp_pkg'], packages_skip=None, packages_select_regex=None, packages_skip_regex=None, packages_start=None, packages_end=None, allow_overriding=[], cmake_args=None, cmake_target=None, cmake_target_skip_unavailable=False, cmake_clean_cache=False, cmake_clean_first=False, cmake_force_configure=False, ament_cmake_args=None, catkin_cmake_args=None, catkin_skip_building_tests=False, verb_parser=<colcon_defaults.argument_parser.defaults.DefaultArgumentsDecorator object at 0xffff85c77100>, verb_extension=<colcon_core.verb.build.BuildVerb object at 0xffff85c760e0>, main=<bound method BuildVerb.main of <colcon_core.verb.build.BuildVerb object at 0xffff85c760e0>>)
[1.138s] Level 1:colcon.colcon_core.package_discovery:discover_packages(colcon_meta) check parameters
[1.138s] Level 1:colcon.colcon_core.package_discovery:discover_packages(recursive) check parameters
[1.138s] Level 1:colcon.colcon_core.package_discovery:discover_packages(ignore) check parameters
[1.139s] Level 1:colcon.colcon_core.package_discovery:discover_packages(path) check parameters
[1.139s] Level 1:colcon.colcon_core.package_discovery:discover_packages(colcon_meta) discover
[1.139s] Level 1:colcon.colcon_core.package_discovery:discover_packages(recursive) discover
[1.139s] INFO:colcon.colcon_core.package_discovery:Crawling recursively for packages in '/home/sunrise/work/Robot-Driven'
[1.140s] Level 1:colcon.colcon_core.package_identification:_identify(.) by extensions ['ignore', 'ignore_ament_install']
[1.140s] Level 1:colcon.colcon_core.package_identification:_identify(.) by extension 'ignore'
[1.141s] Level 1:colcon.colcon_core.package_identification:_identify(.) by extension 'ignore_ament_install'
[1.141s] Level 1:colcon.colcon_core.package_identification:_identify(.) by extensions ['colcon_pkg']
[1.141s] Level 1:colcon.colcon_core.package_identification:_identify(.) by extension 'colcon_pkg'
[1.142s] Level 1:colcon.colcon_core.package_identification:_identify(.) by extensions ['colcon_meta']
[1.142s] Level 1:colcon.colcon_core.package_identification:_identify(.) by extension 'colcon_meta'
[1.142s] Level 1:colcon.colcon_core.package_identification:_identify(.) by extensions ['ros']
[1.142s] Level 1:colcon.colcon_core.package_identification:_identify(.) by extension 'ros'
[1.248s] Level 1:colcon.colcon_core.package_identification:_identify(.) by extensions ['cmake', 'python']
[1.248s] Level 1:colcon.colcon_core.package_identification:_identify(.) by extension 'cmake'
[1.249s] Level 1:colcon.colcon_core.package_identification:_identify(.) by extension 'python'
[1.249s] Level 1:colcon.colcon_core.package_identification:_identify(.) by extensions ['python_setup_py']
[1.249s] Level 1:colcon.colcon_core.package_identification:_identify(.) by extension 'python_setup_py'
[1.250s] Level 1:colcon.colcon_core.package_identification:_identify(build) by extensions ['ignore', 'ignore_ament_install']
[1.250s] Level 1:colcon.colcon_core.package_identification:_identify(build) by extension 'ignore'
[1.251s] Level 1:colcon.colcon_core.package_identification:_identify(build) ignored
[1.251s] Level 1:colcon.colcon_core.package_identification:_identify(install) by extensions ['ignore', 'ignore_ament_install']
[1.252s] Level 1:colcon.colcon_core.package_identification:_identify(install) by extension 'ignore'
[1.252s] Level 1:colcon.colcon_core.package_identification:_identify(install) ignored
[1.253s] Level 1:colcon.colcon_core.package_identification:_identify(log) by extensions ['ignore', 'ignore_ament_install']
[1.253s] Level 1:colcon.colcon_core.package_identification:_identify(log) by extension 'ignore'
[1.253s] Level 1:colcon.colcon_core.package_identification:_identify(log) ignored
[1.254s] Level 1:colcon.colcon_core.package_identification:_identify(src) by extensions ['ignore', 'ignore_ament_install']
[1.254s] Level 1:colcon.colcon_core.package_identification:_identify(src) by extension 'ignore'
[1.255s] Level 1:colcon.colcon_core.package_identification:_identify(src) by extension 'ignore_ament_install'
[1.255s] Level 1:colcon.colcon_core.package_identification:_identify(src) by extensions ['colcon_pkg']
[1.255s] Level 1:colcon.colcon_core.package_identification:_identify(src) by extension 'colcon_pkg'
[1.255s] Level 1:colcon.colcon_core.package_identification:_identify(src) by extensions ['colcon_meta']
[1.256s] Level 1:colcon.colcon_core.package_identification:_identify(src) by extension 'colcon_meta'
[1.256s] Level 1:colcon.colcon_core.package_identification:_identify(src) by extensions ['ros']
[1.256s] Level 1:colcon.colcon_core.package_identification:_identify(src) by extension 'ros'
[1.257s] Level 1:colcon.colcon_core.package_identification:_identify(src) by extensions ['cmake', 'python']
[1.257s] Level 1:colcon.colcon_core.package_identification:_identify(src) by extension 'cmake'
[1.257s] Level 1:colcon.colcon_core.package_identification:_identify(src) by extension 'python'
[1.257s] Level 1:colcon.colcon_core.package_identification:_identify(src) by extensions ['python_setup_py']
[1.258s] Level 1:colcon.colcon_core.package_identification:_identify(src) by extension 'python_setup_py'
[1.258s] Level 1:colcon.colcon_core.package_identification:_identify(src/cpp_pkg) by extensions ['ignore', 'ignore_ament_install']
[1.259s] Level 1:colcon.colcon_core.package_identification:_identify(src/cpp_pkg) by extension 'ignore'
[1.259s] Level 1:colcon.colcon_core.package_identification:_identify(src/cpp_pkg) by extension 'ignore_ament_install'
[1.259s] Level 1:colcon.colcon_core.package_identification:_identify(src/cpp_pkg) by extensions ['colcon_pkg']
[1.259s] Level 1:colcon.colcon_core.package_identification:_identify(src/cpp_pkg) by extension 'colcon_pkg'
[1.260s] Level 1:colcon.colcon_core.package_identification:_identify(src/cpp_pkg) by extensions ['colcon_meta']
[1.260s] Level 1:colcon.colcon_core.package_identification:_identify(src/cpp_pkg) by extension 'colcon_meta'
[1.260s] Level 1:colcon.colcon_core.package_identification:_identify(src/cpp_pkg) by extensions ['ros']
[1.260s] Level 1:colcon.colcon_core.package_identification:_identify(src/cpp_pkg) by extension 'ros'
[1.279s] DEBUG:colcon.colcon_core.package_identification:Package 'src/cpp_pkg' with type 'ros.ament_cmake' and name 'cpp_pkg'
[1.280s] Level 1:colcon.colcon_core.package_identification:_identify(src/robot_app_pkg) by extensions ['ignore', 'ignore_ament_install']
[1.280s] Level 1:colcon.colcon_core.package_identification:_identify(src/robot_app_pkg) by extension 'ignore'
[1.281s] Level 1:colcon.colcon_core.package_identification:_identify(src/robot_app_pkg) by extension 'ignore_ament_install'
[1.281s] Level 1:colcon.colcon_core.package_identification:_identify(src/robot_app_pkg) by extensions ['colcon_pkg']
[1.281s] Level 1:colcon.colcon_core.package_identification:_identify(src/robot_app_pkg) by extension 'colcon_pkg'
[1.282s] Level 1:colcon.colcon_core.package_identification:_identify(src/robot_app_pkg) by extensions ['colcon_meta']
[1.282s] Level 1:colcon.colcon_core.package_identification:_identify(src/robot_app_pkg) by extension 'colcon_meta'
[1.282s] Level 1:colcon.colcon_core.package_identification:_identify(src/robot_app_pkg) by extensions ['ros']
[1.282s] Level 1:colcon.colcon_core.package_identification:_identify(src/robot_app_pkg) by extension 'ros'
[1.288s] DEBUG:colcon.colcon_core.package_identification:Package 'src/robot_app_pkg' with type 'ros.ament_cmake' and name 'robot_app_pkg'
[1.288s] Level 1:colcon.colcon_core.package_discovery:discover_packages(recursive) using defaults
[1.288s] Level 1:colcon.colcon_core.package_discovery:discover_packages(ignore) discover
[1.288s] Level 1:colcon.colcon_core.package_discovery:discover_packages(ignore) using defaults
[1.289s] Level 1:colcon.colcon_core.package_discovery:discover_packages(path) discover
[1.289s] Level 1:colcon.colcon_core.package_discovery:discover_packages(path) using defaults
[1.428s] INFO:colcon.colcon_core.package_selection:Skipping not selected package 'robot_app_pkg' in 'src/robot_app_pkg'
[1.432s] Level 1:colcon.colcon_core.package_discovery:discover_packages(prefix_path) check parameters
[1.432s] Level 1:colcon.colcon_core.package_discovery:discover_packages(prefix_path) discover
[1.445s] DEBUG:colcon.colcon_installed_package_information.package_discovery:Found 57 installed packages in /opt/tros/humble
[1.453s] DEBUG:colcon.colcon_installed_package_information.package_discovery:Found 183 installed packages in /opt/ros/humble
[1.461s] Level 1:colcon.colcon_core.package_discovery:discover_packages(prefix_path) using defaults
[1.674s] Level 5:colcon.colcon_core.verb:set package 'cpp_pkg' build argument 'cmake_args' from command line to 'None'
[1.674s] Level 5:colcon.colcon_core.verb:set package 'cpp_pkg' build argument 'cmake_target' from command line to 'None'
[1.675s] Level 5:colcon.colcon_core.verb:set package 'cpp_pkg' build argument 'cmake_target_skip_unavailable' from command line to 'False'
[1.675s] Level 5:colcon.colcon_core.verb:set package 'cpp_pkg' build argument 'cmake_clean_cache' from command line to 'False'
[1.675s] Level 5:colcon.colcon_core.verb:set package 'cpp_pkg' build argument 'cmake_clean_first' from command line to 'False'
[1.675s] Level 5:colcon.colcon_core.verb:set package 'cpp_pkg' build argument 'cmake_force_configure' from command line to 'False'
[1.675s] Level 5:colcon.colcon_core.verb:set package 'cpp_pkg' build argument 'ament_cmake_args' from command line to 'None'
[1.676s] Level 5:colcon.colcon_core.verb:set package 'cpp_pkg' build argument 'catkin_cmake_args' from command line to 'None'
[1.676s] Level 5:colcon.colcon_core.verb:set package 'cpp_pkg' build argument 'catkin_skip_building_tests' from command line to 'False'
[1.676s] DEBUG:colcon.colcon_core.verb:Building package 'cpp_pkg' with the following arguments: {'ament_cmake_args': None, 'build_base': '/home/sunrise/work/Robot-Driven/build/cpp_pkg', 'catkin_cmake_args': None, 'catkin_skip_building_tests': False, 'cmake_args': None, 'cmake_clean_cache': False, 'cmake_clean_first': False, 'cmake_force_configure': False, 'cmake_target': None, 'cmake_target_skip_unavailable': False, 'install_base': '/home/sunrise/work/Robot-Driven/install/cpp_pkg', 'merge_install': False, 'path': '/home/sunrise/work/Robot-Driven/src/cpp_pkg', 'symlink_install': False, 'test_result_base': None}
[1.677s] INFO:colcon.colcon_core.executor:Executing jobs using 'parallel' executor
[1.682s] DEBUG:colcon.colcon_parallel_executor.executor.parallel:run_until_complete
[1.683s] INFO:colcon.colcon_ros.task.ament_cmake.build:Building ROS package in '/home/sunrise/work/Robot-Driven/src/cpp_pkg' with build type 'ament_cmake'
[1.684s] INFO:colcon.colcon_cmake.task.cmake.build:Building CMake package in '/home/sunrise/work/Robot-Driven/src/cpp_pkg'
[1.700s] INFO:colcon.colcon_core.plugin_system:Skipping extension 'colcon_core.shell.bat': Not used on non-Windows systems
[1.702s] INFO:colcon.colcon_core.shell:Skip shell extension 'powershell' for command environment: Not usable outside of PowerShell
[1.702s] DEBUG:colcon.colcon_core.shell:Skip shell extension 'dsv' for command environment
[1.739s] DEBUG:colcon.colcon_core.event_handler.log_command:Invoking command in '/home/sunrise/work/Robot-Driven/build/cpp_pkg': CMAKE_PREFIX_PATH=/opt/tros/humble:/opt/ros/humble /usr/bin/cmake --build /home/sunrise/work/Robot-Driven/build/cpp_pkg -- -j8 -l8
[74.974s] DEBUG:colcon.colcon_core.event_handler.log_command:Invoked command in '/home/sunrise/work/Robot-Driven/build/cpp_pkg' returned '0': CMAKE_PREFIX_PATH=/opt/tros/humble:/opt/ros/humble /usr/bin/cmake --build /home/sunrise/work/Robot-Driven/build/cpp_pkg -- -j8 -l8
[75.034s] DEBUG:colcon.colcon_core.event_handler.log_command:Invoking command in '/home/sunrise/work/Robot-Driven/build/cpp_pkg': CMAKE_PREFIX_PATH=/opt/tros/humble:/opt/ros/humble /usr/bin/cmake --install /home/sunrise/work/Robot-Driven/build/cpp_pkg
[75.173s] Level 1:colcon.colcon_core.environment:create_environment_scripts_only(cpp_pkg)
[75.175s] DEBUG:colcon.colcon_core.event_handler.log_command:Invoked command in '/home/sunrise/work/Robot-Driven/build/cpp_pkg' returned '0': CMAKE_PREFIX_PATH=/opt/tros/humble:/opt/ros/humble /usr/bin/cmake --install /home/sunrise/work/Robot-Driven/build/cpp_pkg
[75.217s] Level 1:colcon.colcon_core.environment:checking '/home/sunrise/work/Robot-Driven/install/cpp_pkg' for CMake module files
[75.223s] Level 1:colcon.colcon_core.environment:checking '/home/sunrise/work/Robot-Driven/install/cpp_pkg' for CMake config files
[75.226s] Level 1:colcon.colcon_core.shell:create_environment_hook('cpp_pkg', 'cmake_prefix_path')
[75.227s] INFO:colcon.colcon_core.shell:Creating environment hook '/home/sunrise/work/Robot-Driven/install/cpp_pkg/share/cpp_pkg/hook/cmake_prefix_path.ps1'
[75.233s] INFO:colcon.colcon_core.shell:Creating environment descriptor '/home/sunrise/work/Robot-Driven/install/cpp_pkg/share/cpp_pkg/hook/cmake_prefix_path.dsv'
[75.239s] INFO:colcon.colcon_core.shell:Creating environment hook '/home/sunrise/work/Robot-Driven/install/cpp_pkg/share/cpp_pkg/hook/cmake_prefix_path.sh'
[75.245s] Level 1:colcon.colcon_core.environment:checking '/home/sunrise/work/Robot-Driven/install/cpp_pkg/lib'
[75.246s] Level 1:colcon.colcon_core.environment:checking '/home/sunrise/work/Robot-Driven/install/cpp_pkg/bin'
[75.246s] Level 1:colcon.colcon_core.environment:checking '/home/sunrise/work/Robot-Driven/install/cpp_pkg/lib/pkgconfig/cpp_pkg.pc'
[75.248s] Level 1:colcon.colcon_core.environment:checking '/home/sunrise/work/Robot-Driven/install/cpp_pkg/lib/python3.10/site-packages'
[75.250s] Level 1:colcon.colcon_core.environment:checking '/home/sunrise/work/Robot-Driven/install/cpp_pkg/bin'
[75.253s] INFO:colcon.colcon_core.shell:Creating package script '/home/sunrise/work/Robot-Driven/install/cpp_pkg/share/cpp_pkg/package.ps1'
[75.260s] INFO:colcon.colcon_core.shell:Creating package descriptor '/home/sunrise/work/Robot-Driven/install/cpp_pkg/share/cpp_pkg/package.dsv'
[75.264s] INFO:colcon.colcon_core.shell:Creating package script '/home/sunrise/work/Robot-Driven/install/cpp_pkg/share/cpp_pkg/package.sh'
[75.270s] INFO:colcon.colcon_core.shell:Creating package script '/home/sunrise/work/Robot-Driven/install/cpp_pkg/share/cpp_pkg/package.bash'
[75.278s] INFO:colcon.colcon_core.shell:Creating package script '/home/sunrise/work/Robot-Driven/install/cpp_pkg/share/cpp_pkg/package.zsh'
[75.285s] Level 1:colcon.colcon_core.environment:create_file_with_runtime_dependencies(/home/sunrise/work/Robot-Driven/install/cpp_pkg/share/colcon-core/packages/cpp_pkg)
[75.289s] Level 1:colcon.colcon_core.environment:create_environment_scripts_only(cpp_pkg)
[75.291s] Level 1:colcon.colcon_core.environment:checking '/home/sunrise/work/Robot-Driven/install/cpp_pkg' for CMake module files
[75.294s] Level 1:colcon.colcon_core.environment:checking '/home/sunrise/work/Robot-Driven/install/cpp_pkg' for CMake config files
[75.295s] Level 1:colcon.colcon_core.shell:create_environment_hook('cpp_pkg', 'cmake_prefix_path')
[75.297s] INFO:colcon.colcon_core.shell:Creating environment hook '/home/sunrise/work/Robot-Driven/install/cpp_pkg/share/cpp_pkg/hook/cmake_prefix_path.ps1'
[75.300s] INFO:colcon.colcon_core.shell:Creating environment descriptor '/home/sunrise/work/Robot-Driven/install/cpp_pkg/share/cpp_pkg/hook/cmake_prefix_path.dsv'
[75.303s] INFO:colcon.colcon_core.shell:Creating environment hook '/home/sunrise/work/Robot-Driven/install/cpp_pkg/share/cpp_pkg/hook/cmake_prefix_path.sh'
[75.307s] Level 1:colcon.colcon_core.environment:checking '/home/sunrise/work/Robot-Driven/install/cpp_pkg/lib'
[75.307s] Level 1:colcon.colcon_core.environment:checking '/home/sunrise/work/Robot-Driven/install/cpp_pkg/bin'
[75.308s] Level 1:colcon.colcon_core.environment:checking '/home/sunrise/work/Robot-Driven/install/cpp_pkg/lib/pkgconfig/cpp_pkg.pc'
[75.310s] Level 1:colcon.colcon_core.environment:checking '/home/sunrise/work/Robot-Driven/install/cpp_pkg/lib/python3.10/site-packages'
[75.312s] Level 1:colcon.colcon_core.environment:checking '/home/sunrise/work/Robot-Driven/install/cpp_pkg/bin'
[75.315s] INFO:colcon.colcon_core.shell:Creating package script '/home/sunrise/work/Robot-Driven/install/cpp_pkg/share/cpp_pkg/package.ps1'
[75.318s] INFO:colcon.colcon_core.shell:Creating package descriptor '/home/sunrise/work/Robot-Driven/install/cpp_pkg/share/cpp_pkg/package.dsv'
[75.322s] INFO:colcon.colcon_core.shell:Creating package script '/home/sunrise/work/Robot-Driven/install/cpp_pkg/share/cpp_pkg/package.sh'
[75.326s] INFO:colcon.colcon_core.shell:Creating package script '/home/sunrise/work/Robot-Driven/install/cpp_pkg/share/cpp_pkg/package.bash'
[75.329s] INFO:colcon.colcon_core.shell:Creating package script '/home/sunrise/work/Robot-Driven/install/cpp_pkg/share/cpp_pkg/package.zsh'
[75.332s] Level 1:colcon.colcon_core.environment:create_file_with_runtime_dependencies(/home/sunrise/work/Robot-Driven/install/cpp_pkg/share/colcon-core/packages/cpp_pkg)
[75.334s] DEBUG:colcon.colcon_parallel_executor.executor.parallel:closing loop
[75.336s] DEBUG:colcon.colcon_parallel_executor.executor.parallel:loop closed
[75.336s] DEBUG:colcon.colcon_parallel_executor.executor.parallel:run_until_complete finished with '0'
[75.337s] DEBUG:colcon.colcon_core.event_reactor:joining thread
[75.396s] INFO:colcon.colcon_core.plugin_system:Skipping extension 'colcon_notification.desktop_notification.notify_send': Could not find 'notify-send'
[75.396s] INFO:colcon.colcon_core.plugin_system:Skipping extension 'colcon_notification.desktop_notification.terminal_notifier': Not used on non-Darwin systems
[75.397s] INFO:colcon.colcon_core.plugin_system:Skipping extension 'colcon_notification.desktop_notification.win32': Not used on non-Windows systems
[75.397s] INFO:colcon.colcon_notification.desktop_notification:Sending desktop notification using 'notify2'
[75.433s] DEBUG:colcon.colcon_core.event_reactor:joined thread
[75.435s] INFO:colcon.colcon_core.shell:Creating prefix script '/home/sunrise/work/Robot-Driven/install/local_setup.ps1'
[75.442s] INFO:colcon.colcon_core.shell:Creating prefix util module '/home/sunrise/work/Robot-Driven/install/_local_setup_util_ps1.py'
[75.455s] INFO:colcon.colcon_core.shell:Creating prefix chain script '/home/sunrise/work/Robot-Driven/install/setup.ps1'
[75.461s] INFO:colcon.colcon_core.shell:Creating prefix script '/home/sunrise/work/Robot-Driven/install/local_setup.sh'
[75.470s] INFO:colcon.colcon_core.shell:Creating prefix util module '/home/sunrise/work/Robot-Driven/install/_local_setup_util_sh.py'
[75.475s] INFO:colcon.colcon_core.shell:Creating prefix chain script '/home/sunrise/work/Robot-Driven/install/setup.sh'
[75.482s] INFO:colcon.colcon_core.shell:Creating prefix script '/home/sunrise/work/Robot-Driven/install/local_setup.bash'
[75.486s] INFO:colcon.colcon_core.shell:Creating prefix chain script '/home/sunrise/work/Robot-Driven/install/setup.bash'
[75.494s] INFO:colcon.colcon_core.shell:Creating prefix script '/home/sunrise/work/Robot-Driven/install/local_setup.zsh'
[75.499s] INFO:colcon.colcon_core.shell:Creating prefix chain script '/home/sunrise/work/Robot-Driven/install/setup.zsh'
