[0.675s] DEBUG:colcon:Command line arguments: ['/usr/bin/colcon', 'build', '--packages-select', 'cpp_pkg', '--executor', 'parallel', '--parallel-workers', '8']
[0.676s] DEBUG:colcon:Parsed command line arguments: Namespace(log_base=None, log_level=None, verb_name='build', build_base='build', install_base='install', merge_install=False, symlink_install=False, test_result_base=None, continue_on_error=False, executor='parallel', parallel_workers=8, event_handlers=None, ignore_user_meta=False, metas=['./colcon.meta'], base_paths=['.'], packages_ignore=None, packages_ignore_regex=None, paths=None, packages_up_to=None, packages_up_to_regex=None, packages_above=None, packages_above_and_dependencies=None, packages_above_depth=None, packages_select_by_dep=None, packages_skip_by_dep=None, packages_skip_up_to=None, packages_select_build_failed=False, packages_skip_build_finished=False, packages_select_test_failures=False, packages_skip_test_passed=False, packages_select=['cpp_pkg'], packages_skip=None, packages_select_regex=None, packages_skip_regex=None, packages_start=None, packages_end=None, allow_overriding=[], cmake_args=None, cmake_target=None, cmake_target_skip_unavailable=False, cmake_clean_cache=False, cmake_clean_first=False, cmake_force_configure=False, ament_cmake_args=None, catkin_cmake_args=None, catkin_skip_building_tests=False, verb_parser=<colcon_defaults.argument_parser.defaults.DefaultArgumentsDecorator object at 0xffff8d78b130>, verb_extension=<colcon_core.verb.build.BuildVerb object at 0xffff8d78a110>, main=<bound method BuildVerb.main of <colcon_core.verb.build.BuildVerb object at 0xffff8d78a110>>)
[0.937s] Level 1:colcon.colcon_core.package_discovery:discover_packages(colcon_meta) check parameters
[0.938s] Level 1:colcon.colcon_core.package_discovery:discover_packages(recursive) check parameters
[0.938s] Level 1:colcon.colcon_core.package_discovery:discover_packages(ignore) check parameters
[0.938s] Level 1:colcon.colcon_core.package_discovery:discover_packages(path) check parameters
[0.938s] Level 1:colcon.colcon_core.package_discovery:discover_packages(colcon_meta) discover
[0.939s] Level 1:colcon.colcon_core.package_discovery:discover_packages(recursive) discover
[0.939s] INFO:colcon.colcon_core.package_discovery:Crawling recursively for packages in '/home/sunrise/work/Robot-Driven'
[0.940s] Level 1:colcon.colcon_core.package_identification:_identify(.) by extensions ['ignore', 'ignore_ament_install']
[0.940s] Level 1:colcon.colcon_core.package_identification:_identify(.) by extension 'ignore'
[0.940s] Level 1:colcon.colcon_core.package_identification:_identify(.) by extension 'ignore_ament_install'
[0.941s] Level 1:colcon.colcon_core.package_identification:_identify(.) by extensions ['colcon_pkg']
[0.941s] Level 1:colcon.colcon_core.package_identification:_identify(.) by extension 'colcon_pkg'
[0.941s] Level 1:colcon.colcon_core.package_identification:_identify(.) by extensions ['colcon_meta']
[0.942s] Level 1:colcon.colcon_core.package_identification:_identify(.) by extension 'colcon_meta'
[0.942s] Level 1:colcon.colcon_core.package_identification:_identify(.) by extensions ['ros']
[0.942s] Level 1:colcon.colcon_core.package_identification:_identify(.) by extension 'ros'
[1.045s] Level 1:colcon.colcon_core.package_identification:_identify(.) by extensions ['cmake', 'python']
[1.046s] Level 1:colcon.colcon_core.package_identification:_identify(.) by extension 'cmake'
[1.046s] Level 1:colcon.colcon_core.package_identification:_identify(.) by extension 'python'
[1.047s] Level 1:colcon.colcon_core.package_identification:_identify(.) by extensions ['python_setup_py']
[1.047s] Level 1:colcon.colcon_core.package_identification:_identify(.) by extension 'python_setup_py'
[1.047s] Level 1:colcon.colcon_core.package_identification:_identify(build) by extensions ['ignore', 'ignore_ament_install']
[1.048s] Level 1:colcon.colcon_core.package_identification:_identify(build) by extension 'ignore'
[1.048s] Level 1:colcon.colcon_core.package_identification:_identify(build) ignored
[1.049s] Level 1:colcon.colcon_core.package_identification:_identify(install) by extensions ['ignore', 'ignore_ament_install']
[1.050s] Level 1:colcon.colcon_core.package_identification:_identify(install) by extension 'ignore'
[1.050s] Level 1:colcon.colcon_core.package_identification:_identify(install) ignored
[1.051s] Level 1:colcon.colcon_core.package_identification:_identify(log) by extensions ['ignore', 'ignore_ament_install']
[1.051s] Level 1:colcon.colcon_core.package_identification:_identify(log) by extension 'ignore'
[1.052s] Level 1:colcon.colcon_core.package_identification:_identify(log) ignored
[1.052s] Level 1:colcon.colcon_core.package_identification:_identify(src) by extensions ['ignore', 'ignore_ament_install']
[1.053s] Level 1:colcon.colcon_core.package_identification:_identify(src) by extension 'ignore'
[1.053s] Level 1:colcon.colcon_core.package_identification:_identify(src) by extension 'ignore_ament_install'
[1.054s] Level 1:colcon.colcon_core.package_identification:_identify(src) by extensions ['colcon_pkg']
[1.054s] Level 1:colcon.colcon_core.package_identification:_identify(src) by extension 'colcon_pkg'
[1.054s] Level 1:colcon.colcon_core.package_identification:_identify(src) by extensions ['colcon_meta']
[1.054s] Level 1:colcon.colcon_core.package_identification:_identify(src) by extension 'colcon_meta'
[1.055s] Level 1:colcon.colcon_core.package_identification:_identify(src) by extensions ['ros']
[1.055s] Level 1:colcon.colcon_core.package_identification:_identify(src) by extension 'ros'
[1.055s] Level 1:colcon.colcon_core.package_identification:_identify(src) by extensions ['cmake', 'python']
[1.055s] Level 1:colcon.colcon_core.package_identification:_identify(src) by extension 'cmake'
[1.056s] Level 1:colcon.colcon_core.package_identification:_identify(src) by extension 'python'
[1.056s] Level 1:colcon.colcon_core.package_identification:_identify(src) by extensions ['python_setup_py']
[1.056s] Level 1:colcon.colcon_core.package_identification:_identify(src) by extension 'python_setup_py'
[1.057s] Level 1:colcon.colcon_core.package_identification:_identify(src/cpp_pkg) by extensions ['ignore', 'ignore_ament_install']
[1.057s] Level 1:colcon.colcon_core.package_identification:_identify(src/cpp_pkg) by extension 'ignore'
[1.058s] Level 1:colcon.colcon_core.package_identification:_identify(src/cpp_pkg) by extension 'ignore_ament_install'
[1.058s] Level 1:colcon.colcon_core.package_identification:_identify(src/cpp_pkg) by extensions ['colcon_pkg']
[1.058s] Level 1:colcon.colcon_core.package_identification:_identify(src/cpp_pkg) by extension 'colcon_pkg'
[1.059s] Level 1:colcon.colcon_core.package_identification:_identify(src/cpp_pkg) by extensions ['colcon_meta']
[1.059s] Level 1:colcon.colcon_core.package_identification:_identify(src/cpp_pkg) by extension 'colcon_meta'
[1.059s] Level 1:colcon.colcon_core.package_identification:_identify(src/cpp_pkg) by extensions ['ros']
[1.059s] Level 1:colcon.colcon_core.package_identification:_identify(src/cpp_pkg) by extension 'ros'
[1.075s] DEBUG:colcon.colcon_core.package_identification:Package 'src/cpp_pkg' with type 'ros.ament_cmake' and name 'cpp_pkg'
[1.076s] Level 1:colcon.colcon_core.package_identification:_identify(src/robot_app_pkg) by extensions ['ignore', 'ignore_ament_install']
[1.076s] Level 1:colcon.colcon_core.package_identification:_identify(src/robot_app_pkg) by extension 'ignore'
[1.077s] Level 1:colcon.colcon_core.package_identification:_identify(src/robot_app_pkg) by extension 'ignore_ament_install'
[1.077s] Level 1:colcon.colcon_core.package_identification:_identify(src/robot_app_pkg) by extensions ['colcon_pkg']
[1.077s] Level 1:colcon.colcon_core.package_identification:_identify(src/robot_app_pkg) by extension 'colcon_pkg'
[1.078s] Level 1:colcon.colcon_core.package_identification:_identify(src/robot_app_pkg) by extensions ['colcon_meta']
[1.078s] Level 1:colcon.colcon_core.package_identification:_identify(src/robot_app_pkg) by extension 'colcon_meta'
[1.078s] Level 1:colcon.colcon_core.package_identification:_identify(src/robot_app_pkg) by extensions ['ros']
[1.078s] Level 1:colcon.colcon_core.package_identification:_identify(src/robot_app_pkg) by extension 'ros'
[1.083s] DEBUG:colcon.colcon_core.package_identification:Package 'src/robot_app_pkg' with type 'ros.ament_cmake' and name 'robot_app_pkg'
[1.083s] Level 1:colcon.colcon_core.package_discovery:discover_packages(recursive) using defaults
[1.084s] Level 1:colcon.colcon_core.package_discovery:discover_packages(ignore) discover
[1.084s] Level 1:colcon.colcon_core.package_discovery:discover_packages(ignore) using defaults
[1.084s] Level 1:colcon.colcon_core.package_discovery:discover_packages(path) discover
[1.084s] Level 1:colcon.colcon_core.package_discovery:discover_packages(path) using defaults
[1.222s] INFO:colcon.colcon_core.package_selection:Skipping not selected package 'robot_app_pkg' in 'src/robot_app_pkg'
[1.225s] Level 1:colcon.colcon_core.package_discovery:discover_packages(prefix_path) check parameters
[1.225s] Level 1:colcon.colcon_core.package_discovery:discover_packages(prefix_path) discover
[1.235s] DEBUG:colcon.colcon_installed_package_information.package_discovery:Found 57 installed packages in /opt/tros/humble
[1.243s] DEBUG:colcon.colcon_installed_package_information.package_discovery:Found 183 installed packages in /opt/ros/humble
[1.252s] Level 1:colcon.colcon_core.package_discovery:discover_packages(prefix_path) using defaults
[1.465s] Level 5:colcon.colcon_core.verb:set package 'cpp_pkg' build argument 'cmake_args' from command line to 'None'
[1.466s] Level 5:colcon.colcon_core.verb:set package 'cpp_pkg' build argument 'cmake_target' from command line to 'None'
[1.466s] Level 5:colcon.colcon_core.verb:set package 'cpp_pkg' build argument 'cmake_target_skip_unavailable' from command line to 'False'
[1.466s] Level 5:colcon.colcon_core.verb:set package 'cpp_pkg' build argument 'cmake_clean_cache' from command line to 'False'
[1.467s] Level 5:colcon.colcon_core.verb:set package 'cpp_pkg' build argument 'cmake_clean_first' from command line to 'False'
[1.467s] Level 5:colcon.colcon_core.verb:set package 'cpp_pkg' build argument 'cmake_force_configure' from command line to 'False'
[1.467s] Level 5:colcon.colcon_core.verb:set package 'cpp_pkg' build argument 'ament_cmake_args' from command line to 'None'
[1.467s] Level 5:colcon.colcon_core.verb:set package 'cpp_pkg' build argument 'catkin_cmake_args' from command line to 'None'
[1.467s] Level 5:colcon.colcon_core.verb:set package 'cpp_pkg' build argument 'catkin_skip_building_tests' from command line to 'False'
[1.468s] DEBUG:colcon.colcon_core.verb:Building package 'cpp_pkg' with the following arguments: {'ament_cmake_args': None, 'build_base': '/home/sunrise/work/Robot-Driven/build/cpp_pkg', 'catkin_cmake_args': None, 'catkin_skip_building_tests': False, 'cmake_args': None, 'cmake_clean_cache': False, 'cmake_clean_first': False, 'cmake_force_configure': False, 'cmake_target': None, 'cmake_target_skip_unavailable': False, 'install_base': '/home/sunrise/work/Robot-Driven/install/cpp_pkg', 'merge_install': False, 'path': '/home/sunrise/work/Robot-Driven/src/cpp_pkg', 'symlink_install': False, 'test_result_base': None}
[1.469s] INFO:colcon.colcon_core.executor:Executing jobs using 'parallel' executor
[1.474s] DEBUG:colcon.colcon_parallel_executor.executor.parallel:run_until_complete
[1.475s] INFO:colcon.colcon_ros.task.ament_cmake.build:Building ROS package in '/home/sunrise/work/Robot-Driven/src/cpp_pkg' with build type 'ament_cmake'
[1.476s] INFO:colcon.colcon_cmake.task.cmake.build:Building CMake package in '/home/sunrise/work/Robot-Driven/src/cpp_pkg'
[1.487s] INFO:colcon.colcon_core.plugin_system:Skipping extension 'colcon_core.shell.bat': Not used on non-Windows systems
[1.488s] INFO:colcon.colcon_core.shell:Skip shell extension 'powershell' for command environment: Not usable outside of PowerShell
[1.488s] DEBUG:colcon.colcon_core.shell:Skip shell extension 'dsv' for command environment
[1.522s] DEBUG:colcon.colcon_core.event_handler.log_command:Invoking command in '/home/sunrise/work/Robot-Driven/build/cpp_pkg': CMAKE_PREFIX_PATH=/opt/tros/humble:/opt/ros/humble /usr/bin/cmake --build /home/sunrise/work/Robot-Driven/build/cpp_pkg -- -j8 -l8
[24.877s] DEBUG:colcon.colcon_core.event_handler.log_command:Invoked command in '/home/sunrise/work/Robot-Driven/build/cpp_pkg' returned '0': CMAKE_PREFIX_PATH=/opt/tros/humble:/opt/ros/humble /usr/bin/cmake --build /home/sunrise/work/Robot-Driven/build/cpp_pkg -- -j8 -l8
[24.936s] DEBUG:colcon.colcon_core.event_handler.log_command:Invoking command in '/home/sunrise/work/Robot-Driven/build/cpp_pkg': CMAKE_PREFIX_PATH=/opt/tros/humble:/opt/ros/humble /usr/bin/cmake --install /home/sunrise/work/Robot-Driven/build/cpp_pkg
[25.034s] Level 1:colcon.colcon_core.environment:create_environment_scripts_only(cpp_pkg)
[25.037s] DEBUG:colcon.colcon_core.event_handler.log_command:Invoked command in '/home/sunrise/work/Robot-Driven/build/cpp_pkg' returned '0': CMAKE_PREFIX_PATH=/opt/tros/humble:/opt/ros/humble /usr/bin/cmake --install /home/sunrise/work/Robot-Driven/build/cpp_pkg
[25.048s] Level 1:colcon.colcon_core.environment:checking '/home/sunrise/work/Robot-Driven/install/cpp_pkg' for CMake module files
[25.052s] Level 1:colcon.colcon_core.environment:checking '/home/sunrise/work/Robot-Driven/install/cpp_pkg' for CMake config files
[25.053s] Level 1:colcon.colcon_core.shell:create_environment_hook('cpp_pkg', 'cmake_prefix_path')
[25.054s] INFO:colcon.colcon_core.shell:Creating environment hook '/home/sunrise/work/Robot-Driven/install/cpp_pkg/share/cpp_pkg/hook/cmake_prefix_path.ps1'
[25.058s] INFO:colcon.colcon_core.shell:Creating environment descriptor '/home/sunrise/work/Robot-Driven/install/cpp_pkg/share/cpp_pkg/hook/cmake_prefix_path.dsv'
[25.061s] INFO:colcon.colcon_core.shell:Creating environment hook '/home/sunrise/work/Robot-Driven/install/cpp_pkg/share/cpp_pkg/hook/cmake_prefix_path.sh'
[25.067s] Level 1:colcon.colcon_core.environment:checking '/home/sunrise/work/Robot-Driven/install/cpp_pkg/lib'
[25.068s] Level 1:colcon.colcon_core.environment:checking '/home/sunrise/work/Robot-Driven/install/cpp_pkg/bin'
[25.068s] Level 1:colcon.colcon_core.environment:checking '/home/sunrise/work/Robot-Driven/install/cpp_pkg/lib/pkgconfig/cpp_pkg.pc'
[25.070s] Level 1:colcon.colcon_core.environment:checking '/home/sunrise/work/Robot-Driven/install/cpp_pkg/lib/python3.10/site-packages'
[25.073s] Level 1:colcon.colcon_core.environment:checking '/home/sunrise/work/Robot-Driven/install/cpp_pkg/bin'
[25.075s] INFO:colcon.colcon_core.shell:Creating package script '/home/sunrise/work/Robot-Driven/install/cpp_pkg/share/cpp_pkg/package.ps1'
[25.080s] INFO:colcon.colcon_core.shell:Creating package descriptor '/home/sunrise/work/Robot-Driven/install/cpp_pkg/share/cpp_pkg/package.dsv'
[25.084s] INFO:colcon.colcon_core.shell:Creating package script '/home/sunrise/work/Robot-Driven/install/cpp_pkg/share/cpp_pkg/package.sh'
[25.090s] INFO:colcon.colcon_core.shell:Creating package script '/home/sunrise/work/Robot-Driven/install/cpp_pkg/share/cpp_pkg/package.bash'
[25.096s] INFO:colcon.colcon_core.shell:Creating package script '/home/sunrise/work/Robot-Driven/install/cpp_pkg/share/cpp_pkg/package.zsh'
[25.100s] Level 1:colcon.colcon_core.environment:create_file_with_runtime_dependencies(/home/sunrise/work/Robot-Driven/install/cpp_pkg/share/colcon-core/packages/cpp_pkg)
[25.104s] Level 1:colcon.colcon_core.environment:create_environment_scripts_only(cpp_pkg)
[25.105s] Level 1:colcon.colcon_core.environment:checking '/home/sunrise/work/Robot-Driven/install/cpp_pkg' for CMake module files
[25.109s] Level 1:colcon.colcon_core.environment:checking '/home/sunrise/work/Robot-Driven/install/cpp_pkg' for CMake config files
[25.110s] Level 1:colcon.colcon_core.shell:create_environment_hook('cpp_pkg', 'cmake_prefix_path')
[25.111s] INFO:colcon.colcon_core.shell:Creating environment hook '/home/sunrise/work/Robot-Driven/install/cpp_pkg/share/cpp_pkg/hook/cmake_prefix_path.ps1'
[25.113s] INFO:colcon.colcon_core.shell:Creating environment descriptor '/home/sunrise/work/Robot-Driven/install/cpp_pkg/share/cpp_pkg/hook/cmake_prefix_path.dsv'
[25.115s] INFO:colcon.colcon_core.shell:Creating environment hook '/home/sunrise/work/Robot-Driven/install/cpp_pkg/share/cpp_pkg/hook/cmake_prefix_path.sh'
[25.118s] Level 1:colcon.colcon_core.environment:checking '/home/sunrise/work/Robot-Driven/install/cpp_pkg/lib'
[25.119s] Level 1:colcon.colcon_core.environment:checking '/home/sunrise/work/Robot-Driven/install/cpp_pkg/bin'
[25.119s] Level 1:colcon.colcon_core.environment:checking '/home/sunrise/work/Robot-Driven/install/cpp_pkg/lib/pkgconfig/cpp_pkg.pc'
[25.121s] Level 1:colcon.colcon_core.environment:checking '/home/sunrise/work/Robot-Driven/install/cpp_pkg/lib/python3.10/site-packages'
[25.123s] Level 1:colcon.colcon_core.environment:checking '/home/sunrise/work/Robot-Driven/install/cpp_pkg/bin'
[25.125s] INFO:colcon.colcon_core.shell:Creating package script '/home/sunrise/work/Robot-Driven/install/cpp_pkg/share/cpp_pkg/package.ps1'
[25.128s] INFO:colcon.colcon_core.shell:Creating package descriptor '/home/sunrise/work/Robot-Driven/install/cpp_pkg/share/cpp_pkg/package.dsv'
[25.131s] INFO:colcon.colcon_core.shell:Creating package script '/home/sunrise/work/Robot-Driven/install/cpp_pkg/share/cpp_pkg/package.sh'
[25.134s] INFO:colcon.colcon_core.shell:Creating package script '/home/sunrise/work/Robot-Driven/install/cpp_pkg/share/cpp_pkg/package.bash'
[25.136s] INFO:colcon.colcon_core.shell:Creating package script '/home/sunrise/work/Robot-Driven/install/cpp_pkg/share/cpp_pkg/package.zsh'
[25.139s] Level 1:colcon.colcon_core.environment:create_file_with_runtime_dependencies(/home/sunrise/work/Robot-Driven/install/cpp_pkg/share/colcon-core/packages/cpp_pkg)
[25.141s] DEBUG:colcon.colcon_parallel_executor.executor.parallel:closing loop
[25.142s] DEBUG:colcon.colcon_parallel_executor.executor.parallel:loop closed
[25.143s] DEBUG:colcon.colcon_parallel_executor.executor.parallel:run_until_complete finished with '0'
[25.143s] DEBUG:colcon.colcon_core.event_reactor:joining thread
[25.168s] INFO:colcon.colcon_core.plugin_system:Skipping extension 'colcon_notification.desktop_notification.notify_send': Could not find 'notify-send'
[25.168s] INFO:colcon.colcon_core.plugin_system:Skipping extension 'colcon_notification.desktop_notification.terminal_notifier': Not used on non-Darwin systems
[25.169s] INFO:colcon.colcon_core.plugin_system:Skipping extension 'colcon_notification.desktop_notification.win32': Not used on non-Windows systems
[25.169s] INFO:colcon.colcon_notification.desktop_notification:Sending desktop notification using 'notify2'
[25.188s] DEBUG:colcon.colcon_core.event_reactor:joined thread
[25.190s] INFO:colcon.colcon_core.shell:Creating prefix script '/home/sunrise/work/Robot-Driven/install/local_setup.ps1'
[25.196s] INFO:colcon.colcon_core.shell:Creating prefix util module '/home/sunrise/work/Robot-Driven/install/_local_setup_util_ps1.py'
[25.206s] INFO:colcon.colcon_core.shell:Creating prefix chain script '/home/sunrise/work/Robot-Driven/install/setup.ps1'
[25.217s] INFO:colcon.colcon_core.shell:Creating prefix script '/home/sunrise/work/Robot-Driven/install/local_setup.sh'
[25.221s] INFO:colcon.colcon_core.shell:Creating prefix util module '/home/sunrise/work/Robot-Driven/install/_local_setup_util_sh.py'
[25.226s] INFO:colcon.colcon_core.shell:Creating prefix chain script '/home/sunrise/work/Robot-Driven/install/setup.sh'
[25.233s] INFO:colcon.colcon_core.shell:Creating prefix script '/home/sunrise/work/Robot-Driven/install/local_setup.bash'
[25.237s] INFO:colcon.colcon_core.shell:Creating prefix chain script '/home/sunrise/work/Robot-Driven/install/setup.bash'
[25.244s] INFO:colcon.colcon_core.shell:Creating prefix script '/home/sunrise/work/Robot-Driven/install/local_setup.zsh'
[25.248s] INFO:colcon.colcon_core.shell:Creating prefix chain script '/home/sunrise/work/Robot-Driven/install/setup.zsh'
