-- The C compiler identification is GNU 11.2.0
-- The CXX compiler identification is GNU 11.2.0
-- Detecting C compiler ABI info
-- Detecting C compiler ABI info - done
-- Check for working C compiler: /usr/bin/cc - skipped
-- Detecting C compile features
-- Detecting C compile features - done
-- Detecting CXX compiler ABI info
-- Detecting CXX compiler ABI info - done
-- Check for working CXX compiler: /usr/bin/c++ - skipped
-- Detecting CXX compile features
-- Detecting CXX compile features - done
-- Found ament_cmake: 1.3.12 (/opt/ros/humble/share/ament_cmake/cmake)
-- Found Python3: /usr/bin/python3 (found version "3.10.12") found components: Interpreter 
-- Found rclcpp: 16.0.14 (/opt/ros/humble/share/rclcpp/cmake)
-- Found rosidl_generator_c: 3.1.7 (/opt/ros/humble/share/rosidl_generator_c/cmake)
-- Found rosidl_adapter: 3.1.7 (/opt/ros/humble/share/rosidl_adapter/cmake)
-- Found rosidl_generator_cpp: 3.1.7 (/opt/ros/humble/share/rosidl_generator_cpp/cmake)
-- Using all available rosidl_typesupport_c: rosidl_typesupport_fastrtps_c;rosidl_typesupport_introspection_c
-- Using all available rosidl_typesupport_cpp: rosidl_typesupport_fastrtps_cpp;rosidl_typesupport_introspection_cpp
-- Found rmw_implementation_cmake: 6.1.2 (/opt/ros/humble/share/rmw_implementation_cmake/cmake)
-- Found rmw_fastrtps_cpp: 6.2.8 (/opt/ros/humble/share/rmw_fastrtps_cpp/cmake)
-- Found OpenSSL: /usr/lib/aarch64-linux-gnu/libcrypto.so (found version "3.0.2")  
-- Found FastRTPS: /opt/ros/humble/include  
-- Using RMW implementation 'rmw_fastrtps_cpp' as default
-- Looking for pthread.h
-- Looking for pthread.h - found
-- Performing Test CMAKE_HAVE_LIBC_PTHREAD
-- Performing Test CMAKE_HAVE_LIBC_PTHREAD - Success
-- Found Threads: TRUE  
-- Found geometry_msgs: 4.9.0 (/opt/ros/humble/share/geometry_msgs/cmake)
-- Found ament_lint_auto: 0.12.14 (/opt/ros/humble/share/ament_lint_auto/cmake)
-- Added test 'cppcheck' to perform static code analysis on C / C++ code
-- Configured cppcheck include dirs: $<BUILD_INTERFACE:/home/sunrise/work/Robot-Driven/src/cpp_pkg/include>
-- Configured cppcheck exclude dirs and/or files: 
-- Added test 'flake8' to check Python code syntax and style conventions
-- Added test 'lint_cmake' to check CMake code style
-- Added test 'pep257' to check Python code against some of the docstring style conventions in PEP 257
-- Added test 'uncrustify' to check C / C++ code style
-- Configured uncrustify additional arguments: 
-- Added test 'xmllint' to check XML markup files
-- Configuring done
-- Generating done
-- Build files have been written to: /home/sunrise/work/Robot-Driven/build/cpp_pkg
[ 14%] [32mBuilding CXX object CMakeFiles/driver_node.dir/src/IDeviceThread.cpp.o[0m
[ 28%] [32mBuilding CXX object CMakeFiles/driver_node.dir/src/SerialPortImpl.cpp.o[0m
[01m[K/home/sunrise/work/Robot-Driven/src/cpp_pkg/src/SerialPortImpl.cpp:[m[K In member function ‘[01m[Kvoid SerialPortImpl::parse_frame(std::string&)[m[K’:
[01m[K/home/sunrise/work/Robot-Driven/src/cpp_pkg/src/SerialPortImpl.cpp:295:30:[m[K [01;35m[Kwarning: [m[Kcomparison of integer expressions of different signedness: ‘[01m[Ksize_t[m[K’ {aka ‘[01m[Klong unsigned int[m[K’} and ‘[01m[Kint[m[K’ [[01;35m[K-Wsign-compare[m[K]
  295 |         for (size_t i = 2; [01;35m[Ki < 2 + len[m[K; ++i)
      |                            [01;35m[K~~^~~~~~~~~[m[K
[ 42%] [32mBuilding CXX object CMakeFiles/driver_node.dir/src/main.cpp.o[0m
[01m[K/home/sunrise/work/Robot-Driven/src/cpp_pkg/src/main.cpp:11:20:[m[K [01;35m[Kwarning: [m[K‘[01m[Kstd::string bytes_to_hex(const string&)[m[K’ defined but not used [[01;35m[K-Wunused-function[m[K]
   11 | static std::string [01;35m[Kbytes_to_hex[m[K(const std::string& data)
      |                    [01;35m[K^~~~~~~~~~~~[m[K
[ 57%] [32mBuilding CXX object CMakeFiles/driver_node.dir/src/parse_imu_data.cpp.o[0m
[01m[K/home/sunrise/work/Robot-Driven/src/cpp_pkg/src/parse_imu_data.cpp:[m[K In member function ‘[01m[Kvirtual DataResult ParseImuData::parse_frame(const string&)[m[K’:
[01m[K/home/sunrise/work/Robot-Driven/src/cpp_pkg/src/parse_imu_data.cpp:12:22:[m[K [01;35m[Kwarning: [m[Kcomparison of integer expressions of different signedness: ‘[01m[Kint[m[K’ and ‘[01m[Kstd::__cxx11::basic_string<char>::size_type[m[K’ {aka ‘[01m[Klong unsigned int[m[K’} [[01;35m[K-Wsign-compare[m[K]
   12 |         [01;35m[K(3 + length) > frame.size()[m[K) {
      |         [01;35m[K~~~~~~~~~~~~~^~~~~~~~~~~~~~[m[K
[01m[K/home/sunrise/work/Robot-Driven/src/cpp_pkg/src/parse_imu_data.cpp:[m[K In member function ‘[01m[Kvirtual void ParseImuData::process_data(const DataResult&, std::shared_ptr<Publisher>)[m[K’:
[01m[K/home/sunrise/work/Robot-Driven/src/cpp_pkg/src/parse_imu_data.cpp:52:24:[m[K [01;35m[Kwarning: [m[Kunused variable ‘[01m[Kimu[m[K’ [[01;35m[K-Wunused-variable[m[K]
   52 |         const ImuData& [01;35m[Kimu[m[K = result.data.imu;
      |                        [01;35m[K^~~[m[K
[ 71%] [32mBuilding CXX object CMakeFiles/driver_node.dir/src/publisher.cpp.o[0m
[ 85%] [32mBuilding CXX object CMakeFiles/driver_node.dir/src/turn_on_robot.cpp.o[0m
[100%] [32m[1mLinking CXX executable driver_node[0m
[100%] Built target driver_node
-- Install configuration: "Release"
-- Installing: /home/sunrise/work/Robot-Driven/install/cpp_pkg/lib/cpp_pkg/driver_node
-- Set runtime path of "/home/sunrise/work/Robot-Driven/install/cpp_pkg/lib/cpp_pkg/driver_node" to "/usr/local/lib"
-- Installing: /home/sunrise/work/Robot-Driven/install/cpp_pkg/share/cpp_pkg/launch
-- Installing: /home/sunrise/work/Robot-Driven/install/cpp_pkg/share/cpp_pkg/launch/__pycache__
-- Installing: /home/sunrise/work/Robot-Driven/install/cpp_pkg/share/cpp_pkg/launch/__pycache__/turn_on_robot.launch.cpython-310.pyc
-- Installing: /home/sunrise/work/Robot-Driven/install/cpp_pkg/share/cpp_pkg/launch/turn_on_robot.launch.py
-- Installing: /home/sunrise/work/Robot-Driven/install/cpp_pkg/share/ament_index/resource_index/package_run_dependencies/cpp_pkg
-- Installing: /home/sunrise/work/Robot-Driven/install/cpp_pkg/share/ament_index/resource_index/parent_prefix_path/cpp_pkg
-- Installing: /home/sunrise/work/Robot-Driven/install/cpp_pkg/share/cpp_pkg/environment/ament_prefix_path.sh
-- Installing: /home/sunrise/work/Robot-Driven/install/cpp_pkg/share/cpp_pkg/environment/ament_prefix_path.dsv
-- Installing: /home/sunrise/work/Robot-Driven/install/cpp_pkg/share/cpp_pkg/environment/path.sh
-- Installing: /home/sunrise/work/Robot-Driven/install/cpp_pkg/share/cpp_pkg/environment/path.dsv
-- Installing: /home/sunrise/work/Robot-Driven/install/cpp_pkg/share/cpp_pkg/local_setup.bash
-- Installing: /home/sunrise/work/Robot-Driven/install/cpp_pkg/share/cpp_pkg/local_setup.sh
-- Installing: /home/sunrise/work/Robot-Driven/install/cpp_pkg/share/cpp_pkg/local_setup.zsh
-- Installing: /home/sunrise/work/Robot-Driven/install/cpp_pkg/share/cpp_pkg/local_setup.dsv
-- Installing: /home/sunrise/work/Robot-Driven/install/cpp_pkg/share/cpp_pkg/package.dsv
-- Installing: /home/sunrise/work/Robot-Driven/install/cpp_pkg/share/ament_index/resource_index/packages/cpp_pkg
-- Installing: /home/sunrise/work/Robot-Driven/install/cpp_pkg/share/cpp_pkg/cmake/cpp_pkgConfig.cmake
-- Installing: /home/sunrise/work/Robot-Driven/install/cpp_pkg/share/cpp_pkg/cmake/cpp_pkgConfig-version.cmake
-- Installing: /home/sunrise/work/Robot-Driven/install/cpp_pkg/share/cpp_pkg/package.xml
