[0.046s] Invoking command in '/home/sunrise/work/Robot-Driven/build/cpp_pkg': CMAKE_PREFIX_PATH=/opt/tros/humble:/opt/ros/humble /usr/bin/cmake /home/sunrise/work/Robot-Driven/src/cpp_pkg -DCMAKE_BUILD_TYPE=Release -DCMAKE_INSTALL_PREFIX=/home/sunrise/work/Robot-Driven/install/cpp_pkg
[0.560s] -- The C compiler identification is GNU 11.2.0
[1.037s] -- The CXX compiler identification is GNU 11.2.0
[1.094s] -- Detecting C compiler ABI info
[1.488s] -- Detecting C compiler ABI info - done
[1.566s] -- Check for working C compiler: /usr/bin/cc - skipped
[1.568s] -- Detecting C compile features
[1.571s] -- Detecting C compile features - done
[1.593s] -- Detecting CXX compiler ABI info
[2.038s] -- Detecting CXX compiler ABI info - done
[2.118s] -- Check for working CXX compiler: /usr/bin/c++ - skipped
[2.119s] -- Detecting CXX compile features
[2.121s] -- Detecting CXX compile features - done
[2.137s] -- Found ament_cmake: 1.3.12 (/opt/ros/humble/share/ament_cmake/cmake)
[4.357s] -- Found Python3: /usr/bin/python3 (found version "3.10.12") found components: Interpreter 
[4.980s] -- Found rclcpp: 16.0.14 (/opt/ros/humble/share/rclcpp/cmake)
[5.203s] -- Found rosidl_generator_c: 3.1.7 (/opt/ros/humble/share/rosidl_generator_c/cmake)
[5.231s] -- Found rosidl_adapter: 3.1.7 (/opt/ros/humble/share/rosidl_adapter/cmake)
[5.280s] -- Found rosidl_generator_cpp: 3.1.7 (/opt/ros/humble/share/rosidl_generator_cpp/cmake)
[5.358s] -- Using all available rosidl_typesupport_c: rosidl_typesupport_fastrtps_c;rosidl_typesupport_introspection_c
[5.457s] -- Using all available rosidl_typesupport_cpp: rosidl_typesupport_fastrtps_cpp;rosidl_typesupport_introspection_cpp
[5.718s] -- Found rmw_implementation_cmake: 6.1.2 (/opt/ros/humble/share/rmw_implementation_cmake/cmake)
[5.732s] -- Found rmw_fastrtps_cpp: 6.2.8 (/opt/ros/humble/share/rmw_fastrtps_cpp/cmake)
[6.176s] -- Found OpenSSL: /usr/lib/aarch64-linux-gnu/libcrypto.so (found version "3.0.2")  
[6.300s] -- Found FastRTPS: /opt/ros/humble/include  
[6.473s] -- Using RMW implementation 'rmw_fastrtps_cpp' as default
[6.519s] -- Looking for pthread.h
[6.927s] -- Looking for pthread.h - found
[6.928s] -- Performing Test CMAKE_HAVE_LIBC_PTHREAD
[7.338s] -- Performing Test CMAKE_HAVE_LIBC_PTHREAD - Success
[7.344s] -- Found Threads: TRUE  
[7.763s] -- Found geometry_msgs: 4.9.0 (/opt/ros/humble/share/geometry_msgs/cmake)
[7.860s] -- Found ament_lint_auto: 0.12.14 (/opt/ros/humble/share/ament_lint_auto/cmake)
[8.341s] -- Added test 'cppcheck' to perform static code analysis on C / C++ code
[8.342s] -- Configured cppcheck include dirs: $<BUILD_INTERFACE:/home/sunrise/work/Robot-Driven/src/cpp_pkg/include>
[8.342s] -- Configured cppcheck exclude dirs and/or files: 
[8.346s] -- Added test 'flake8' to check Python code syntax and style conventions
[8.349s] -- Added test 'lint_cmake' to check CMake code style
[8.353s] -- Added test 'pep257' to check Python code against some of the docstring style conventions in PEP 257
[8.360s] -- Added test 'uncrustify' to check C / C++ code style
[8.361s] -- Configured uncrustify additional arguments: 
[8.364s] -- Added test 'xmllint' to check XML markup files
[8.371s] -- Configuring done
[8.426s] -- Generating done
[8.446s] -- Build files have been written to: /home/sunrise/work/Robot-Driven/build/cpp_pkg
[8.503s] Invoked command in '/home/sunrise/work/Robot-Driven/build/cpp_pkg' returned '0': CMAKE_PREFIX_PATH=/opt/tros/humble:/opt/ros/humble /usr/bin/cmake /home/sunrise/work/Robot-Driven/src/cpp_pkg -DCMAKE_BUILD_TYPE=Release -DCMAKE_INSTALL_PREFIX=/home/sunrise/work/Robot-Driven/install/cpp_pkg
[8.515s] Invoking command in '/home/sunrise/work/Robot-Driven/build/cpp_pkg': CMAKE_PREFIX_PATH=/opt/tros/humble:/opt/ros/humble /usr/bin/cmake --build /home/sunrise/work/Robot-Driven/build/cpp_pkg
[8.753s] [ 14%] [32mBuilding CXX object CMakeFiles/driver_node.dir/src/IDeviceThread.cpp.o[0m
[26.257s] [ 28%] [32mBuilding CXX object CMakeFiles/driver_node.dir/src/SerialPortImpl.cpp.o[0m
[39.861s] [01m[K/home/sunrise/work/Robot-Driven/src/cpp_pkg/src/SerialPortImpl.cpp:[m[K In member function ‘[01m[Kvoid SerialPortImpl::parse_frame(std::string&)[m[K’:
[39.862s] [01m[K/home/sunrise/work/Robot-Driven/src/cpp_pkg/src/SerialPortImpl.cpp:295:30:[m[K [01;35m[Kwarning: [m[Kcomparison of integer expressions of different signedness: ‘[01m[Ksize_t[m[K’ {aka ‘[01m[Klong unsigned int[m[K’} and ‘[01m[Kint[m[K’ [[01;35m[K-Wsign-compare[m[K]
[39.862s]   295 |         for (size_t i = 2; [01;35m[Ki < 2 + len[m[K; ++i)
[39.863s]       |                            [01;35m[K~~^~~~~~~~~[m[K
[51.203s] [ 42%] [32mBuilding CXX object CMakeFiles/driver_node.dir/src/main.cpp.o[0m
[68.455s] [01m[K/home/sunrise/work/Robot-Driven/src/cpp_pkg/src/main.cpp:11:20:[m[K [01;35m[Kwarning: [m[K‘[01m[Kstd::string bytes_to_hex(const string&)[m[K’ defined but not used [[01;35m[K-Wunused-function[m[K]
[68.456s]    11 | static std::string [01;35m[Kbytes_to_hex[m[K(const std::string& data)
[68.457s]       |                    [01;35m[K^~~~~~~~~~~~[m[K
[70.521s] [ 57%] [32mBuilding CXX object CMakeFiles/driver_node.dir/src/parse_imu_data.cpp.o[0m
[83.857s] [01m[K/home/sunrise/work/Robot-Driven/src/cpp_pkg/src/parse_imu_data.cpp:[m[K In member function ‘[01m[Kvirtual DataResult ParseImuData::parse_frame(const string&)[m[K’:
[83.858s] [01m[K/home/sunrise/work/Robot-Driven/src/cpp_pkg/src/parse_imu_data.cpp:12:22:[m[K [01;35m[Kwarning: [m[Kcomparison of integer expressions of different signedness: ‘[01m[Kint[m[K’ and ‘[01m[Kstd::__cxx11::basic_string<char>::size_type[m[K’ {aka ‘[01m[Klong unsigned int[m[K’} [[01;35m[K-Wsign-compare[m[K]
[83.858s]    12 |         [01;35m[K(3 + length) > frame.size()[m[K) {
[83.859s]       |         [01;35m[K~~~~~~~~~~~~~^~~~~~~~~~~~~~[m[K
[83.861s] [01m[K/home/sunrise/work/Robot-Driven/src/cpp_pkg/src/parse_imu_data.cpp:[m[K In member function ‘[01m[Kvirtual void ParseImuData::process_data(const DataResult&, std::shared_ptr<Publisher>)[m[K’:
[83.862s] [01m[K/home/sunrise/work/Robot-Driven/src/cpp_pkg/src/parse_imu_data.cpp:52:24:[m[K [01;35m[Kwarning: [m[Kunused variable ‘[01m[Kimu[m[K’ [[01;35m[K-Wunused-variable[m[K]
[83.862s]    52 |         const ImuData& [01;35m[Kimu[m[K = result.data.imu;
[83.863s]       |                        [01;35m[K^~~[m[K
[86.764s] [ 71%] [32mBuilding CXX object CMakeFiles/driver_node.dir/src/publisher.cpp.o[0m
[115.453s] [ 85%] [32mBuilding CXX object CMakeFiles/driver_node.dir/src/turn_on_robot.cpp.o[0m
[199.162s] [100%] [32m[1mLinking CXX executable driver_node[0m
[200.652s] [100%] Built target driver_node
[200.721s] Invoked command in '/home/sunrise/work/Robot-Driven/build/cpp_pkg' returned '0': CMAKE_PREFIX_PATH=/opt/tros/humble:/opt/ros/humble /usr/bin/cmake --build /home/sunrise/work/Robot-Driven/build/cpp_pkg
[200.782s] Invoking command in '/home/sunrise/work/Robot-Driven/build/cpp_pkg': CMAKE_PREFIX_PATH=/opt/tros/humble:/opt/ros/humble /usr/bin/cmake --install /home/sunrise/work/Robot-Driven/build/cpp_pkg
[200.815s] -- Install configuration: "Release"
[200.815s] -- Installing: /home/sunrise/work/Robot-Driven/install/cpp_pkg/lib/cpp_pkg/driver_node
[200.825s] -- Set runtime path of "/home/sunrise/work/Robot-Driven/install/cpp_pkg/lib/cpp_pkg/driver_node" to "/usr/local/lib"
[200.825s] -- Installing: /home/sunrise/work/Robot-Driven/install/cpp_pkg/share/cpp_pkg/launch
[200.826s] -- Installing: /home/sunrise/work/Robot-Driven/install/cpp_pkg/share/cpp_pkg/launch/__pycache__
[200.827s] -- Installing: /home/sunrise/work/Robot-Driven/install/cpp_pkg/share/cpp_pkg/launch/__pycache__/turn_on_robot.launch.cpython-310.pyc
[200.828s] -- Installing: /home/sunrise/work/Robot-Driven/install/cpp_pkg/share/cpp_pkg/launch/turn_on_robot.launch.py
[200.829s] -- Installing: /home/sunrise/work/Robot-Driven/install/cpp_pkg/share/ament_index/resource_index/package_run_dependencies/cpp_pkg
[200.830s] -- Installing: /home/sunrise/work/Robot-Driven/install/cpp_pkg/share/ament_index/resource_index/parent_prefix_path/cpp_pkg
[200.831s] -- Installing: /home/sunrise/work/Robot-Driven/install/cpp_pkg/share/cpp_pkg/environment/ament_prefix_path.sh
[200.831s] -- Installing: /home/sunrise/work/Robot-Driven/install/cpp_pkg/share/cpp_pkg/environment/ament_prefix_path.dsv
[200.832s] -- Installing: /home/sunrise/work/Robot-Driven/install/cpp_pkg/share/cpp_pkg/environment/path.sh
[200.832s] -- Installing: /home/sunrise/work/Robot-Driven/install/cpp_pkg/share/cpp_pkg/environment/path.dsv
[200.833s] -- Installing: /home/sunrise/work/Robot-Driven/install/cpp_pkg/share/cpp_pkg/local_setup.bash
[200.834s] -- Installing: /home/sunrise/work/Robot-Driven/install/cpp_pkg/share/cpp_pkg/local_setup.sh
[200.834s] -- Installing: /home/sunrise/work/Robot-Driven/install/cpp_pkg/share/cpp_pkg/local_setup.zsh
[200.835s] -- Installing: /home/sunrise/work/Robot-Driven/install/cpp_pkg/share/cpp_pkg/local_setup.dsv
[200.835s] -- Installing: /home/sunrise/work/Robot-Driven/install/cpp_pkg/share/cpp_pkg/package.dsv
[200.836s] -- Installing: /home/sunrise/work/Robot-Driven/install/cpp_pkg/share/ament_index/resource_index/packages/cpp_pkg
[200.837s] -- Installing: /home/sunrise/work/Robot-Driven/install/cpp_pkg/share/cpp_pkg/cmake/cpp_pkgConfig.cmake
[200.837s] -- Installing: /home/sunrise/work/Robot-Driven/install/cpp_pkg/share/cpp_pkg/cmake/cpp_pkgConfig-version.cmake
[200.838s] -- Installing: /home/sunrise/work/Robot-Driven/install/cpp_pkg/share/cpp_pkg/package.xml
[200.850s] Invoked command in '/home/sunrise/work/Robot-Driven/build/cpp_pkg' returned '0': CMAKE_PREFIX_PATH=/opt/tros/humble:/opt/ros/humble /usr/bin/cmake --install /home/sunrise/work/Robot-Driven/build/cpp_pkg
