[0.059s] Invoking command in '/home/sunrise/work/Robot-Driven/build/cpp_pkg': CMAKE_PREFIX_PATH=/opt/tros/humble:/opt/ros/humble /usr/bin/cmake --build /home/sunrise/work/Robot-Driven/build/cpp_pkg -- -j8 -l8
[0.465s] [35m[1mConsolidate compiler generated dependencies of target driver_node[0m
[0.668s] [ 16%] [32mBuilding CXX object CMakeFiles/driver_node.dir/src/main.cpp.o[0m
[19.362s] [ 33%] [32m[1mLinking CXX executable driver_node[0m
[24.748s] [100%] Built target driver_node
[24.815s] Invoked command in '/home/sunrise/work/Robot-Driven/build/cpp_pkg' returned '0': CMAKE_PREFIX_PATH=/opt/tros/humble:/opt/ros/humble /usr/bin/cmake --build /home/sunrise/work/Robot-Driven/build/cpp_pkg -- -j8 -l8
[24.885s] Invoking command in '/home/sunrise/work/Robot-Driven/build/cpp_pkg': CMAKE_PREFIX_PATH=/opt/tros/humble:/opt/ros/humble /usr/bin/cmake --install /home/sunrise/work/Robot-Driven/build/cpp_pkg
[24.924s] -- Install configuration: ""
[24.931s] -- Installing: /home/sunrise/work/Robot-Driven/install/cpp_pkg/lib/cpp_pkg/driver_node
[24.981s] -- Set runtime path of "/home/sunrise/work/Robot-Driven/install/cpp_pkg/lib/cpp_pkg/driver_node" to "/usr/local/lib"
[24.982s] -- Up-to-date: /home/sunrise/work/Robot-Driven/install/cpp_pkg/share/cpp_pkg/launch
[24.983s] -- Up-to-date: /home/sunrise/work/Robot-Driven/install/cpp_pkg/share/cpp_pkg/launch/__pycache__
[24.984s] -- Up-to-date: /home/sunrise/work/Robot-Driven/install/cpp_pkg/share/cpp_pkg/launch/__pycache__/turn_on_robot.launch.cpython-310.pyc
[24.984s] -- Up-to-date: /home/sunrise/work/Robot-Driven/install/cpp_pkg/share/cpp_pkg/launch/turn_on_robot.launch.py
[24.984s] -- Up-to-date: /home/sunrise/work/Robot-Driven/install/cpp_pkg/share/ament_index/resource_index/package_run_dependencies/cpp_pkg
[24.985s] -- Up-to-date: /home/sunrise/work/Robot-Driven/install/cpp_pkg/share/ament_index/resource_index/parent_prefix_path/cpp_pkg
[24.986s] -- Up-to-date: /home/sunrise/work/Robot-Driven/install/cpp_pkg/share/cpp_pkg/environment/ament_prefix_path.sh
[24.986s] -- Up-to-date: /home/sunrise/work/Robot-Driven/install/cpp_pkg/share/cpp_pkg/environment/ament_prefix_path.dsv
[24.987s] -- Up-to-date: /home/sunrise/work/Robot-Driven/install/cpp_pkg/share/cpp_pkg/environment/path.sh
[24.987s] -- Up-to-date: /home/sunrise/work/Robot-Driven/install/cpp_pkg/share/cpp_pkg/environment/path.dsv
[24.987s] -- Up-to-date: /home/sunrise/work/Robot-Driven/install/cpp_pkg/share/cpp_pkg/local_setup.bash
[24.988s] -- Up-to-date: /home/sunrise/work/Robot-Driven/install/cpp_pkg/share/cpp_pkg/local_setup.sh
[24.988s] -- Up-to-date: /home/sunrise/work/Robot-Driven/install/cpp_pkg/share/cpp_pkg/local_setup.zsh
[24.989s] -- Up-to-date: /home/sunrise/work/Robot-Driven/install/cpp_pkg/share/cpp_pkg/local_setup.dsv
[24.989s] -- Installing: /home/sunrise/work/Robot-Driven/install/cpp_pkg/share/cpp_pkg/package.dsv
[24.990s] -- Up-to-date: /home/sunrise/work/Robot-Driven/install/cpp_pkg/share/ament_index/resource_index/packages/cpp_pkg
[24.990s] -- Up-to-date: /home/sunrise/work/Robot-Driven/install/cpp_pkg/share/cpp_pkg/cmake/cpp_pkgConfig.cmake
[24.990s] -- Up-to-date: /home/sunrise/work/Robot-Driven/install/cpp_pkg/share/cpp_pkg/cmake/cpp_pkgConfig-version.cmake
[24.991s] -- Up-to-date: /home/sunrise/work/Robot-Driven/install/cpp_pkg/share/cpp_pkg/package.xml
[24.996s] Invoked command in '/home/sunrise/work/Robot-Driven/build/cpp_pkg' returned '0': CMAKE_PREFIX_PATH=/opt/tros/humble:/opt/ros/humble /usr/bin/cmake --install /home/sunrise/work/Robot-Driven/build/cpp_pkg
